----------------------------------------
Timestamp: 30/04/2016 06:38:55 م

Category: TayaIT.Enterprise.EMadbatah.BLL.MabatahCreatorFacade.CreateMadbatahBody(98,/test/98/body.docx)  - Priority: -1 - Title:The process cannot access the file 'C:\test\98\body.docx' because it is being used by another process.

Message: <SOURCE>mscorlib</SOURCE><STACKTRACE>   at System.IO.__Error.WinIOError(Int32 errorCode, String maybeFullPath)
   at System.IO.FileStream.Init(String path, FileMode mode, FileAccess access, Int32 rights, Boolean useRights, FileShare share, Int32 bufferSize, FileOptions options, SECURITY_ATTRIBUTES secAttrs, String msgPath, Boolean bFromProxy, Boolean useLongPath, Boolean checkHost)
   at System.IO.FileStream..ctor(String path, FileMode mode, FileAccess access, FileShare share, Int32 bufferSize, FileOptions options, String msgPath, Boolean bFromProxy)
   at System.IO.FileStream..ctor(String path, FileMode mode, FileAccess access, FileShare share, Int32 bufferSize, Boolean useAsync)
   at MS.Internal.IO.Zip.ZipArchive.OpenOnFile(String path, FileMode mode, FileAccess access, FileShare share, Boolean streaming)
   at System.IO.Packaging.ZipPackage..ctor(String path, FileMode mode, FileAccess access, FileShare share, Boolean streaming)
   at System.IO.Packaging.Package.Open(String path, FileMode packageMode, FileAccess packageAccess, FileShare packageShare, Boolean streaming)
   at System.IO.Packaging.Package.Open(String path, FileMode packageMode, FileAccess packageAccess, FileShare packageShare)
   at DocumentFormat.OpenXml.Packaging.OpenXmlPackage.CreateCore(String path)
   at DocumentFormat.OpenXml.Packaging.WordprocessingDocument.Create(String path, WordprocessingDocumentType type, Boolean autoSave)
   at DocumentFormat.OpenXml.Packaging.WordprocessingDocument.Create(String path, WordprocessingDocumentType type)
   at TayaIT.Enterprise.EMadbatah.OpenXml.Word.WordprocessingWorker..ctor(String docPath, DocXmlParts docXmlParts, DocFileOperation fileOperation) in E:\KNA-Emabdatah\KNA-Emadbatah\TayaIT.Enterprise.EMadbatah.OpenXml.Word\WordprocessingWorker.cs:line 72
   at TayaIT.Enterprise.EMadbatah.BLL.MabatahCreatorFacade.CreateMadbatahBody(Int64 sessionID, String outFilePath, String ServerMapPath, SessionDetails details, List`1& index, List`1& speakersIndex) in E:\28_4\TayaIT.Enterprise.EMadbatah.BLL\MabatahCreatorFacade.cs:line 435</STACKTRACE>


----------------------------------------
----------------------------------------
Timestamp: 30/04/2016 06:39:09 م

Category: TayaIT.Enterprise.EMadbatah.BLL.MabatahCreatorFacade.CreateMadbatah(98,/test/98/)  - Priority: -1 - Title:Madbatah Body Creation Failed.

Message: <SOURCE>TayaIT.Enterprise.EMadbatah.BLL</SOURCE><STACKTRACE>   at TayaIT.Enterprise.EMadbatah.BLL.MabatahCreatorFacade.CreateMadbatah(Int64 sessionID, String SessionWorkingDir, String ServerMapPath) in E:\28_4\TayaIT.Enterprise.EMadbatah.BLL\MabatahCreatorFacade.cs:line 72</STACKTRACE>


----------------------------------------
----------------------------------------
Timestamp: 30/04/2016 06:41:16 م

Category: TayaIT.Enterprise.EMadbatah.BLL.MabatahCreatorFacade.CreateMadbatahBody(98,/test/98/body.docx)  - Priority: -1 - Title:The process cannot access the file 'C:\test\98\body.docx' because it is being used by another process.

Message: <SOURCE>mscorlib</SOURCE><STACKTRACE>   at System.IO.__Error.WinIOError(Int32 errorCode, String maybeFullPath)
   at System.IO.FileStream.Init(String path, FileMode mode, FileAccess access, Int32 rights, Boolean useRights, FileShare share, Int32 bufferSize, FileOptions options, SECURITY_ATTRIBUTES secAttrs, String msgPath, Boolean bFromProxy, Boolean useLongPath, Boolean checkHost)
   at System.IO.FileStream..ctor(String path, FileMode mode, FileAccess access, FileShare share, Int32 bufferSize, FileOptions options, String msgPath, Boolean bFromProxy)
   at System.IO.FileStream..ctor(String path, FileMode mode, FileAccess access, FileShare share, Int32 bufferSize, Boolean useAsync)
   at MS.Internal.IO.Zip.ZipArchive.OpenOnFile(String path, FileMode mode, FileAccess access, FileShare share, Boolean streaming)
   at System.IO.Packaging.ZipPackage..ctor(String path, FileMode mode, FileAccess access, FileShare share, Boolean streaming)
   at System.IO.Packaging.Package.Open(String path, FileMode packageMode, FileAccess packageAccess, FileShare packageShare, Boolean streaming)
   at System.IO.Packaging.Package.Open(String path, FileMode packageMode, FileAccess packageAccess, FileShare packageShare)
   at DocumentFormat.OpenXml.Packaging.OpenXmlPackage.CreateCore(String path)
   at DocumentFormat.OpenXml.Packaging.WordprocessingDocument.Create(String path, WordprocessingDocumentType type, Boolean autoSave)
   at DocumentFormat.OpenXml.Packaging.WordprocessingDocument.Create(String path, WordprocessingDocumentType type)
   at TayaIT.Enterprise.EMadbatah.OpenXml.Word.WordprocessingWorker..ctor(String docPath, DocXmlParts docXmlParts, DocFileOperation fileOperation) in E:\KNA-Emabdatah\KNA-Emadbatah\TayaIT.Enterprise.EMadbatah.OpenXml.Word\WordprocessingWorker.cs:line 72
   at TayaIT.Enterprise.EMadbatah.BLL.MabatahCreatorFacade.CreateMadbatahBody(Int64 sessionID, String outFilePath, String ServerMapPath, SessionDetails details, List`1& index, List`1& speakersIndex) in E:\28_4\TayaIT.Enterprise.EMadbatah.BLL\MabatahCreatorFacade.cs:line 435</STACKTRACE>


----------------------------------------
----------------------------------------
Timestamp: 30/04/2016 06:41:34 م

Category: TayaIT.Enterprise.EMadbatah.BLL.MabatahCreatorFacade.CreateMadbatah(98,/test/98/)  - Priority: -1 - Title:Madbatah Body Creation Failed.

Message: <SOURCE>TayaIT.Enterprise.EMadbatah.BLL</SOURCE><STACKTRACE>   at TayaIT.Enterprise.EMadbatah.BLL.MabatahCreatorFacade.CreateMadbatah(Int64 sessionID, String SessionWorkingDir, String ServerMapPath) in E:\28_4\TayaIT.Enterprise.EMadbatah.BLL\MabatahCreatorFacade.cs:line 72</STACKTRACE>


----------------------------------------
----------------------------------------
Timestamp: 30/04/2016 06:42:27 م

Category: TayaIT.Enterprise.EMadbatah.BLL.MabatahCreatorFacade.CreateMadbatahBody(98,/test/98/body.docx)  - Priority: -1 - Title:The process cannot access the file 'C:\test\98\body.docx' because it is being used by another process.

Message: <SOURCE>mscorlib</SOURCE><STACKTRACE>   at System.IO.__Error.WinIOError(Int32 errorCode, String maybeFullPath)
   at System.IO.FileStream.Init(String path, FileMode mode, FileAccess access, Int32 rights, Boolean useRights, FileShare share, Int32 bufferSize, FileOptions options, SECURITY_ATTRIBUTES secAttrs, String msgPath, Boolean bFromProxy, Boolean useLongPath, Boolean checkHost)
   at System.IO.FileStream..ctor(String path, FileMode mode, FileAccess access, FileShare share, Int32 bufferSize, FileOptions options, String msgPath, Boolean bFromProxy)
   at System.IO.FileStream..ctor(String path, FileMode mode, FileAccess access, FileShare share, Int32 bufferSize, Boolean useAsync)
   at MS.Internal.IO.Zip.ZipArchive.OpenOnFile(String path, FileMode mode, FileAccess access, FileShare share, Boolean streaming)
   at System.IO.Packaging.ZipPackage..ctor(String path, FileMode mode, FileAccess access, FileShare share, Boolean streaming)
   at System.IO.Packaging.Package.Open(String path, FileMode packageMode, FileAccess packageAccess, FileShare packageShare, Boolean streaming)
   at System.IO.Packaging.Package.Open(String path, FileMode packageMode, FileAccess packageAccess, FileShare packageShare)
   at DocumentFormat.OpenXml.Packaging.OpenXmlPackage.CreateCore(String path)
   at DocumentFormat.OpenXml.Packaging.WordprocessingDocument.Create(String path, WordprocessingDocumentType type, Boolean autoSave)
   at DocumentFormat.OpenXml.Packaging.WordprocessingDocument.Create(String path, WordprocessingDocumentType type)
   at TayaIT.Enterprise.EMadbatah.OpenXml.Word.WordprocessingWorker..ctor(String docPath, DocXmlParts docXmlParts, DocFileOperation fileOperation) in E:\KNA-Emabdatah\KNA-Emadbatah\TayaIT.Enterprise.EMadbatah.OpenXml.Word\WordprocessingWorker.cs:line 72
   at TayaIT.Enterprise.EMadbatah.BLL.MabatahCreatorFacade.CreateMadbatahBody(Int64 sessionID, String outFilePath, String ServerMapPath, SessionDetails details, List`1& index, List`1& speakersIndex) in E:\28_4\TayaIT.Enterprise.EMadbatah.BLL\MabatahCreatorFacade.cs:line 435</STACKTRACE>


----------------------------------------
----------------------------------------
Timestamp: 30/04/2016 06:42:28 م

Category: TayaIT.Enterprise.EMadbatah.BLL.MabatahCreatorFacade.CreateMadbatah(98,/test/98/)  - Priority: -1 - Title:Madbatah Body Creation Failed.

Message: <SOURCE>TayaIT.Enterprise.EMadbatah.BLL</SOURCE><STACKTRACE>   at TayaIT.Enterprise.EMadbatah.BLL.MabatahCreatorFacade.CreateMadbatah(Int64 sessionID, String SessionWorkingDir, String ServerMapPath) in E:\28_4\TayaIT.Enterprise.EMadbatah.BLL\MabatahCreatorFacade.cs:line 72</STACKTRACE>


----------------------------------------
