----------------------------------------
Timestamp: 9/29/2016 9:49:13 AM

Category: approve session  - Priority: -1 - Title:b4 send mail

Message: b4 send mail

----------------------------------------
----------------------------------------
Timestamp: 9/29/2016 9:49:14 AM

Category: approve session  - Priority: -1 - Title:after send mail

Message: after send mail

----------------------------------------
----------------------------------------
Timestamp: 9/29/2016 9:49:14 AM

Category: approve session  - Priority: -1 - Title:thread1

Message: thread1

----------------------------------------
----------------------------------------
Timestamp: 9/29/2016 9:49:14 AM

Category: approve session  - Priority: -1 - Title:start thread

Message: start thread

----------------------------------------
----------------------------------------
Timestamp: 9/29/2016 9:53:42 AM

Category: TayaIT.Enterprise.EMadbatah.Util.Web.MailUtility.SendMail()  - Priority: -1 - Title:The SMTP server requires a secure connection or the client was not authenticated. The server response was: 5.5.1 Authentication Required. Learn more at

Message: <SOURCE>System</SOURCE><STACKTRACE>   at System.Net.Mail.MailCommand.CheckResponse(SmtpStatusCode statusCode, String response)
   at System.Net.Mail.MailCommand.Send(SmtpConnection conn, Byte[] command, String from)
   at System.Net.Mail.SmtpTransport.SendMail(MailAddress sender, MailAddressCollection recipients, String deliveryNotify, SmtpFailedRecipientException& exception)
   at System.Net.Mail.SmtpClient.Send(MailMessage message)
   at TayaIT.Enterprise.EMadbatah.Util.Web.MailUtility.SendMail(Email email) in E:\KNA-Emabdatah\KNA-Emadbatah\TayaIT.Enterprise.EMadbatah.Util.Web\MailUtility.cs:line 53</STACKTRACE>


----------------------------------------
