----------------------------------------
Timestamp: 4/5/2016 12:05:57 PM

Category: TayaIT.Enterprise.EMadbatah.DAL.SessionHelper.GetSessionChecker(123)  - Priority: -1 - Title:Nullable object must have a value.

Message: <SOURCE>mscorlib</SOURCE><STACKTRACE>   at System.ThrowHelper.ThrowInvalidOperationException(ExceptionResource resource)
   at System.Nullable`1.get_Value()
   at TayaIT.Enterprise.EMadbatah.DAL.SessionHelper.GetSessionChecker(Int64 sessionID) in E:\Madbatah_\eMadbatah\trunk\TayaIT.Enterprise.EMadbatah.DAL\SessionHelper.cs:line 715</STACKTRACE>


----------------------------------------
----------------------------------------
Timestamp: 4/5/2016 12:06:04 PM

Category: TayaIT.Enterprise.EMadbatah.DAL.SessionHelper.GetSessionChecker(123)  - Priority: -1 - Title:Nullable object must have a value.

Message: <SOURCE>mscorlib</SOURCE><STACKTRACE>   at System.ThrowHelper.ThrowInvalidOperationException(ExceptionResource resource)
   at System.Nullable`1.get_Value()
   at TayaIT.Enterprise.EMadbatah.DAL.SessionHelper.GetSessionChecker(Int64 sessionID) in E:\Madbatah_\eMadbatah\trunk\TayaIT.Enterprise.EMadbatah.DAL\SessionHelper.cs:line 715</STACKTRACE>


----------------------------------------
----------------------------------------
Timestamp: 4/5/2016 12:06:04 PM

Category: TayaIT.Enterprise.EMadbatah.DAL.SessionHelper.GetSessionChecker(123)  - Priority: -1 - Title:Nullable object must have a value.

Message: <SOURCE>mscorlib</SOURCE><STACKTRACE>   at System.ThrowHelper.ThrowInvalidOperationException(ExceptionResource resource)
   at System.Nullable`1.get_Value()
   at TayaIT.Enterprise.EMadbatah.DAL.SessionHelper.GetSessionChecker(Int64 sessionID) in E:\Madbatah_\eMadbatah\trunk\TayaIT.Enterprise.EMadbatah.DAL\SessionHelper.cs:line 715</STACKTRACE>


----------------------------------------
