----------------------------------------
Timestamp: 4/7/2016 3:53:02 PM

Category: TayaIT.Enterprise.EMadbatah.DAL.SessionHelper.AddNewSession(Session)(0)  - Priority: -1 - Title:An error occurred while updating the entries. See the inner exception for details.

Message: <SOURCE>System.Data.Entity</SOURCE><STACKTRACE>   at System.Data.Mapping.Update.Internal.UpdateTranslator.Update(IEntityStateManager stateManager, IEntityAdapter adapter)
   at System.Data.EntityClient.EntityAdapter.Update(IEntityStateManager entityCache)
   at System.Data.Objects.ObjectContext.SaveChanges(SaveOptions options)
   at System.Data.Objects.ObjectContext.SaveChanges()
   at TayaIT.Enterprise.EMadbatah.DAL.SessionHelper.AddNewSession(Session session, String customAgendaItemName) in E:\Madbatah_\eMadbatah\trunk\TayaIT.Enterprise.EMadbatah.DAL\SessionHelper.cs:line 72</STACKTRACE>
<INNEREXCEPTION><INNERMESSAGE>The INSERT statement conflicted with the FOREIGN KEY constraint "FK_Session_SessionStatus". The conflict occurred in database "EMadbatah2", table "dbo.SessionStatus", column 'ID'.
The statement has been terminated.</INNERMESSAGE><SOURCE>.Net SqlClient Data Provider</SOURCE><STACKTRACE>   at System.Data.SqlClient.SqlConnection.OnError(SqlException exception, Boolean breakConnection)
   at System.Data.SqlClient.SqlInternalConnection.OnError(SqlException exception, Boolean breakConnection)
   at System.Data.SqlClient.TdsParser.ThrowExceptionAndWarning()
   at System.Data.SqlClient.TdsParser.Run(RunBehavior runBehavior, SqlCommand cmdHandler, SqlDataReader dataStream, BulkCopySimpleResultSet bulkCopyHandler, TdsParserStateObject stateObj)
   at System.Data.SqlClient.SqlDataReader.ConsumeMetaData()
   at System.Data.SqlClient.SqlDataReader.get_MetaData()
   at System.Data.SqlClient.SqlCommand.FinishExecuteReader(SqlDataReader ds, RunBehavior runBehavior, String resetOptionsString)
   at System.Data.SqlClient.SqlCommand.RunExecuteReaderTds(CommandBehavior cmdBehavior, RunBehavior runBehavior, Boolean returnStream, Boolean async)
   at System.Data.SqlClient.SqlCommand.RunExecuteReader(CommandBehavior cmdBehavior, RunBehavior runBehavior, Boolean returnStream, String method, DbAsyncResult result)
   at System.Data.SqlClient.SqlCommand.RunExecuteReader(CommandBehavior cmdBehavior, RunBehavior runBehavior, Boolean returnStream, String method)
   at System.Data.SqlClient.SqlCommand.ExecuteReader(CommandBehavior behavior, String method)
   at System.Data.SqlClient.SqlCommand.ExecuteDbDataReader(CommandBehavior behavior)
   at System.Data.Common.DbCommand.ExecuteReader(CommandBehavior behavior)
   at System.Data.Mapping.Update.Internal.DynamicUpdateCommand.Execute(UpdateTranslator translator, EntityConnection connection, Dictionary`2 identifierValues, List`1 generatedValues)
   at System.Data.Mapping.Update.Internal.UpdateTranslator.Update(IEntityStateManager stateManager, IEntityAdapter adapter)</STACKTRACE></INNEREXCEPTION>


----------------------------------------
----------------------------------------
Timestamp: 4/7/2016 3:54:39 PM

Category: TayaIT.Enterprise.EMadbatah.DAL.SessionHelper.AddNewSession(Session)(0)  - Priority: -1 - Title:An error occurred while updating the entries. See the inner exception for details.

Message: <SOURCE>System.Data.Entity</SOURCE><STACKTRACE>   at System.Data.Mapping.Update.Internal.UpdateTranslator.Update(IEntityStateManager stateManager, IEntityAdapter adapter)
   at System.Data.EntityClient.EntityAdapter.Update(IEntityStateManager entityCache)
   at System.Data.Objects.ObjectContext.SaveChanges(SaveOptions options)
   at System.Data.Objects.ObjectContext.SaveChanges()
   at TayaIT.Enterprise.EMadbatah.DAL.SessionHelper.AddNewSession(Session session, String customAgendaItemName) in E:\Madbatah_\eMadbatah\trunk\TayaIT.Enterprise.EMadbatah.DAL\SessionHelper.cs:line 72</STACKTRACE>
<INNEREXCEPTION><INNERMESSAGE>The INSERT statement conflicted with the FOREIGN KEY constraint "FK_Session_SessionStatus". The conflict occurred in database "EMadbatah2", table "dbo.SessionStatus", column 'ID'.
The statement has been terminated.</INNERMESSAGE><SOURCE>.Net SqlClient Data Provider</SOURCE><STACKTRACE>   at System.Data.SqlClient.SqlConnection.OnError(SqlException exception, Boolean breakConnection)
   at System.Data.SqlClient.SqlInternalConnection.OnError(SqlException exception, Boolean breakConnection)
   at System.Data.SqlClient.TdsParser.ThrowExceptionAndWarning()
   at System.Data.SqlClient.TdsParser.Run(RunBehavior runBehavior, SqlCommand cmdHandler, SqlDataReader dataStream, BulkCopySimpleResultSet bulkCopyHandler, TdsParserStateObject stateObj)
   at System.Data.SqlClient.SqlDataReader.ConsumeMetaData()
   at System.Data.SqlClient.SqlDataReader.get_MetaData()
   at System.Data.SqlClient.SqlCommand.FinishExecuteReader(SqlDataReader ds, RunBehavior runBehavior, String resetOptionsString)
   at System.Data.SqlClient.SqlCommand.RunExecuteReaderTds(CommandBehavior cmdBehavior, RunBehavior runBehavior, Boolean returnStream, Boolean async)
   at System.Data.SqlClient.SqlCommand.RunExecuteReader(CommandBehavior cmdBehavior, RunBehavior runBehavior, Boolean returnStream, String method, DbAsyncResult result)
   at System.Data.SqlClient.SqlCommand.RunExecuteReader(CommandBehavior cmdBehavior, RunBehavior runBehavior, Boolean returnStream, String method)
   at System.Data.SqlClient.SqlCommand.ExecuteReader(CommandBehavior behavior, String method)
   at System.Data.SqlClient.SqlCommand.ExecuteDbDataReader(CommandBehavior behavior)
   at System.Data.Common.DbCommand.ExecuteReader(CommandBehavior behavior)
   at System.Data.Mapping.Update.Internal.DynamicUpdateCommand.Execute(UpdateTranslator translator, EntityConnection connection, Dictionary`2 identifierValues, List`1 generatedValues)
   at System.Data.Mapping.Update.Internal.UpdateTranslator.Update(IEntityStateManager stateManager, IEntityAdapter adapter)</STACKTRACE></INNEREXCEPTION>


----------------------------------------
