----------------------------------------
Timestamp: 10/30/2016 11:27:39 AM

Category: TayaIT.Enterprise.EMadbatah.BLL.MabatahCreatorFacade.CreateMadbatahBody(254,/test/254/bodyDoc.docx)  - Priority: -1 - Title:'w' is an undeclared prefix. Line 1, position 2.

Message: <SOURCE>System.Xml</SOURCE><STACKTRACE>   at System.Xml.XmlTextReaderImpl.Throw(Exception e)
   at System.Xml.XmlTextReaderImpl.Throw(String res, String arg, Int32 lineNo, Int32 linePos)
   at System.Xml.XmlTextReaderImpl.LookupNamespace(NodeData node)
   at System.Xml.XmlTextReaderImpl.ElementNamespaceLookup()
   at System.Xml.XmlTextReaderImpl.ParseElement()
   at System.Xml.XmlTextReaderImpl.ParseDocumentContent()
   at System.Xml.XmlTextReaderImpl.Read()
   at DocumentFormat.OpenXml.OpenXmlElement.ValidOuterXml(String outerXml, String namespaceURI, String localName)
   at DocumentFormat.OpenXml.OpenXmlElement..ctor(String outerXml)
   at DocumentFormat.OpenXml.OpenXmlCompositeElement..ctor(String outerXml)
   at DocumentFormat.OpenXml.Wordprocessing.Run..ctor(String outerXml)
   at TayaIT.Enterprise.EMadbatah.OpenXml.Word.WordprocessingWorker.AddParagraph(String paragraphText, ParagraphStyle paragraphType, ParagrapJustification textDirection, Boolean appendFootNote, String footNoteText) in E:\KNA-Emabdatah\KNA-Emadbatah\TayaIT.Enterprise.EMadbatah.OpenXml.Word\WordprocessingWorker.cs:line 695
   at TayaIT.Enterprise.EMadbatah.BLL.MabatahCreatorFacade.CreateMadbatahBody(Int64 sessionID, String outFilePath, String SessionWorkingDir, String ServerMapPath, SessionDetails details, List`1& index, List`1& speakersIndex) in E:\KNA-Emabdatah\KNA-Emadbatah\TayaIT.Enterprise.EMadbatah.BLL\MabatahCreatorFacade.cs:line 233</STACKTRACE>


----------------------------------------
----------------------------------------
Timestamp: 10/30/2016 11:27:41 AM

Category: TayaIT.Enterprise.EMadbatah.BLL.MabatahCreatorFacade.CreateMadbatah(254,/test/254/)  - Priority: -1 - Title:Madbatah Body Creation Failed.

Message: <SOURCE>TayaIT.Enterprise.EMadbatah.BLL</SOURCE><STACKTRACE>   at TayaIT.Enterprise.EMadbatah.BLL.MabatahCreatorFacade.CreateMadbatah(Int64 sessionID, String SessionWorkingDir, String ServerMapPath) in E:\KNA-Emabdatah\KNA-Emadbatah\TayaIT.Enterprise.EMadbatah.BLL\MabatahCreatorFacade.cs:line 43</STACKTRACE>


----------------------------------------
----------------------------------------
Timestamp: 10/30/2016 11:31:32 AM

Category: TayaIT.Enterprise.EMadbatah.BLL.MabatahCreatorFacade.CreateMadbatahBody(254,/test/254/bodyDoc.docx)  - Priority: -1 - Title:'w' is an undeclared prefix. Line 1, position 2.

Message: <SOURCE>System.Xml</SOURCE><STACKTRACE>   at System.Xml.XmlTextReaderImpl.Throw(Exception e)
   at System.Xml.XmlTextReaderImpl.Throw(String res, String arg, Int32 lineNo, Int32 linePos)
   at System.Xml.XmlTextReaderImpl.LookupNamespace(NodeData node)
   at System.Xml.XmlTextReaderImpl.ElementNamespaceLookup()
   at System.Xml.XmlTextReaderImpl.ParseElement()
   at System.Xml.XmlTextReaderImpl.ParseDocumentContent()
   at System.Xml.XmlTextReaderImpl.Read()
   at DocumentFormat.OpenXml.OpenXmlElement.ValidOuterXml(String outerXml, String namespaceURI, String localName)
   at DocumentFormat.OpenXml.OpenXmlElement..ctor(String outerXml)
   at DocumentFormat.OpenXml.OpenXmlCompositeElement..ctor(String outerXml)
   at DocumentFormat.OpenXml.Wordprocessing.Run..ctor(String outerXml)
   at TayaIT.Enterprise.EMadbatah.OpenXml.Word.WordprocessingWorker.AddParagraph(String paragraphText, ParagraphStyle paragraphType, ParagrapJustification textDirection, Boolean appendFootNote, String footNoteText) in E:\KNA-Emabdatah\KNA-Emadbatah\TayaIT.Enterprise.EMadbatah.OpenXml.Word\WordprocessingWorker.cs:line 695
   at TayaIT.Enterprise.EMadbatah.BLL.MabatahCreatorFacade.CreateMadbatahBody(Int64 sessionID, String outFilePath, String SessionWorkingDir, String ServerMapPath, SessionDetails details, List`1& index, List`1& speakersIndex) in E:\KNA-Emabdatah\KNA-Emadbatah\TayaIT.Enterprise.EMadbatah.BLL\MabatahCreatorFacade.cs:line 233</STACKTRACE>


----------------------------------------
----------------------------------------
Timestamp: 10/30/2016 11:31:33 AM

Category: TayaIT.Enterprise.EMadbatah.BLL.MabatahCreatorFacade.CreateMadbatah(254,/test/254/)  - Priority: -1 - Title:Madbatah Body Creation Failed.

Message: <SOURCE>TayaIT.Enterprise.EMadbatah.BLL</SOURCE><STACKTRACE>   at TayaIT.Enterprise.EMadbatah.BLL.MabatahCreatorFacade.CreateMadbatah(Int64 sessionID, String SessionWorkingDir, String ServerMapPath) in E:\KNA-Emabdatah\KNA-Emadbatah\TayaIT.Enterprise.EMadbatah.BLL\MabatahCreatorFacade.cs:line 43</STACKTRACE>


----------------------------------------
----------------------------------------
Timestamp: 10/30/2016 3:13:44 PM

Category: TayaIT.Enterprise.EMadbatah.BLL.MabatahCreatorFacade.CreateMadbatahBody(254,/test/254/bodyDoc.docx)  - Priority: -1 - Title:Cannot insert the OpenXmlElement "newChild" because it is part of a tree. 

Message: <SOURCE>DocumentFormat.OpenXml</SOURCE><STACKTRACE>   at DocumentFormat.OpenXml.OpenXmlCompositeElement.AppendChild[T](T newChild)
   at DocumentFormat.OpenXml.OpenXmlElement.Append(OpenXmlElement[] newChildren)
   at TayaIT.Enterprise.EMadbatah.OpenXml.Word.WordprocessingWorker.AddParagraph(String paragraphText, ParagraphStyle paragraphType, ParagrapJustification textDirection, Boolean appendFootNote, String footNoteText) in E:\KNA-Emabdatah\KNA-Emadbatah\TayaIT.Enterprise.EMadbatah.OpenXml.Word\WordprocessingWorker.cs:line 753
   at TayaIT.Enterprise.EMadbatah.BLL.MabatahCreatorFacade.WriteParagraphInWord(SessionContentItem sessionItem, String contentItemAsText, WordprocessingWorker doc) in E:\KNA-Emabdatah\KNA-Emadbatah\TayaIT.Enterprise.EMadbatah.BLL\MabatahCreatorFacade.cs:line 446
   at TayaIT.Enterprise.EMadbatah.BLL.MabatahCreatorFacade.CreateMadbatahBody(Int64 sessionID, String outFilePath, String SessionWorkingDir, String ServerMapPath, SessionDetails details, List`1& index, List`1& speakersIndex) in E:\KNA-Emabdatah\KNA-Emadbatah\TayaIT.Enterprise.EMadbatah.BLL\MabatahCreatorFacade.cs:line 305</STACKTRACE>


----------------------------------------
----------------------------------------
Timestamp: 10/30/2016 3:13:48 PM

Category: TayaIT.Enterprise.EMadbatah.BLL.MabatahCreatorFacade.CreateMadbatah(254,/test/254/)  - Priority: -1 - Title:Madbatah Body Creation Failed.

Message: <SOURCE>TayaIT.Enterprise.EMadbatah.BLL</SOURCE><STACKTRACE>   at TayaIT.Enterprise.EMadbatah.BLL.MabatahCreatorFacade.CreateMadbatah(Int64 sessionID, String SessionWorkingDir, String ServerMapPath) in E:\KNA-Emabdatah\KNA-Emadbatah\TayaIT.Enterprise.EMadbatah.BLL\MabatahCreatorFacade.cs:line 43</STACKTRACE>


----------------------------------------
