----------------------------------------
Timestamp: 9/4/2016 1:40:44 PM

Category: TayaIT.Enterprise.EMadbatah.BLL.MabatahCreatorFacade.CreateMadbatahBody(159,/test/159/bodyDoc.docx)  - Priority: -1 - Title:Object reference not set to an instance of an object.

Message: <SOURCE>TayaIT.Enterprise.EMadbatah.BLL</SOURCE><STACKTRACE>   at TayaIT.Enterprise.EMadbatah.BLL.MabatahCreatorFacade.CreateMadbatahBody(Int64 sessionID, String outFilePath, String SessionWorkingDir, String ServerMapPath, SessionDetails details, List`1& index, List`1& speakersIndex) in E:\KNA-Emabdatah\KNA-Emadbatah\TayaIT.Enterprise.EMadbatah.BLL\MabatahCreatorFacade.cs:line 277</STACKTRACE>


----------------------------------------
----------------------------------------
Timestamp: 9/4/2016 1:40:46 PM

Category: TayaIT.Enterprise.EMadbatah.BLL.MabatahCreatorFacade.CreateMadbatah(159,/test/159/)  - Priority: -1 - Title:Madbatah Body Creation Failed.

Message: <SOURCE>TayaIT.Enterprise.EMadbatah.BLL</SOURCE><STACKTRACE>   at TayaIT.Enterprise.EMadbatah.BLL.MabatahCreatorFacade.CreateMadbatah(Int64 sessionID, String SessionWorkingDir, String ServerMapPath) in E:\KNA-Emabdatah\KNA-Emadbatah\TayaIT.Enterprise.EMadbatah.BLL\MabatahCreatorFacade.cs:line 43</STACKTRACE>


----------------------------------------
----------------------------------------
Timestamp: 9/4/2016 1:42:09 PM

Category: TayaIT.Enterprise.EMadbatah.BLL.MabatahCreatorFacade.CreateMadbatahBody(159,/test/159/bodyDoc.docx)  - Priority: -1 - Title:Object reference not set to an instance of an object.

Message: <SOURCE>TayaIT.Enterprise.EMadbatah.BLL</SOURCE><STACKTRACE>   at TayaIT.Enterprise.EMadbatah.BLL.MabatahCreatorFacade.CreateMadbatahBody(Int64 sessionID, String outFilePath, String SessionWorkingDir, String ServerMapPath, SessionDetails details, List`1& index, List`1& speakersIndex) in E:\KNA-Emabdatah\KNA-Emadbatah\TayaIT.Enterprise.EMadbatah.BLL\MabatahCreatorFacade.cs:line 277</STACKTRACE>


----------------------------------------
----------------------------------------
Timestamp: 9/4/2016 1:42:10 PM

Category: TayaIT.Enterprise.EMadbatah.BLL.MabatahCreatorFacade.CreateMadbatah(159,/test/159/)  - Priority: -1 - Title:Madbatah Body Creation Failed.

Message: <SOURCE>TayaIT.Enterprise.EMadbatah.BLL</SOURCE><STACKTRACE>   at TayaIT.Enterprise.EMadbatah.BLL.MabatahCreatorFacade.CreateMadbatah(Int64 sessionID, String SessionWorkingDir, String ServerMapPath) in E:\KNA-Emabdatah\KNA-Emadbatah\TayaIT.Enterprise.EMadbatah.BLL\MabatahCreatorFacade.cs:line 43</STACKTRACE>


----------------------------------------
----------------------------------------
Timestamp: 9/4/2016 1:46:47 PM

Category: TayaIT.Enterprise.EMadbatah.BLL.MabatahCreatorFacade.CreateMadbatahBody(159,/test/159/bodyDoc.docx)  - Priority: -1 - Title:Object reference not set to an instance of an object.

Message: <SOURCE>TayaIT.Enterprise.EMadbatah.BLL</SOURCE><STACKTRACE>   at TayaIT.Enterprise.EMadbatah.BLL.MabatahCreatorFacade.CreateMadbatahBody(Int64 sessionID, String outFilePath, String SessionWorkingDir, String ServerMapPath, SessionDetails details, List`1& index, List`1& speakersIndex) in E:\KNA-Emabdatah\KNA-Emadbatah\TayaIT.Enterprise.EMadbatah.BLL\MabatahCreatorFacade.cs:line 277</STACKTRACE>


----------------------------------------
----------------------------------------
Timestamp: 9/4/2016 1:46:48 PM

Category: TayaIT.Enterprise.EMadbatah.BLL.MabatahCreatorFacade.CreateMadbatah(159,/test/159/)  - Priority: -1 - Title:Madbatah Body Creation Failed.

Message: <SOURCE>TayaIT.Enterprise.EMadbatah.BLL</SOURCE><STACKTRACE>   at TayaIT.Enterprise.EMadbatah.BLL.MabatahCreatorFacade.CreateMadbatah(Int64 sessionID, String SessionWorkingDir, String ServerMapPath) in E:\KNA-Emabdatah\KNA-Emadbatah\TayaIT.Enterprise.EMadbatah.BLL\MabatahCreatorFacade.cs:line 43</STACKTRACE>


----------------------------------------
