----------------------------------------
Timestamp: 7/20/2016 2:40:40 PM

Category: TayaIT.Enterprise.EMadbatah.BLL.MabatahCreatorFacade.CreateMadbatahBody(159,/test/159/bodyDoc.docx)  - Priority: -1 - Title:Specified argument was out of the range of valid values.
Parameter name: i

Message: <SOURCE>System</SOURCE><STACKTRACE>   at System.Text.RegularExpressions.MatchCollection.get_Item(Int32 i)
   at TayaIT.Enterprise.EMadbatah.BLL.MabatahCreatorFacade.CreateMadbatahBody(Int64 sessionID, String outFilePath, String SessionWorkingDir, String ServerMapPath, SessionDetails details, List`1& index, List`1& speakersIndex) in E:\KNA-Emabdatah\KNA-Emadbatah\TayaIT.Enterprise.EMadbatah.BLL\MabatahCreatorFacade.cs:line 406</STACKTRACE>


----------------------------------------
----------------------------------------
Timestamp: 7/20/2016 2:40:41 PM

Category: TayaIT.Enterprise.EMadbatah.BLL.MabatahCreatorFacade.CreateMadbatah(159,/test/159/)  - Priority: -1 - Title:Madbatah Body Creation Failed.

Message: <SOURCE>TayaIT.Enterprise.EMadbatah.BLL</SOURCE><STACKTRACE>   at TayaIT.Enterprise.EMadbatah.BLL.MabatahCreatorFacade.CreateMadbatah(Int64 sessionID, String SessionWorkingDir, String ServerMapPath) in E:\KNA-Emabdatah\KNA-Emadbatah\TayaIT.Enterprise.EMadbatah.BLL\MabatahCreatorFacade.cs:line 43</STACKTRACE>


----------------------------------------
----------------------------------------
Timestamp: 7/20/2016 2:41:30 PM

Category: TayaIT.Enterprise.EMadbatah.BLL.MabatahCreatorFacade.CreateMadbatah(159,/test/159/)  - Priority: -1 - Title:The process cannot access the file 'C:\test\159\bodyDoc.docx' because it is being used by another process.

Message: <SOURCE>mscorlib</SOURCE><STACKTRACE>   at System.IO.__Error.WinIOError(Int32 errorCode, String maybeFullPath)
   at System.IO.FileStream.Init(String path, FileMode mode, FileAccess access, Int32 rights, Boolean useRights, FileShare share, Int32 bufferSize, FileOptions options, SECURITY_ATTRIBUTES secAttrs, String msgPath, Boolean bFromProxy, Boolean useLongPath)
   at System.IO.FileStream..ctor(String path, FileMode mode, FileAccess access, FileShare share, Int32 bufferSize, FileOptions options, String msgPath, Boolean bFromProxy)
   at System.IO.FileStream..ctor(String path, FileMode mode, FileAccess access, FileShare share, Int32 bufferSize, Boolean useAsync)
   at MS.Internal.IO.Zip.ZipArchive.OpenOnFile(String path, FileMode mode, FileAccess access, FileShare share, Boolean streaming)
   at System.IO.Packaging.ZipPackage..ctor(String path, FileMode mode, FileAccess access, FileShare share, Boolean streaming)
   at System.IO.Packaging.Package.Open(String path, FileMode packageMode, FileAccess packageAccess, FileShare packageShare, Boolean streaming)
   at System.IO.Packaging.Package.Open(String path, FileMode packageMode, FileAccess packageAccess)
   at TayaIT.Enterprise.EMadbatah.OpenXml.Word.HTMLtoDOCX.SaveDOCX(String fileName, String BodyText, Boolean IncludeHTML) in E:\KNA-Emabdatah\KNA-Emadbatah\TayaIT.Enterprise.EMadbatah.OpenXml.Word\HTMLtoDOCX.cs:line 44
   at TayaIT.Enterprise.EMadbatah.OpenXml.Word.HTMLtoDOCX.CreateFileFromHTML(String HTMLString, String DOCXSavePath) in E:\KNA-Emabdatah\KNA-Emadbatah\TayaIT.Enterprise.EMadbatah.OpenXml.Word\HTMLtoDOCX.cs:line 19
   at TayaIT.Enterprise.EMadbatah.BLL.MabatahCreatorFacade.CreateMadbatah(Int64 sessionID, String SessionWorkingDir, String ServerMapPath) in E:\KNA-Emabdatah\KNA-Emadbatah\TayaIT.Enterprise.EMadbatah.BLL\MabatahCreatorFacade.cs:line 37</STACKTRACE>


----------------------------------------
----------------------------------------
Timestamp: 7/20/2016 2:44:34 PM

Category: TayaIT.Enterprise.EMadbatah.BLL.MabatahCreatorFacade.CreateMadbatahBody(159,/test/159/bodyDoc.docx)  - Priority: -1 - Title:Specified argument was out of the range of valid values.
Parameter name: i

Message: <SOURCE>System</SOURCE><STACKTRACE>   at System.Text.RegularExpressions.MatchCollection.get_Item(Int32 i)
   at TayaIT.Enterprise.EMadbatah.BLL.MabatahCreatorFacade.CreateMadbatahBody(Int64 sessionID, String outFilePath, String SessionWorkingDir, String ServerMapPath, SessionDetails details, List`1& index, List`1& speakersIndex) in E:\KNA-Emabdatah\KNA-Emadbatah\TayaIT.Enterprise.EMadbatah.BLL\MabatahCreatorFacade.cs:line 406</STACKTRACE>


----------------------------------------
----------------------------------------
Timestamp: 7/20/2016 2:44:34 PM

Category: TayaIT.Enterprise.EMadbatah.BLL.MabatahCreatorFacade.CreateMadbatah(159,/test/159/)  - Priority: -1 - Title:Madbatah Body Creation Failed.

Message: <SOURCE>TayaIT.Enterprise.EMadbatah.BLL</SOURCE><STACKTRACE>   at TayaIT.Enterprise.EMadbatah.BLL.MabatahCreatorFacade.CreateMadbatah(Int64 sessionID, String SessionWorkingDir, String ServerMapPath) in E:\KNA-Emabdatah\KNA-Emadbatah\TayaIT.Enterprise.EMadbatah.BLL\MabatahCreatorFacade.cs:line 43</STACKTRACE>


----------------------------------------
----------------------------------------
Timestamp: 7/21/2016 11:36:59 AM

Category: TayaIT.Enterprise.EMadbatah.BLL.MabatahCreatorFacade.CreateMadbatahBody(159,/test/159/bodyDoc.docx)  - Priority: -1 - Title:Cannot access part because parent package was closed.

Message: <SOURCE>WindowsBase</SOURCE><STACKTRACE>   at System.IO.Packaging.PackagePart.ThrowIfParentContainerClosed()
   at System.IO.Packaging.PackagePart.GetStream(FileMode mode)
   at DocumentFormat.OpenXml.Packaging.OpenXmlPart.GetStream(FileMode mode)
   at DocumentFormat.OpenXml.OpenXmlPartRootElement.SaveToPart(OpenXmlPart openXmlPart)
   at DocumentFormat.OpenXml.OpenXmlPartRootElement.Save()
   at TayaIT.Enterprise.EMadbatah.OpenXml.Word.WordprocessingWorker.Save() in E:\KNA-Emabdatah\KNA-Emadbatah\TayaIT.Enterprise.EMadbatah.OpenXml.Word\WordprocessingWorker.cs:line 768
   at TayaIT.Enterprise.EMadbatah.OpenXml.Word.WordprocessingWorker.AddParagraph(String paragraphText, ParagraphStyle paragraphType, ParagrapJustification textDirection, Boolean appendFootNote, String footNoteText) in E:\KNA-Emabdatah\KNA-Emadbatah\TayaIT.Enterprise.EMadbatah.OpenXml.Word\WordprocessingWorker.cs:line 743
   at TayaIT.Enterprise.EMadbatah.BLL.MabatahCreatorFacade.CreateMadbatahBody(Int64 sessionID, String outFilePath, String SessionWorkingDir, String ServerMapPath, SessionDetails details, List`1& index, List`1& speakersIndex) in E:\KNA-Emabdatah\KNA-Emadbatah\TayaIT.Enterprise.EMadbatah.BLL\MabatahCreatorFacade.cs:line 278</STACKTRACE>


----------------------------------------
----------------------------------------
Timestamp: 7/21/2016 11:37:00 AM

Category: TayaIT.Enterprise.EMadbatah.BLL.MabatahCreatorFacade.CreateMadbatah(159,/test/159/)  - Priority: -1 - Title:Madbatah Body Creation Failed.

Message: <SOURCE>TayaIT.Enterprise.EMadbatah.BLL</SOURCE><STACKTRACE>   at TayaIT.Enterprise.EMadbatah.BLL.MabatahCreatorFacade.CreateMadbatah(Int64 sessionID, String SessionWorkingDir, String ServerMapPath) in E:\KNA-Emabdatah\KNA-Emadbatah\TayaIT.Enterprise.EMadbatah.BLL\MabatahCreatorFacade.cs:line 43</STACKTRACE>


----------------------------------------
----------------------------------------
Timestamp: 7/21/2016 12:04:42 PM

Category: TayaIT.Enterprise.EMadbatah.BLL.MabatahCreatorFacade.CreateMadbatahBody(159,/test/159/bodyDoc.docx)  - Priority: -1 - Title:Index was outside the bounds of the array.

Message: <SOURCE>TayaIT.Enterprise.EMadbatah.BLL</SOURCE><STACKTRACE>   at TayaIT.Enterprise.EMadbatah.BLL.MabatahCreatorFacade.GetParagraphsArr(String parag, String[]& p) in E:\KNA-Emabdatah\KNA-Emadbatah\TayaIT.Enterprise.EMadbatah.BLL\MabatahCreatorFacade.cs:line 478
   at TayaIT.Enterprise.EMadbatah.BLL.MabatahCreatorFacade.WriteParagraphInWord(String contentItemAsText, WordprocessingWorker doc) in E:\KNA-Emabdatah\KNA-Emadbatah\TayaIT.Enterprise.EMadbatah.BLL\MabatahCreatorFacade.cs:line 442
   at TayaIT.Enterprise.EMadbatah.BLL.MabatahCreatorFacade.CreateMadbatahBody(Int64 sessionID, String outFilePath, String SessionWorkingDir, String ServerMapPath, SessionDetails details, List`1& index, List`1& speakersIndex) in E:\KNA-Emabdatah\KNA-Emadbatah\TayaIT.Enterprise.EMadbatah.BLL\MabatahCreatorFacade.cs:line 351</STACKTRACE>


----------------------------------------
----------------------------------------
Timestamp: 7/21/2016 12:04:43 PM

Category: TayaIT.Enterprise.EMadbatah.BLL.MabatahCreatorFacade.CreateMadbatah(159,/test/159/)  - Priority: -1 - Title:Madbatah Body Creation Failed.

Message: <SOURCE>TayaIT.Enterprise.EMadbatah.BLL</SOURCE><STACKTRACE>   at TayaIT.Enterprise.EMadbatah.BLL.MabatahCreatorFacade.CreateMadbatah(Int64 sessionID, String SessionWorkingDir, String ServerMapPath) in E:\KNA-Emabdatah\KNA-Emadbatah\TayaIT.Enterprise.EMadbatah.BLL\MabatahCreatorFacade.cs:line 43</STACKTRACE>


----------------------------------------
----------------------------------------
Timestamp: 7/21/2016 12:04:54 PM

Category: TayaIT.Enterprise.EMadbatah.BLL.MabatahCreatorFacade.CreateMadbatah(159,/test/159/)  - Priority: -1 - Title:The process cannot access the file 'C:\test\159\bodyDoc.docx' because it is being used by another process.

Message: <SOURCE>mscorlib</SOURCE><STACKTRACE>   at System.IO.__Error.WinIOError(Int32 errorCode, String maybeFullPath)
   at System.IO.FileStream.Init(String path, FileMode mode, FileAccess access, Int32 rights, Boolean useRights, FileShare share, Int32 bufferSize, FileOptions options, SECURITY_ATTRIBUTES secAttrs, String msgPath, Boolean bFromProxy, Boolean useLongPath)
   at System.IO.FileStream..ctor(String path, FileMode mode, FileAccess access, FileShare share, Int32 bufferSize, FileOptions options, String msgPath, Boolean bFromProxy)
   at System.IO.FileStream..ctor(String path, FileMode mode, FileAccess access, FileShare share, Int32 bufferSize, Boolean useAsync)
   at MS.Internal.IO.Zip.ZipArchive.OpenOnFile(String path, FileMode mode, FileAccess access, FileShare share, Boolean streaming)
   at System.IO.Packaging.ZipPackage..ctor(String path, FileMode mode, FileAccess access, FileShare share, Boolean streaming)
   at System.IO.Packaging.Package.Open(String path, FileMode packageMode, FileAccess packageAccess, FileShare packageShare, Boolean streaming)
   at System.IO.Packaging.Package.Open(String path, FileMode packageMode, FileAccess packageAccess)
   at TayaIT.Enterprise.EMadbatah.OpenXml.Word.HTMLtoDOCX.SaveDOCX(String fileName, String BodyText, Boolean IncludeHTML) in E:\KNA-Emabdatah\KNA-Emadbatah\TayaIT.Enterprise.EMadbatah.OpenXml.Word\HTMLtoDOCX.cs:line 44
   at TayaIT.Enterprise.EMadbatah.OpenXml.Word.HTMLtoDOCX.CreateFileFromHTML(String HTMLString, String DOCXSavePath) in E:\KNA-Emabdatah\KNA-Emadbatah\TayaIT.Enterprise.EMadbatah.OpenXml.Word\HTMLtoDOCX.cs:line 19
   at TayaIT.Enterprise.EMadbatah.BLL.MabatahCreatorFacade.CreateMadbatah(Int64 sessionID, String SessionWorkingDir, String ServerMapPath) in E:\KNA-Emabdatah\KNA-Emadbatah\TayaIT.Enterprise.EMadbatah.BLL\MabatahCreatorFacade.cs:line 37</STACKTRACE>


----------------------------------------
----------------------------------------
Timestamp: 7/21/2016 12:05:05 PM

Category: TayaIT.Enterprise.EMadbatah.BLL.MabatahCreatorFacade.CreateMadbatah(159,/test/159/)  - Priority: -1 - Title:The process cannot access the file 'C:\test\159\bodyDoc.docx' because it is being used by another process.

Message: <SOURCE>mscorlib</SOURCE><STACKTRACE>   at System.IO.__Error.WinIOError(Int32 errorCode, String maybeFullPath)
   at System.IO.FileStream.Init(String path, FileMode mode, FileAccess access, Int32 rights, Boolean useRights, FileShare share, Int32 bufferSize, FileOptions options, SECURITY_ATTRIBUTES secAttrs, String msgPath, Boolean bFromProxy, Boolean useLongPath)
   at System.IO.FileStream..ctor(String path, FileMode mode, FileAccess access, FileShare share, Int32 bufferSize, FileOptions options, String msgPath, Boolean bFromProxy)
   at System.IO.FileStream..ctor(String path, FileMode mode, FileAccess access, FileShare share, Int32 bufferSize, Boolean useAsync)
   at MS.Internal.IO.Zip.ZipArchive.OpenOnFile(String path, FileMode mode, FileAccess access, FileShare share, Boolean streaming)
   at System.IO.Packaging.ZipPackage..ctor(String path, FileMode mode, FileAccess access, FileShare share, Boolean streaming)
   at System.IO.Packaging.Package.Open(String path, FileMode packageMode, FileAccess packageAccess, FileShare packageShare, Boolean streaming)
   at System.IO.Packaging.Package.Open(String path, FileMode packageMode, FileAccess packageAccess)
   at TayaIT.Enterprise.EMadbatah.OpenXml.Word.HTMLtoDOCX.SaveDOCX(String fileName, String BodyText, Boolean IncludeHTML) in E:\KNA-Emabdatah\KNA-Emadbatah\TayaIT.Enterprise.EMadbatah.OpenXml.Word\HTMLtoDOCX.cs:line 44
   at TayaIT.Enterprise.EMadbatah.OpenXml.Word.HTMLtoDOCX.CreateFileFromHTML(String HTMLString, String DOCXSavePath) in E:\KNA-Emabdatah\KNA-Emadbatah\TayaIT.Enterprise.EMadbatah.OpenXml.Word\HTMLtoDOCX.cs:line 19
   at TayaIT.Enterprise.EMadbatah.BLL.MabatahCreatorFacade.CreateMadbatah(Int64 sessionID, String SessionWorkingDir, String ServerMapPath) in E:\KNA-Emabdatah\KNA-Emadbatah\TayaIT.Enterprise.EMadbatah.BLL\MabatahCreatorFacade.cs:line 37</STACKTRACE>


----------------------------------------
----------------------------------------
Timestamp: 7/21/2016 12:06:50 PM

Category: TayaIT.Enterprise.EMadbatah.BLL.MabatahCreatorFacade.CreateMadbatah(159,/test/159/)  - Priority: -1 - Title:The process cannot access the file 'C:\test\159\bodyDoc.docx' because it is being used by another process.

Message: <SOURCE>mscorlib</SOURCE><STACKTRACE>   at System.IO.__Error.WinIOError(Int32 errorCode, String maybeFullPath)
   at System.IO.FileStream.Init(String path, FileMode mode, FileAccess access, Int32 rights, Boolean useRights, FileShare share, Int32 bufferSize, FileOptions options, SECURITY_ATTRIBUTES secAttrs, String msgPath, Boolean bFromProxy, Boolean useLongPath)
   at System.IO.FileStream..ctor(String path, FileMode mode, FileAccess access, FileShare share, Int32 bufferSize, FileOptions options, String msgPath, Boolean bFromProxy)
   at System.IO.FileStream..ctor(String path, FileMode mode, FileAccess access, FileShare share, Int32 bufferSize, Boolean useAsync)
   at MS.Internal.IO.Zip.ZipArchive.OpenOnFile(String path, FileMode mode, FileAccess access, FileShare share, Boolean streaming)
   at System.IO.Packaging.ZipPackage..ctor(String path, FileMode mode, FileAccess access, FileShare share, Boolean streaming)
   at System.IO.Packaging.Package.Open(String path, FileMode packageMode, FileAccess packageAccess, FileShare packageShare, Boolean streaming)
   at System.IO.Packaging.Package.Open(String path, FileMode packageMode, FileAccess packageAccess)
   at TayaIT.Enterprise.EMadbatah.OpenXml.Word.HTMLtoDOCX.SaveDOCX(String fileName, String BodyText, Boolean IncludeHTML) in E:\KNA-Emabdatah\KNA-Emadbatah\TayaIT.Enterprise.EMadbatah.OpenXml.Word\HTMLtoDOCX.cs:line 44
   at TayaIT.Enterprise.EMadbatah.OpenXml.Word.HTMLtoDOCX.CreateFileFromHTML(String HTMLString, String DOCXSavePath) in E:\KNA-Emabdatah\KNA-Emadbatah\TayaIT.Enterprise.EMadbatah.OpenXml.Word\HTMLtoDOCX.cs:line 19
   at TayaIT.Enterprise.EMadbatah.BLL.MabatahCreatorFacade.CreateMadbatah(Int64 sessionID, String SessionWorkingDir, String ServerMapPath) in E:\KNA-Emabdatah\KNA-Emadbatah\TayaIT.Enterprise.EMadbatah.BLL\MabatahCreatorFacade.cs:line 37</STACKTRACE>


----------------------------------------
----------------------------------------
Timestamp: 7/21/2016 12:07:58 PM

Category: TayaIT.Enterprise.EMadbatah.BLL.MabatahCreatorFacade.CreateMadbatah(159,/test/159/)  - Priority: -1 - Title:The process cannot access the file 'C:\test\159\bodyDoc.docx' because it is being used by another process.

Message: <SOURCE>mscorlib</SOURCE><STACKTRACE>   at System.IO.__Error.WinIOError(Int32 errorCode, String maybeFullPath)
   at System.IO.FileStream.Init(String path, FileMode mode, FileAccess access, Int32 rights, Boolean useRights, FileShare share, Int32 bufferSize, FileOptions options, SECURITY_ATTRIBUTES secAttrs, String msgPath, Boolean bFromProxy, Boolean useLongPath)
   at System.IO.FileStream..ctor(String path, FileMode mode, FileAccess access, FileShare share, Int32 bufferSize, FileOptions options, String msgPath, Boolean bFromProxy)
   at System.IO.FileStream..ctor(String path, FileMode mode, FileAccess access, FileShare share, Int32 bufferSize, Boolean useAsync)
   at MS.Internal.IO.Zip.ZipArchive.OpenOnFile(String path, FileMode mode, FileAccess access, FileShare share, Boolean streaming)
   at System.IO.Packaging.ZipPackage..ctor(String path, FileMode mode, FileAccess access, FileShare share, Boolean streaming)
   at System.IO.Packaging.Package.Open(String path, FileMode packageMode, FileAccess packageAccess, FileShare packageShare, Boolean streaming)
   at System.IO.Packaging.Package.Open(String path, FileMode packageMode, FileAccess packageAccess)
   at TayaIT.Enterprise.EMadbatah.OpenXml.Word.HTMLtoDOCX.SaveDOCX(String fileName, String BodyText, Boolean IncludeHTML) in E:\KNA-Emabdatah\KNA-Emadbatah\TayaIT.Enterprise.EMadbatah.OpenXml.Word\HTMLtoDOCX.cs:line 44
   at TayaIT.Enterprise.EMadbatah.OpenXml.Word.HTMLtoDOCX.CreateFileFromHTML(String HTMLString, String DOCXSavePath) in E:\KNA-Emabdatah\KNA-Emadbatah\TayaIT.Enterprise.EMadbatah.OpenXml.Word\HTMLtoDOCX.cs:line 19
   at TayaIT.Enterprise.EMadbatah.BLL.MabatahCreatorFacade.CreateMadbatah(Int64 sessionID, String SessionWorkingDir, String ServerMapPath) in E:\KNA-Emabdatah\KNA-Emadbatah\TayaIT.Enterprise.EMadbatah.BLL\MabatahCreatorFacade.cs:line 37</STACKTRACE>


----------------------------------------
----------------------------------------
Timestamp: 7/21/2016 12:10:54 PM

Category: TayaIT.Enterprise.EMadbatah.BLL.MabatahCreatorFacade.CreateMadbatahBody(159,/test/159/bodyDoc.docx)  - Priority: -1 - Title:Index was outside the bounds of the array.

Message: <SOURCE>TayaIT.Enterprise.EMadbatah.BLL</SOURCE><STACKTRACE>   at TayaIT.Enterprise.EMadbatah.BLL.MabatahCreatorFacade.GetParagraphsArr(String parag, String[]& p) in E:\KNA-Emabdatah\KNA-Emadbatah\TayaIT.Enterprise.EMadbatah.BLL\MabatahCreatorFacade.cs:line 478
   at TayaIT.Enterprise.EMadbatah.BLL.MabatahCreatorFacade.WriteParagraphInWord(String contentItemAsText, WordprocessingWorker doc) in E:\KNA-Emabdatah\KNA-Emadbatah\TayaIT.Enterprise.EMadbatah.BLL\MabatahCreatorFacade.cs:line 442
   at TayaIT.Enterprise.EMadbatah.BLL.MabatahCreatorFacade.CreateMadbatahBody(Int64 sessionID, String outFilePath, String SessionWorkingDir, String ServerMapPath, SessionDetails details, List`1& index, List`1& speakersIndex) in E:\KNA-Emabdatah\KNA-Emadbatah\TayaIT.Enterprise.EMadbatah.BLL\MabatahCreatorFacade.cs:line 351</STACKTRACE>


----------------------------------------
----------------------------------------
Timestamp: 7/21/2016 12:10:55 PM

Category: TayaIT.Enterprise.EMadbatah.BLL.MabatahCreatorFacade.CreateMadbatah(159,/test/159/)  - Priority: -1 - Title:Madbatah Body Creation Failed.

Message: <SOURCE>TayaIT.Enterprise.EMadbatah.BLL</SOURCE><STACKTRACE>   at TayaIT.Enterprise.EMadbatah.BLL.MabatahCreatorFacade.CreateMadbatah(Int64 sessionID, String SessionWorkingDir, String ServerMapPath) in E:\KNA-Emabdatah\KNA-Emadbatah\TayaIT.Enterprise.EMadbatah.BLL\MabatahCreatorFacade.cs:line 43</STACKTRACE>


----------------------------------------
