----------------------------------------
Timestamp: 10/31/2016 11:40:47 AM

Category: TayaIT.Enterprise.EMadbatah.BLL.MabatahCreatorFacade.CreateMadbatahBody(254,/test/254/bodyDoc.docx)  - Priority: -1 - Title:Cannot insert the OpenXmlElement "newChild" because it is part of a tree. 

Message: <SOURCE>DocumentFormat.OpenXml</SOURCE><STACKTRACE>   at DocumentFormat.OpenXml.OpenXmlCompositeElement.AppendChild[T](T newChild)
   at DocumentFormat.OpenXml.OpenXmlElement.Append(OpenXmlElement[] newChildren)
   at TayaIT.Enterprise.EMadbatah.OpenXml.Word.WordprocessingWorker.InitializeDocumentStyles() in E:\KNA-Emabdatah\KNA-Emadbatah\TayaIT.Enterprise.EMadbatah.OpenXml.Word\WordprocessingWorker.cs:line 1176
   at TayaIT.Enterprise.EMadbatah.OpenXml.Word.WordprocessingWorker..ctor(String docPath, DocXmlParts docXmlParts, DocFileOperation fileOperation, Boolean loadStyles) in E:\KNA-Emabdatah\KNA-Emadbatah\TayaIT.Enterprise.EMadbatah.OpenXml.Word\WordprocessingWorker.cs:line 117
   at TayaIT.Enterprise.EMadbatah.BLL.MabatahCreatorFacade.CreateMadbatahBody(Int64 sessionID, String outFilePath, String SessionWorkingDir, String ServerMapPath, SessionDetails details, List`1& index, List`1& speakersIndex) in E:\KNA-Emabdatah\KNA-Emadbatah\TayaIT.Enterprise.EMadbatah.BLL\MabatahCreatorFacade.cs:line 172</STACKTRACE>


----------------------------------------
----------------------------------------
Timestamp: 10/31/2016 11:40:49 AM

Category: TayaIT.Enterprise.EMadbatah.BLL.MabatahCreatorFacade.CreateMadbatah(254,/test/254/)  - Priority: -1 - Title:Madbatah Body Creation Failed.

Message: <SOURCE>TayaIT.Enterprise.EMadbatah.BLL</SOURCE><STACKTRACE>   at TayaIT.Enterprise.EMadbatah.BLL.MabatahCreatorFacade.CreateMadbatah(Int64 sessionID, String SessionWorkingDir, String ServerMapPath) in E:\KNA-Emabdatah\KNA-Emadbatah\TayaIT.Enterprise.EMadbatah.BLL\MabatahCreatorFacade.cs:line 43</STACKTRACE>


----------------------------------------
----------------------------------------
Timestamp: 10/31/2016 11:41:53 AM

Category: TayaIT.Enterprise.EMadbatah.BLL.MabatahCreatorFacade.CreateMadbatahBody(254,/test/254/bodyDoc.docx)  - Priority: -1 - Title:Cannot insert the OpenXmlElement "newChild" because it is part of a tree. 

Message: <SOURCE>DocumentFormat.OpenXml</SOURCE><STACKTRACE>   at DocumentFormat.OpenXml.OpenXmlCompositeElement.AppendChild[T](T newChild)
   at DocumentFormat.OpenXml.OpenXmlElement.Append(OpenXmlElement[] newChildren)
   at TayaIT.Enterprise.EMadbatah.OpenXml.Word.WordprocessingWorker.InitializeDocumentStyles() in E:\KNA-Emabdatah\KNA-Emadbatah\TayaIT.Enterprise.EMadbatah.OpenXml.Word\WordprocessingWorker.cs:line 1176
   at TayaIT.Enterprise.EMadbatah.OpenXml.Word.WordprocessingWorker..ctor(String docPath, DocXmlParts docXmlParts, DocFileOperation fileOperation, Boolean loadStyles) in E:\KNA-Emabdatah\KNA-Emadbatah\TayaIT.Enterprise.EMadbatah.OpenXml.Word\WordprocessingWorker.cs:line 117
   at TayaIT.Enterprise.EMadbatah.BLL.MabatahCreatorFacade.CreateMadbatahBody(Int64 sessionID, String outFilePath, String SessionWorkingDir, String ServerMapPath, SessionDetails details, List`1& index, List`1& speakersIndex) in E:\KNA-Emabdatah\KNA-Emadbatah\TayaIT.Enterprise.EMadbatah.BLL\MabatahCreatorFacade.cs:line 172</STACKTRACE>


----------------------------------------
----------------------------------------
Timestamp: 10/31/2016 11:41:53 AM

Category: TayaIT.Enterprise.EMadbatah.BLL.MabatahCreatorFacade.CreateMadbatah(254,/test/254/)  - Priority: -1 - Title:Madbatah Body Creation Failed.

Message: <SOURCE>TayaIT.Enterprise.EMadbatah.BLL</SOURCE><STACKTRACE>   at TayaIT.Enterprise.EMadbatah.BLL.MabatahCreatorFacade.CreateMadbatah(Int64 sessionID, String SessionWorkingDir, String ServerMapPath) in E:\KNA-Emabdatah\KNA-Emadbatah\TayaIT.Enterprise.EMadbatah.BLL\MabatahCreatorFacade.cs:line 43</STACKTRACE>


----------------------------------------
----------------------------------------
Timestamp: 10/31/2016 11:41:55 AM

Category: TayaIT.Enterprise.EMadbatah.BLL.MabatahCreatorFacade.CreateMadbatah(254,/test/254/)  - Priority: -1 - Title:The process cannot access the file 'C:\test\254\bodyDoc.docx' because it is being used by another process.

Message: <SOURCE>mscorlib</SOURCE><STACKTRACE>   at System.IO.__Error.WinIOError(Int32 errorCode, String maybeFullPath)
   at System.IO.FileStream.Init(String path, FileMode mode, FileAccess access, Int32 rights, Boolean useRights, FileShare share, Int32 bufferSize, FileOptions options, SECURITY_ATTRIBUTES secAttrs, String msgPath, Boolean bFromProxy, Boolean useLongPath)
   at System.IO.FileStream..ctor(String path, FileMode mode, FileAccess access, FileShare share, Int32 bufferSize, FileOptions options, String msgPath, Boolean bFromProxy)
   at System.IO.FileStream..ctor(String path, FileMode mode, FileAccess access, FileShare share, Int32 bufferSize, Boolean useAsync)
   at MS.Internal.IO.Zip.ZipArchive.OpenOnFile(String path, FileMode mode, FileAccess access, FileShare share, Boolean streaming)
   at System.IO.Packaging.ZipPackage..ctor(String path, FileMode mode, FileAccess access, FileShare share, Boolean streaming)
   at System.IO.Packaging.Package.Open(String path, FileMode packageMode, FileAccess packageAccess, FileShare packageShare, Boolean streaming)
   at System.IO.Packaging.Package.Open(String path, FileMode packageMode, FileAccess packageAccess)
   at TayaIT.Enterprise.EMadbatah.OpenXml.Word.HTMLtoDOCX.SaveDOCX(String fileName, String BodyText, Boolean IncludeHTML) in E:\KNA-Emabdatah\KNA-Emadbatah\TayaIT.Enterprise.EMadbatah.OpenXml.Word\HTMLtoDOCX.cs:line 44
   at TayaIT.Enterprise.EMadbatah.OpenXml.Word.HTMLtoDOCX.CreateFileFromHTML(String HTMLString, String DOCXSavePath) in E:\KNA-Emabdatah\KNA-Emadbatah\TayaIT.Enterprise.EMadbatah.OpenXml.Word\HTMLtoDOCX.cs:line 19
   at TayaIT.Enterprise.EMadbatah.BLL.MabatahCreatorFacade.CreateMadbatah(Int64 sessionID, String SessionWorkingDir, String ServerMapPath) in E:\KNA-Emabdatah\KNA-Emadbatah\TayaIT.Enterprise.EMadbatah.BLL\MabatahCreatorFacade.cs:line 37</STACKTRACE>


----------------------------------------
----------------------------------------
Timestamp: 10/31/2016 11:42:08 AM

Category: TayaIT.Enterprise.EMadbatah.BLL.MabatahCreatorFacade.CreateMadbatahBody(254,/test/254/bodyDoc.docx)  - Priority: -1 - Title:Cannot insert the OpenXmlElement "newChild" because it is part of a tree. 

Message: <SOURCE>DocumentFormat.OpenXml</SOURCE><STACKTRACE>   at DocumentFormat.OpenXml.OpenXmlCompositeElement.AppendChild[T](T newChild)
   at DocumentFormat.OpenXml.OpenXmlElement.Append(OpenXmlElement[] newChildren)
   at TayaIT.Enterprise.EMadbatah.OpenXml.Word.WordprocessingWorker.InitializeDocumentStyles() in E:\KNA-Emabdatah\KNA-Emadbatah\TayaIT.Enterprise.EMadbatah.OpenXml.Word\WordprocessingWorker.cs:line 1176
   at TayaIT.Enterprise.EMadbatah.OpenXml.Word.WordprocessingWorker..ctor(String docPath, DocXmlParts docXmlParts, DocFileOperation fileOperation, Boolean loadStyles) in E:\KNA-Emabdatah\KNA-Emadbatah\TayaIT.Enterprise.EMadbatah.OpenXml.Word\WordprocessingWorker.cs:line 117
   at TayaIT.Enterprise.EMadbatah.BLL.MabatahCreatorFacade.CreateMadbatahBody(Int64 sessionID, String outFilePath, String SessionWorkingDir, String ServerMapPath, SessionDetails details, List`1& index, List`1& speakersIndex) in E:\KNA-Emabdatah\KNA-Emadbatah\TayaIT.Enterprise.EMadbatah.BLL\MabatahCreatorFacade.cs:line 172</STACKTRACE>


----------------------------------------
----------------------------------------
Timestamp: 10/31/2016 11:42:08 AM

Category: TayaIT.Enterprise.EMadbatah.BLL.MabatahCreatorFacade.CreateMadbatah(254,/test/254/)  - Priority: -1 - Title:Madbatah Body Creation Failed.

Message: <SOURCE>TayaIT.Enterprise.EMadbatah.BLL</SOURCE><STACKTRACE>   at TayaIT.Enterprise.EMadbatah.BLL.MabatahCreatorFacade.CreateMadbatah(Int64 sessionID, String SessionWorkingDir, String ServerMapPath) in E:\KNA-Emabdatah\KNA-Emadbatah\TayaIT.Enterprise.EMadbatah.BLL\MabatahCreatorFacade.cs:line 43</STACKTRACE>


----------------------------------------
----------------------------------------
Timestamp: 10/31/2016 11:43:05 AM

Category: TayaIT.Enterprise.EMadbatah.BLL.MabatahCreatorFacade.CreateMadbatahBody(254,/test/254/bodyDoc.docx)  - Priority: -1 - Title:Cannot insert the OpenXmlElement "newChild" because it is part of a tree. 

Message: <SOURCE>DocumentFormat.OpenXml</SOURCE><STACKTRACE>   at DocumentFormat.OpenXml.OpenXmlCompositeElement.AppendChild[T](T newChild)
   at DocumentFormat.OpenXml.OpenXmlElement.Append(OpenXmlElement[] newChildren)
   at TayaIT.Enterprise.EMadbatah.OpenXml.Word.WordprocessingWorker.InitializeDocumentStyles() in E:\KNA-Emabdatah\KNA-Emadbatah\TayaIT.Enterprise.EMadbatah.OpenXml.Word\WordprocessingWorker.cs:line 1176
   at TayaIT.Enterprise.EMadbatah.OpenXml.Word.WordprocessingWorker..ctor(String docPath, DocXmlParts docXmlParts, DocFileOperation fileOperation, Boolean loadStyles) in E:\KNA-Emabdatah\KNA-Emadbatah\TayaIT.Enterprise.EMadbatah.OpenXml.Word\WordprocessingWorker.cs:line 117
   at TayaIT.Enterprise.EMadbatah.BLL.MabatahCreatorFacade.CreateMadbatahBody(Int64 sessionID, String outFilePath, String SessionWorkingDir, String ServerMapPath, SessionDetails details, List`1& index, List`1& speakersIndex) in E:\KNA-Emabdatah\KNA-Emadbatah\TayaIT.Enterprise.EMadbatah.BLL\MabatahCreatorFacade.cs:line 172</STACKTRACE>


----------------------------------------
----------------------------------------
Timestamp: 10/31/2016 11:43:05 AM

Category: TayaIT.Enterprise.EMadbatah.BLL.MabatahCreatorFacade.CreateMadbatah(254,/test/254/)  - Priority: -1 - Title:Madbatah Body Creation Failed.

Message: <SOURCE>TayaIT.Enterprise.EMadbatah.BLL</SOURCE><STACKTRACE>   at TayaIT.Enterprise.EMadbatah.BLL.MabatahCreatorFacade.CreateMadbatah(Int64 sessionID, String SessionWorkingDir, String ServerMapPath) in E:\KNA-Emabdatah\KNA-Emadbatah\TayaIT.Enterprise.EMadbatah.BLL\MabatahCreatorFacade.cs:line 43</STACKTRACE>


----------------------------------------
----------------------------------------
Timestamp: 10/31/2016 11:43:35 AM

Category: TayaIT.Enterprise.EMadbatah.BLL.MabatahCreatorFacade.CreateMadbatahBody(254,/test/254/bodyDoc.docx)  - Priority: -1 - Title:Cannot insert the OpenXmlElement "newChild" because it is part of a tree. 

Message: <SOURCE>DocumentFormat.OpenXml</SOURCE><STACKTRACE>   at DocumentFormat.OpenXml.OpenXmlCompositeElement.AppendChild[T](T newChild)
   at DocumentFormat.OpenXml.OpenXmlElement.Append(OpenXmlElement[] newChildren)
   at TayaIT.Enterprise.EMadbatah.OpenXml.Word.WordprocessingWorker.InitializeDocumentStyles() in E:\KNA-Emabdatah\KNA-Emadbatah\TayaIT.Enterprise.EMadbatah.OpenXml.Word\WordprocessingWorker.cs:line 1176
   at TayaIT.Enterprise.EMadbatah.OpenXml.Word.WordprocessingWorker..ctor(String docPath, DocXmlParts docXmlParts, DocFileOperation fileOperation, Boolean loadStyles) in E:\KNA-Emabdatah\KNA-Emadbatah\TayaIT.Enterprise.EMadbatah.OpenXml.Word\WordprocessingWorker.cs:line 117
   at TayaIT.Enterprise.EMadbatah.BLL.MabatahCreatorFacade.CreateMadbatahBody(Int64 sessionID, String outFilePath, String SessionWorkingDir, String ServerMapPath, SessionDetails details, List`1& index, List`1& speakersIndex) in E:\KNA-Emabdatah\KNA-Emadbatah\TayaIT.Enterprise.EMadbatah.BLL\MabatahCreatorFacade.cs:line 172</STACKTRACE>


----------------------------------------
----------------------------------------
Timestamp: 10/31/2016 11:43:43 AM

Category: TayaIT.Enterprise.EMadbatah.BLL.MabatahCreatorFacade.CreateMadbatah(254,/test/254/)  - Priority: -1 - Title:Madbatah Body Creation Failed.

Message: <SOURCE>TayaIT.Enterprise.EMadbatah.BLL</SOURCE><STACKTRACE>   at TayaIT.Enterprise.EMadbatah.BLL.MabatahCreatorFacade.CreateMadbatah(Int64 sessionID, String SessionWorkingDir, String ServerMapPath) in E:\KNA-Emabdatah\KNA-Emadbatah\TayaIT.Enterprise.EMadbatah.BLL\MabatahCreatorFacade.cs:line 43</STACKTRACE>


----------------------------------------
----------------------------------------
Timestamp: 10/31/2016 11:44:20 AM

Category: TayaIT.Enterprise.EMadbatah.BLL.MabatahCreatorFacade.CreateMadbatahBody(254,/test/254/bodyDoc.docx)  - Priority: -1 - Title:Cannot insert the OpenXmlElement "newChild" because it is part of a tree. 

Message: <SOURCE>DocumentFormat.OpenXml</SOURCE><STACKTRACE>   at DocumentFormat.OpenXml.OpenXmlCompositeElement.AppendChild[T](T newChild)
   at DocumentFormat.OpenXml.OpenXmlElement.Append(OpenXmlElement[] newChildren)
   at TayaIT.Enterprise.EMadbatah.OpenXml.Word.WordprocessingWorker.InitializeDocumentStyles() in E:\KNA-Emabdatah\KNA-Emadbatah\TayaIT.Enterprise.EMadbatah.OpenXml.Word\WordprocessingWorker.cs:line 1176
   at TayaIT.Enterprise.EMadbatah.OpenXml.Word.WordprocessingWorker..ctor(String docPath, DocXmlParts docXmlParts, DocFileOperation fileOperation, Boolean loadStyles) in E:\KNA-Emabdatah\KNA-Emadbatah\TayaIT.Enterprise.EMadbatah.OpenXml.Word\WordprocessingWorker.cs:line 117
   at TayaIT.Enterprise.EMadbatah.BLL.MabatahCreatorFacade.CreateMadbatahBody(Int64 sessionID, String outFilePath, String SessionWorkingDir, String ServerMapPath, SessionDetails details, List`1& index, List`1& speakersIndex) in E:\KNA-Emabdatah\KNA-Emadbatah\TayaIT.Enterprise.EMadbatah.BLL\MabatahCreatorFacade.cs:line 172</STACKTRACE>


----------------------------------------
----------------------------------------
Timestamp: 10/31/2016 11:44:20 AM

Category: TayaIT.Enterprise.EMadbatah.BLL.MabatahCreatorFacade.CreateMadbatah(254,/test/254/)  - Priority: -1 - Title:Madbatah Body Creation Failed.

Message: <SOURCE>TayaIT.Enterprise.EMadbatah.BLL</SOURCE><STACKTRACE>   at TayaIT.Enterprise.EMadbatah.BLL.MabatahCreatorFacade.CreateMadbatah(Int64 sessionID, String SessionWorkingDir, String ServerMapPath) in E:\KNA-Emabdatah\KNA-Emadbatah\TayaIT.Enterprise.EMadbatah.BLL\MabatahCreatorFacade.cs:line 43</STACKTRACE>


----------------------------------------
----------------------------------------
Timestamp: 10/31/2016 11:45:46 AM

Category: TayaIT.Enterprise.EMadbatah.BLL.MabatahCreatorFacade.CreateMadbatahBody(254,/test/254/bodyDoc.docx)  - Priority: -1 - Title:Cannot insert the OpenXmlElement "newChild" because it is part of a tree. 

Message: <SOURCE>DocumentFormat.OpenXml</SOURCE><STACKTRACE>   at DocumentFormat.OpenXml.OpenXmlCompositeElement.AppendChild[T](T newChild)
   at DocumentFormat.OpenXml.OpenXmlElement.Append(OpenXmlElement[] newChildren)
   at TayaIT.Enterprise.EMadbatah.OpenXml.Word.WordprocessingWorker.InitializeDocumentStyles() in E:\KNA-Emabdatah\KNA-Emadbatah\TayaIT.Enterprise.EMadbatah.OpenXml.Word\WordprocessingWorker.cs:line 1176
   at TayaIT.Enterprise.EMadbatah.OpenXml.Word.WordprocessingWorker..ctor(String docPath, DocXmlParts docXmlParts, DocFileOperation fileOperation, Boolean loadStyles) in E:\KNA-Emabdatah\KNA-Emadbatah\TayaIT.Enterprise.EMadbatah.OpenXml.Word\WordprocessingWorker.cs:line 117
   at TayaIT.Enterprise.EMadbatah.BLL.MabatahCreatorFacade.CreateMadbatahBody(Int64 sessionID, String outFilePath, String SessionWorkingDir, String ServerMapPath, SessionDetails details, List`1& index, List`1& speakersIndex) in E:\KNA-Emabdatah\KNA-Emadbatah\TayaIT.Enterprise.EMadbatah.BLL\MabatahCreatorFacade.cs:line 172</STACKTRACE>


----------------------------------------
----------------------------------------
Timestamp: 10/31/2016 11:45:46 AM

Category: TayaIT.Enterprise.EMadbatah.BLL.MabatahCreatorFacade.CreateMadbatah(254,/test/254/)  - Priority: -1 - Title:Madbatah Body Creation Failed.

Message: <SOURCE>TayaIT.Enterprise.EMadbatah.BLL</SOURCE><STACKTRACE>   at TayaIT.Enterprise.EMadbatah.BLL.MabatahCreatorFacade.CreateMadbatah(Int64 sessionID, String SessionWorkingDir, String ServerMapPath) in E:\KNA-Emabdatah\KNA-Emadbatah\TayaIT.Enterprise.EMadbatah.BLL\MabatahCreatorFacade.cs:line 43</STACKTRACE>


----------------------------------------
----------------------------------------
Timestamp: 10/31/2016 11:48:06 AM

Category: TayaIT.Enterprise.EMadbatah.BLL.MabatahCreatorFacade.CreateMadbatah(254,/test/254/)  - Priority: -1 - Title:The process cannot access the file '/test/254/MadbatahcoverDoc.docx' because it is being used by another process.

Message: <SOURCE>mscorlib</SOURCE><STACKTRACE>   at System.IO.__Error.WinIOError(Int32 errorCode, String maybeFullPath)
   at System.IO.File.InternalCopy(String sourceFileName, String destFileName, Boolean overwrite)
   at System.IO.File.Copy(String sourceFileName, String destFileName, Boolean overwrite)
   at TayaIT.Enterprise.EMadbatah.BLL.MabatahCreatorFacade.CreateMadbatahCover(SessionDetails details, String outCoverPath, String ServerMapPath) in E:\KNA-Emabdatah\KNA-Emadbatah\TayaIT.Enterprise.EMadbatah.BLL\MabatahCreatorFacade.cs:line 100
   at TayaIT.Enterprise.EMadbatah.BLL.MabatahCreatorFacade.CreateMadbatah(Int64 sessionID, String SessionWorkingDir, String ServerMapPath) in E:\KNA-Emabdatah\KNA-Emadbatah\TayaIT.Enterprise.EMadbatah.BLL\MabatahCreatorFacade.cs:line 31</STACKTRACE>


----------------------------------------
