----------------------------------------
Timestamp: 9/19/2016 11:19:01 AM

Category: SessionID: 179  - Priority: -1 - Title:Object reference not set to an instance of an object.

Message: <SOURCE>App_Web_abv5wthj</SOURCE><STACKTRACE>   at TayaIT.Enterprise.EMadbatah.Web.Review.Page_Load(Object sender, EventArgs e) in e:\KNA-Emabdatah\KNA-Emadbatah\TayaIT.Enterprise.EMadbatah.Web\Review.aspx.cs:line 117</STACKTRACE>


----------------------------------------
----------------------------------------
Timestamp: 9/19/2016 11:19:07 AM

Category: SessionID: 179  - Priority: -1 - Title:Object reference not set to an instance of an object.

Message: <SOURCE>App_Web_abv5wthj</SOURCE><STACKTRACE>   at TayaIT.Enterprise.EMadbatah.Web.Review.Page_Load(Object sender, EventArgs e) in e:\KNA-Emabdatah\KNA-Emadbatah\TayaIT.Enterprise.EMadbatah.Web\Review.aspx.cs:line 117</STACKTRACE>


----------------------------------------
----------------------------------------
Timestamp: 9/19/2016 11:19:08 AM

Category: SessionID: 179  - Priority: -1 - Title:Object reference not set to an instance of an object.

Message: <SOURCE>App_Web_abv5wthj</SOURCE><STACKTRACE>   at TayaIT.Enterprise.EMadbatah.Web.Review.Page_Load(Object sender, EventArgs e) in e:\KNA-Emabdatah\KNA-Emadbatah\TayaIT.Enterprise.EMadbatah.Web\Review.aspx.cs:line 117</STACKTRACE>


----------------------------------------
----------------------------------------
Timestamp: 9/19/2016 11:19:16 AM

Category: SessionID: 179  - Priority: -1 - Title:Object reference not set to an instance of an object.

Message: <SOURCE>App_Web_abv5wthj</SOURCE><STACKTRACE>   at TayaIT.Enterprise.EMadbatah.Web.Review.Page_Load(Object sender, EventArgs e) in e:\KNA-Emabdatah\KNA-Emadbatah\TayaIT.Enterprise.EMadbatah.Web\Review.aspx.cs:line 117</STACKTRACE>


----------------------------------------
----------------------------------------
Timestamp: 9/19/2016 11:19:17 AM

Category: SessionID: 179  - Priority: -1 - Title:Object reference not set to an instance of an object.

Message: <SOURCE>App_Web_abv5wthj</SOURCE><STACKTRACE>   at TayaIT.Enterprise.EMadbatah.Web.Review.Page_Load(Object sender, EventArgs e) in e:\KNA-Emabdatah\KNA-Emadbatah\TayaIT.Enterprise.EMadbatah.Web\Review.aspx.cs:line 117</STACKTRACE>


----------------------------------------
----------------------------------------
Timestamp: 9/19/2016 11:35:03 AM

Category: SessionID: 179  - Priority: -1 - Title:Object reference not set to an instance of an object.

Message: <SOURCE>App_Web_abv5wthj</SOURCE><STACKTRACE>   at TayaIT.Enterprise.EMadbatah.Web.Review.Page_Load(Object sender, EventArgs e) in e:\KNA-Emabdatah\KNA-Emadbatah\TayaIT.Enterprise.EMadbatah.Web\Review.aspx.cs:line 117</STACKTRACE>


----------------------------------------
----------------------------------------
Timestamp: 9/19/2016 11:35:05 AM

Category: SessionID: 179  - Priority: -1 - Title:Object reference not set to an instance of an object.

Message: <SOURCE>App_Web_abv5wthj</SOURCE><STACKTRACE>   at TayaIT.Enterprise.EMadbatah.Web.Review.Page_Load(Object sender, EventArgs e) in e:\KNA-Emabdatah\KNA-Emadbatah\TayaIT.Enterprise.EMadbatah.Web\Review.aspx.cs:line 117</STACKTRACE>


----------------------------------------
----------------------------------------
Timestamp: 9/19/2016 11:35:07 AM

Category: SessionID: 179  - Priority: -1 - Title:Object reference not set to an instance of an object.

Message: <SOURCE>App_Web_abv5wthj</SOURCE><STACKTRACE>   at TayaIT.Enterprise.EMadbatah.Web.Review.Page_Load(Object sender, EventArgs e) in e:\KNA-Emabdatah\KNA-Emadbatah\TayaIT.Enterprise.EMadbatah.Web\Review.aspx.cs:line 117</STACKTRACE>


----------------------------------------
----------------------------------------
Timestamp: 9/19/2016 11:35:55 AM

Category: SessionID: 179  - Priority: -1 - Title:Object reference not set to an instance of an object.

Message: <SOURCE>App_Web_abv5wthj</SOURCE><STACKTRACE>   at TayaIT.Enterprise.EMadbatah.Web.Review.Page_Load(Object sender, EventArgs e) in e:\KNA-Emabdatah\KNA-Emadbatah\TayaIT.Enterprise.EMadbatah.Web\Review.aspx.cs:line 117</STACKTRACE>


----------------------------------------
----------------------------------------
Timestamp: 9/19/2016 11:35:56 AM

Category: SessionID: 179  - Priority: -1 - Title:Object reference not set to an instance of an object.

Message: <SOURCE>App_Web_abv5wthj</SOURCE><STACKTRACE>   at TayaIT.Enterprise.EMadbatah.Web.Review.Page_Load(Object sender, EventArgs e) in e:\KNA-Emabdatah\KNA-Emadbatah\TayaIT.Enterprise.EMadbatah.Web\Review.aspx.cs:line 117</STACKTRACE>


----------------------------------------
----------------------------------------
Timestamp: 9/19/2016 11:36:39 AM

Category: SessionID: 179  - Priority: -1 - Title:Object reference not set to an instance of an object.

Message: <SOURCE>App_Web_abv5wthj</SOURCE><STACKTRACE>   at TayaIT.Enterprise.EMadbatah.Web.Review.Page_Load(Object sender, EventArgs e) in e:\KNA-Emabdatah\KNA-Emadbatah\TayaIT.Enterprise.EMadbatah.Web\Review.aspx.cs:line 117</STACKTRACE>


----------------------------------------
----------------------------------------
Timestamp: 9/19/2016 11:36:40 AM

Category: SessionID: 179  - Priority: -1 - Title:Object reference not set to an instance of an object.

Message: <SOURCE>App_Web_abv5wthj</SOURCE><STACKTRACE>   at TayaIT.Enterprise.EMadbatah.Web.Review.Page_Load(Object sender, EventArgs e) in e:\KNA-Emabdatah\KNA-Emadbatah\TayaIT.Enterprise.EMadbatah.Web\Review.aspx.cs:line 117</STACKTRACE>


----------------------------------------
----------------------------------------
Timestamp: 9/19/2016 11:37:05 AM

Category: SessionID: 179  - Priority: -1 - Title:Object reference not set to an instance of an object.

Message: <SOURCE>App_Web_abv5wthj</SOURCE><STACKTRACE>   at TayaIT.Enterprise.EMadbatah.Web.Review.Page_Load(Object sender, EventArgs e) in e:\KNA-Emabdatah\KNA-Emadbatah\TayaIT.Enterprise.EMadbatah.Web\Review.aspx.cs:line 117</STACKTRACE>


----------------------------------------
----------------------------------------
Timestamp: 9/19/2016 11:37:06 AM

Category: SessionID: 179  - Priority: -1 - Title:Object reference not set to an instance of an object.

Message: <SOURCE>App_Web_abv5wthj</SOURCE><STACKTRACE>   at TayaIT.Enterprise.EMadbatah.Web.Review.Page_Load(Object sender, EventArgs e) in e:\KNA-Emabdatah\KNA-Emadbatah\TayaIT.Enterprise.EMadbatah.Web\Review.aspx.cs:line 117</STACKTRACE>


----------------------------------------
----------------------------------------
Timestamp: 9/19/2016 11:37:24 AM

Category: SessionID: 179  - Priority: -1 - Title:Object reference not set to an instance of an object.

Message: <SOURCE>App_Web_abv5wthj</SOURCE><STACKTRACE>   at TayaIT.Enterprise.EMadbatah.Web.Review.Page_Load(Object sender, EventArgs e) in e:\KNA-Emabdatah\KNA-Emadbatah\TayaIT.Enterprise.EMadbatah.Web\Review.aspx.cs:line 117</STACKTRACE>


----------------------------------------
----------------------------------------
Timestamp: 9/19/2016 11:37:36 AM

Category: SessionID: 179  - Priority: -1 - Title:Object reference not set to an instance of an object.

Message: <SOURCE>App_Web_abv5wthj</SOURCE><STACKTRACE>   at TayaIT.Enterprise.EMadbatah.Web.Review.Page_Load(Object sender, EventArgs e) in e:\KNA-Emabdatah\KNA-Emadbatah\TayaIT.Enterprise.EMadbatah.Web\Review.aspx.cs:line 117</STACKTRACE>


----------------------------------------
----------------------------------------
Timestamp: 9/19/2016 11:41:36 AM

Category: SessionID: 179  - Priority: -1 - Title:Object reference not set to an instance of an object.

Message: <SOURCE>App_Web_abv5wthj</SOURCE><STACKTRACE>   at TayaIT.Enterprise.EMadbatah.Web.Review.Page_Load(Object sender, EventArgs e) in e:\KNA-Emabdatah\KNA-Emadbatah\TayaIT.Enterprise.EMadbatah.Web\Review.aspx.cs:line 117</STACKTRACE>


----------------------------------------
----------------------------------------
Timestamp: 9/19/2016 11:41:45 AM

Category: SessionID: 179  - Priority: -1 - Title:Object reference not set to an instance of an object.

Message: <SOURCE>App_Web_abv5wthj</SOURCE><STACKTRACE>   at TayaIT.Enterprise.EMadbatah.Web.Review.Page_Load(Object sender, EventArgs e) in e:\KNA-Emabdatah\KNA-Emadbatah\TayaIT.Enterprise.EMadbatah.Web\Review.aspx.cs:line 117</STACKTRACE>


----------------------------------------
----------------------------------------
Timestamp: 9/19/2016 11:41:46 AM

Category: SessionID: 179  - Priority: -1 - Title:Object reference not set to an instance of an object.

Message: <SOURCE>App_Web_abv5wthj</SOURCE><STACKTRACE>   at TayaIT.Enterprise.EMadbatah.Web.Review.Page_Load(Object sender, EventArgs e) in e:\KNA-Emabdatah\KNA-Emadbatah\TayaIT.Enterprise.EMadbatah.Web\Review.aspx.cs:line 117</STACKTRACE>


----------------------------------------
----------------------------------------
Timestamp: 9/19/2016 11:41:51 AM

Category: SessionID: 179  - Priority: -1 - Title:Object reference not set to an instance of an object.

Message: <SOURCE>App_Web_abv5wthj</SOURCE><STACKTRACE>   at TayaIT.Enterprise.EMadbatah.Web.Review.Page_Load(Object sender, EventArgs e) in e:\KNA-Emabdatah\KNA-Emadbatah\TayaIT.Enterprise.EMadbatah.Web\Review.aspx.cs:line 117</STACKTRACE>


----------------------------------------
----------------------------------------
Timestamp: 9/19/2016 11:41:52 AM

Category: SessionID: 179  - Priority: -1 - Title:Object reference not set to an instance of an object.

Message: <SOURCE>App_Web_abv5wthj</SOURCE><STACKTRACE>   at TayaIT.Enterprise.EMadbatah.Web.Review.Page_Load(Object sender, EventArgs e) in e:\KNA-Emabdatah\KNA-Emadbatah\TayaIT.Enterprise.EMadbatah.Web\Review.aspx.cs:line 117</STACKTRACE>


----------------------------------------
----------------------------------------
Timestamp: 9/19/2016 11:41:57 AM

Category: SessionID: 179  - Priority: -1 - Title:Object reference not set to an instance of an object.

Message: <SOURCE>App_Web_abv5wthj</SOURCE><STACKTRACE>   at TayaIT.Enterprise.EMadbatah.Web.Review.Page_Load(Object sender, EventArgs e) in e:\KNA-Emabdatah\KNA-Emadbatah\TayaIT.Enterprise.EMadbatah.Web\Review.aspx.cs:line 117</STACKTRACE>


----------------------------------------
----------------------------------------
Timestamp: 9/19/2016 11:41:58 AM

Category: SessionID: 179  - Priority: -1 - Title:Object reference not set to an instance of an object.

Message: <SOURCE>App_Web_abv5wthj</SOURCE><STACKTRACE>   at TayaIT.Enterprise.EMadbatah.Web.Review.Page_Load(Object sender, EventArgs e) in e:\KNA-Emabdatah\KNA-Emadbatah\TayaIT.Enterprise.EMadbatah.Web\Review.aspx.cs:line 117</STACKTRACE>


----------------------------------------
----------------------------------------
Timestamp: 9/19/2016 11:42:05 AM

Category: SessionID: 179  - Priority: -1 - Title:Object reference not set to an instance of an object.

Message: <SOURCE>App_Web_abv5wthj</SOURCE><STACKTRACE>   at TayaIT.Enterprise.EMadbatah.Web.Review.Page_Load(Object sender, EventArgs e) in e:\KNA-Emabdatah\KNA-Emadbatah\TayaIT.Enterprise.EMadbatah.Web\Review.aspx.cs:line 117</STACKTRACE>


----------------------------------------
----------------------------------------
Timestamp: 9/19/2016 11:42:05 AM

Category: SessionID: 179  - Priority: -1 - Title:Object reference not set to an instance of an object.

Message: <SOURCE>App_Web_abv5wthj</SOURCE><STACKTRACE>   at TayaIT.Enterprise.EMadbatah.Web.Review.Page_Load(Object sender, EventArgs e) in e:\KNA-Emabdatah\KNA-Emadbatah\TayaIT.Enterprise.EMadbatah.Web\Review.aspx.cs:line 117</STACKTRACE>


----------------------------------------
----------------------------------------
Timestamp: 9/19/2016 11:46:10 AM

Category: SessionID: 179  - Priority: -1 - Title:Object reference not set to an instance of an object.

Message: <SOURCE>App_Web_abv5wthj</SOURCE><STACKTRACE>   at TayaIT.Enterprise.EMadbatah.Web.Review.Page_Load(Object sender, EventArgs e) in e:\KNA-Emabdatah\KNA-Emadbatah\TayaIT.Enterprise.EMadbatah.Web\Review.aspx.cs:line 117</STACKTRACE>


----------------------------------------
----------------------------------------
Timestamp: 9/19/2016 11:46:13 AM

Category: SessionID: 179  - Priority: -1 - Title:Object reference not set to an instance of an object.

Message: <SOURCE>App_Web_abv5wthj</SOURCE><STACKTRACE>   at TayaIT.Enterprise.EMadbatah.Web.Review.Page_Load(Object sender, EventArgs e) in e:\KNA-Emabdatah\KNA-Emadbatah\TayaIT.Enterprise.EMadbatah.Web\Review.aspx.cs:line 117</STACKTRACE>


----------------------------------------
----------------------------------------
Timestamp: 9/19/2016 11:46:14 AM

Category: SessionID: 179  - Priority: -1 - Title:Object reference not set to an instance of an object.

Message: <SOURCE>App_Web_abv5wthj</SOURCE><STACKTRACE>   at TayaIT.Enterprise.EMadbatah.Web.Review.Page_Load(Object sender, EventArgs e) in e:\KNA-Emabdatah\KNA-Emadbatah\TayaIT.Enterprise.EMadbatah.Web\Review.aspx.cs:line 117</STACKTRACE>


----------------------------------------
----------------------------------------
Timestamp: 9/19/2016 11:46:18 AM

Category: SessionID: 179  - Priority: -1 - Title:Object reference not set to an instance of an object.

Message: <SOURCE>App_Web_abv5wthj</SOURCE><STACKTRACE>   at TayaIT.Enterprise.EMadbatah.Web.Review.Page_Load(Object sender, EventArgs e) in e:\KNA-Emabdatah\KNA-Emadbatah\TayaIT.Enterprise.EMadbatah.Web\Review.aspx.cs:line 117</STACKTRACE>


----------------------------------------
----------------------------------------
Timestamp: 9/19/2016 11:46:19 AM

Category: SessionID: 179  - Priority: -1 - Title:Object reference not set to an instance of an object.

Message: <SOURCE>App_Web_abv5wthj</SOURCE><STACKTRACE>   at TayaIT.Enterprise.EMadbatah.Web.Review.Page_Load(Object sender, EventArgs e) in e:\KNA-Emabdatah\KNA-Emadbatah\TayaIT.Enterprise.EMadbatah.Web\Review.aspx.cs:line 117</STACKTRACE>


----------------------------------------
----------------------------------------
Timestamp: 9/19/2016 11:47:10 AM

Category: SessionID: 179  - Priority: -1 - Title:Object reference not set to an instance of an object.

Message: <SOURCE>App_Web_abv5wthj</SOURCE><STACKTRACE>   at TayaIT.Enterprise.EMadbatah.Web.Review.Page_Load(Object sender, EventArgs e) in e:\KNA-Emabdatah\KNA-Emadbatah\TayaIT.Enterprise.EMadbatah.Web\Review.aspx.cs:line 117</STACKTRACE>


----------------------------------------
----------------------------------------
Timestamp: 9/19/2016 11:47:37 AM

Category: SessionID: 179  - Priority: -1 - Title:Object reference not set to an instance of an object.

Message: <SOURCE>App_Web_abv5wthj</SOURCE><STACKTRACE>   at TayaIT.Enterprise.EMadbatah.Web.Review.Page_Load(Object sender, EventArgs e) in e:\KNA-Emabdatah\KNA-Emadbatah\TayaIT.Enterprise.EMadbatah.Web\Review.aspx.cs:line 117</STACKTRACE>


----------------------------------------
----------------------------------------
Timestamp: 9/19/2016 11:48:43 AM

Category: SessionID: 179  - Priority: -1 - Title:Object reference not set to an instance of an object.

Message: <SOURCE>App_Web_abv5wthj</SOURCE><STACKTRACE>   at TayaIT.Enterprise.EMadbatah.Web.Review.Page_Load(Object sender, EventArgs e) in e:\KNA-Emabdatah\KNA-Emadbatah\TayaIT.Enterprise.EMadbatah.Web\Review.aspx.cs:line 117</STACKTRACE>


----------------------------------------
----------------------------------------
Timestamp: 9/19/2016 11:52:10 AM

Category: SessionID: 179  - Priority: -1 - Title:Object reference not set to an instance of an object.

Message: <SOURCE>App_Web_abv5wthj</SOURCE><STACKTRACE>   at TayaIT.Enterprise.EMadbatah.Web.Review.Page_Load(Object sender, EventArgs e) in e:\KNA-Emabdatah\KNA-Emadbatah\TayaIT.Enterprise.EMadbatah.Web\Review.aspx.cs:line 117</STACKTRACE>


----------------------------------------
----------------------------------------
Timestamp: 9/19/2016 11:52:14 AM

Category: SessionID: 179  - Priority: -1 - Title:Object reference not set to an instance of an object.

Message: <SOURCE>App_Web_abv5wthj</SOURCE><STACKTRACE>   at TayaIT.Enterprise.EMadbatah.Web.Review.Page_Load(Object sender, EventArgs e) in e:\KNA-Emabdatah\KNA-Emadbatah\TayaIT.Enterprise.EMadbatah.Web\Review.aspx.cs:line 117</STACKTRACE>


----------------------------------------
----------------------------------------
Timestamp: 9/19/2016 11:52:15 AM

Category: SessionID: 179  - Priority: -1 - Title:Object reference not set to an instance of an object.

Message: <SOURCE>App_Web_abv5wthj</SOURCE><STACKTRACE>   at TayaIT.Enterprise.EMadbatah.Web.Review.Page_Load(Object sender, EventArgs e) in e:\KNA-Emabdatah\KNA-Emadbatah\TayaIT.Enterprise.EMadbatah.Web\Review.aspx.cs:line 117</STACKTRACE>


----------------------------------------
----------------------------------------
Timestamp: 9/19/2016 11:52:20 AM

Category: SessionID: 179  - Priority: -1 - Title:Object reference not set to an instance of an object.

Message: <SOURCE>App_Web_abv5wthj</SOURCE><STACKTRACE>   at TayaIT.Enterprise.EMadbatah.Web.Review.Page_Load(Object sender, EventArgs e) in e:\KNA-Emabdatah\KNA-Emadbatah\TayaIT.Enterprise.EMadbatah.Web\Review.aspx.cs:line 117</STACKTRACE>


----------------------------------------
----------------------------------------
Timestamp: 9/19/2016 11:52:21 AM

Category: SessionID: 179  - Priority: -1 - Title:Object reference not set to an instance of an object.

Message: <SOURCE>App_Web_abv5wthj</SOURCE><STACKTRACE>   at TayaIT.Enterprise.EMadbatah.Web.Review.Page_Load(Object sender, EventArgs e) in e:\KNA-Emabdatah\KNA-Emadbatah\TayaIT.Enterprise.EMadbatah.Web\Review.aspx.cs:line 117</STACKTRACE>


----------------------------------------
----------------------------------------
Timestamp: 9/19/2016 11:55:54 AM

Category: SessionID: 179  - Priority: -1 - Title:Object reference not set to an instance of an object.

Message: <SOURCE>App_Web_abv5wthj</SOURCE><STACKTRACE>   at TayaIT.Enterprise.EMadbatah.Web.Review.Page_Load(Object sender, EventArgs e) in e:\KNA-Emabdatah\KNA-Emadbatah\TayaIT.Enterprise.EMadbatah.Web\Review.aspx.cs:line 117</STACKTRACE>


----------------------------------------
----------------------------------------
Timestamp: 9/19/2016 11:55:55 AM

Category: SessionID: 179  - Priority: -1 - Title:Object reference not set to an instance of an object.

Message: <SOURCE>App_Web_abv5wthj</SOURCE><STACKTRACE>   at TayaIT.Enterprise.EMadbatah.Web.Review.Page_Load(Object sender, EventArgs e) in e:\KNA-Emabdatah\KNA-Emadbatah\TayaIT.Enterprise.EMadbatah.Web\Review.aspx.cs:line 117</STACKTRACE>


----------------------------------------
----------------------------------------
Timestamp: 9/19/2016 12:02:15 PM

Category: SessionID: 179  - Priority: -1 - Title:Object reference not set to an instance of an object.

Message: <SOURCE>App_Web_abv5wthj</SOURCE><STACKTRACE>   at TayaIT.Enterprise.EMadbatah.Web.Review.Page_Load(Object sender, EventArgs e) in e:\KNA-Emabdatah\KNA-Emadbatah\TayaIT.Enterprise.EMadbatah.Web\Review.aspx.cs:line 117</STACKTRACE>


----------------------------------------
----------------------------------------
Timestamp: 9/19/2016 12:02:48 PM

Category: SessionID: 179  - Priority: -1 - Title:Object reference not set to an instance of an object.

Message: <SOURCE>App_Web_abv5wthj</SOURCE><STACKTRACE>   at TayaIT.Enterprise.EMadbatah.Web.Review.Page_Load(Object sender, EventArgs e) in e:\KNA-Emabdatah\KNA-Emadbatah\TayaIT.Enterprise.EMadbatah.Web\Review.aspx.cs:line 117</STACKTRACE>


----------------------------------------
----------------------------------------
Timestamp: 9/19/2016 12:02:52 PM

Category: SessionID: 179  - Priority: -1 - Title:Object reference not set to an instance of an object.

Message: <SOURCE>App_Web_abv5wthj</SOURCE><STACKTRACE>   at TayaIT.Enterprise.EMadbatah.Web.Review.Page_Load(Object sender, EventArgs e) in e:\KNA-Emabdatah\KNA-Emadbatah\TayaIT.Enterprise.EMadbatah.Web\Review.aspx.cs:line 117</STACKTRACE>


----------------------------------------
----------------------------------------
Timestamp: 9/19/2016 12:02:52 PM

Category: SessionID: 179  - Priority: -1 - Title:Object reference not set to an instance of an object.

Message: <SOURCE>App_Web_abv5wthj</SOURCE><STACKTRACE>   at TayaIT.Enterprise.EMadbatah.Web.Review.Page_Load(Object sender, EventArgs e) in e:\KNA-Emabdatah\KNA-Emadbatah\TayaIT.Enterprise.EMadbatah.Web\Review.aspx.cs:line 117</STACKTRACE>


----------------------------------------
----------------------------------------
Timestamp: 9/19/2016 12:03:01 PM

Category: SessionID: 179  - Priority: -1 - Title:Object reference not set to an instance of an object.

Message: <SOURCE>App_Web_abv5wthj</SOURCE><STACKTRACE>   at TayaIT.Enterprise.EMadbatah.Web.Review.Page_Load(Object sender, EventArgs e) in e:\KNA-Emabdatah\KNA-Emadbatah\TayaIT.Enterprise.EMadbatah.Web\Review.aspx.cs:line 117</STACKTRACE>


----------------------------------------
----------------------------------------
Timestamp: 9/19/2016 12:03:09 PM

Category: SessionID: 179  - Priority: -1 - Title:Object reference not set to an instance of an object.

Message: <SOURCE>App_Web_abv5wthj</SOURCE><STACKTRACE>   at TayaIT.Enterprise.EMadbatah.Web.Review.Page_Load(Object sender, EventArgs e) in e:\KNA-Emabdatah\KNA-Emadbatah\TayaIT.Enterprise.EMadbatah.Web\Review.aspx.cs:line 117</STACKTRACE>


----------------------------------------
----------------------------------------
Timestamp: 9/19/2016 12:07:16 PM

Category: SessionID: 179  - Priority: -1 - Title:Object reference not set to an instance of an object.

Message: <SOURCE>App_Web_abv5wthj</SOURCE><STACKTRACE>   at TayaIT.Enterprise.EMadbatah.Web.Review.Page_Load(Object sender, EventArgs e) in e:\KNA-Emabdatah\KNA-Emadbatah\TayaIT.Enterprise.EMadbatah.Web\Review.aspx.cs:line 117</STACKTRACE>


----------------------------------------
----------------------------------------
Timestamp: 9/19/2016 12:07:18 PM

Category: SessionID: 179  - Priority: -1 - Title:Object reference not set to an instance of an object.

Message: <SOURCE>App_Web_abv5wthj</SOURCE><STACKTRACE>   at TayaIT.Enterprise.EMadbatah.Web.Review.Page_Load(Object sender, EventArgs e) in e:\KNA-Emabdatah\KNA-Emadbatah\TayaIT.Enterprise.EMadbatah.Web\Review.aspx.cs:line 117</STACKTRACE>


----------------------------------------
----------------------------------------
Timestamp: 9/19/2016 12:09:35 PM

Category: SessionID: 193  - Priority: -1 - Title:Object reference not set to an instance of an object.

Message: <SOURCE>App_Web_abv5wthj</SOURCE><STACKTRACE>   at TayaIT.Enterprise.EMadbatah.Web.Review.Page_Load(Object sender, EventArgs e) in e:\KNA-Emabdatah\KNA-Emadbatah\TayaIT.Enterprise.EMadbatah.Web\Review.aspx.cs:line 117</STACKTRACE>


----------------------------------------
----------------------------------------
Timestamp: 9/19/2016 12:10:13 PM

Category: SessionID: 193  - Priority: -1 - Title:Object reference not set to an instance of an object.

Message: <SOURCE>App_Web_abv5wthj</SOURCE><STACKTRACE>   at TayaIT.Enterprise.EMadbatah.Web.Review.Page_Load(Object sender, EventArgs e) in e:\KNA-Emabdatah\KNA-Emadbatah\TayaIT.Enterprise.EMadbatah.Web\Review.aspx.cs:line 117</STACKTRACE>


----------------------------------------
----------------------------------------
Timestamp: 9/19/2016 12:10:14 PM

Category: SessionID: 193  - Priority: -1 - Title:Object reference not set to an instance of an object.

Message: <SOURCE>App_Web_abv5wthj</SOURCE><STACKTRACE>   at TayaIT.Enterprise.EMadbatah.Web.Review.Page_Load(Object sender, EventArgs e) in e:\KNA-Emabdatah\KNA-Emadbatah\TayaIT.Enterprise.EMadbatah.Web\Review.aspx.cs:line 117</STACKTRACE>


----------------------------------------
----------------------------------------
Timestamp: 9/19/2016 12:11:40 PM

Category: SessionID: 179  - Priority: -1 - Title:Object reference not set to an instance of an object.

Message: <SOURCE>App_Web_abv5wthj</SOURCE><STACKTRACE>   at TayaIT.Enterprise.EMadbatah.Web.Review.Page_Load(Object sender, EventArgs e) in e:\KNA-Emabdatah\KNA-Emadbatah\TayaIT.Enterprise.EMadbatah.Web\Review.aspx.cs:line 117</STACKTRACE>


----------------------------------------
----------------------------------------
Timestamp: 9/19/2016 12:11:41 PM

Category: SessionID: 179  - Priority: -1 - Title:Object reference not set to an instance of an object.

Message: <SOURCE>App_Web_abv5wthj</SOURCE><STACKTRACE>   at TayaIT.Enterprise.EMadbatah.Web.Review.Page_Load(Object sender, EventArgs e) in e:\KNA-Emabdatah\KNA-Emadbatah\TayaIT.Enterprise.EMadbatah.Web\Review.aspx.cs:line 117</STACKTRACE>


----------------------------------------
----------------------------------------
Timestamp: 9/19/2016 12:12:57 PM

Category: SessionID: 193  - Priority: -1 - Title:Object reference not set to an instance of an object.

Message: <SOURCE>App_Web_abv5wthj</SOURCE><STACKTRACE>   at TayaIT.Enterprise.EMadbatah.Web.Review.Page_Load(Object sender, EventArgs e) in e:\KNA-Emabdatah\KNA-Emadbatah\TayaIT.Enterprise.EMadbatah.Web\Review.aspx.cs:line 117</STACKTRACE>


----------------------------------------
----------------------------------------
Timestamp: 9/19/2016 12:13:22 PM

Category: SessionID: 193  - Priority: -1 - Title:Object reference not set to an instance of an object.

Message: <SOURCE>App_Web_abv5wthj</SOURCE><STACKTRACE>   at TayaIT.Enterprise.EMadbatah.Web.Review.Page_Load(Object sender, EventArgs e) in e:\KNA-Emabdatah\KNA-Emadbatah\TayaIT.Enterprise.EMadbatah.Web\Review.aspx.cs:line 117</STACKTRACE>


----------------------------------------
----------------------------------------
Timestamp: 9/19/2016 12:20:02 PM

Category: TayaIT.Enterprise.EMadbatah.DAL.SessionHelper.GetSessionsCount()  - Priority: -1 - Title:An error occurred while reading from the store provider's data reader. See the inner exception for details.

Message: <SOURCE>System.Data.Entity</SOURCE><STACKTRACE>   at System.Data.Common.Internal.Materialization.Shaper`1.StoreRead()
   at System.Data.Common.Internal.Materialization.Shaper`1.SimpleEnumerator.MoveNext()
   at System.Collections.Generic.List`1..ctor(IEnumerable`1 collection)
   at System.Linq.Enumerable.ToList[TSource](IEnumerable`1 source)
   at TayaIT.Enterprise.EMadbatah.DAL.SessionHelper.GetSessionsCount(Int32 statusCode, Boolean checkEquality) in E:\KNA-Emabdatah\KNA-Emadbatah\TayaIT.Enterprise.EMadbatah.DAL\SessionHelper.cs:line 973</STACKTRACE>
<INNEREXCEPTION><INNERMESSAGE>Timeout expired.  The timeout period elapsed prior to completion of the operation or the server is not responding.</INNERMESSAGE><SOURCE>.Net SqlClient Data Provider</SOURCE><STACKTRACE>   at System.Data.SqlClient.SqlConnection.OnError(SqlException exception, Boolean breakConnection)
   at System.Data.SqlClient.SqlInternalConnection.OnError(SqlException exception, Boolean breakConnection)
   at System.Data.SqlClient.TdsParser.ThrowExceptionAndWarning()
   at System.Data.SqlClient.TdsParser.Run(RunBehavior runBehavior, SqlCommand cmdHandler, SqlDataReader dataStream, BulkCopySimpleResultSet bulkCopyHandler, TdsParserStateObject stateObj)
   at System.Data.SqlClient.SqlDataReader.HasMoreRows()
   at System.Data.SqlClient.SqlDataReader.ReadInternal(Boolean setTimeout)
   at System.Data.SqlClient.SqlDataReader.Read()
   at System.Data.Common.Internal.Materialization.Shaper`1.StoreRead()</STACKTRACE></INNEREXCEPTION>


----------------------------------------
----------------------------------------
Timestamp: 9/19/2016 12:20:53 PM

Category: SessionID: 189  - Priority: -1 - Title:Object reference not set to an instance of an object.

Message: <SOURCE>App_Web_abv5wthj</SOURCE><STACKTRACE>   at TayaIT.Enterprise.EMadbatah.Web.Review.Page_Load(Object sender, EventArgs e) in e:\KNA-Emabdatah\KNA-Emadbatah\TayaIT.Enterprise.EMadbatah.Web\Review.aspx.cs:line 117</STACKTRACE>


----------------------------------------
----------------------------------------
Timestamp: 9/19/2016 12:21:52 PM

Category: SessionID: 189  - Priority: -1 - Title:Object reference not set to an instance of an object.

Message: <SOURCE>App_Web_abv5wthj</SOURCE><STACKTRACE>   at TayaIT.Enterprise.EMadbatah.Web.Review.Page_Load(Object sender, EventArgs e) in e:\KNA-Emabdatah\KNA-Emadbatah\TayaIT.Enterprise.EMadbatah.Web\Review.aspx.cs:line 117</STACKTRACE>


----------------------------------------
----------------------------------------
Timestamp: 9/19/2016 12:21:53 PM

Category: SessionID: 189  - Priority: -1 - Title:Object reference not set to an instance of an object.

Message: <SOURCE>App_Web_abv5wthj</SOURCE><STACKTRACE>   at TayaIT.Enterprise.EMadbatah.Web.Review.Page_Load(Object sender, EventArgs e) in e:\KNA-Emabdatah\KNA-Emadbatah\TayaIT.Enterprise.EMadbatah.Web\Review.aspx.cs:line 117</STACKTRACE>


----------------------------------------
----------------------------------------
Timestamp: 9/19/2016 12:22:29 PM

Category: SessionID: 189  - Priority: -1 - Title:Object reference not set to an instance of an object.

Message: <SOURCE>App_Web_abv5wthj</SOURCE><STACKTRACE>   at TayaIT.Enterprise.EMadbatah.Web.Review.Page_Load(Object sender, EventArgs e) in e:\KNA-Emabdatah\KNA-Emadbatah\TayaIT.Enterprise.EMadbatah.Web\Review.aspx.cs:line 117</STACKTRACE>


----------------------------------------
----------------------------------------
Timestamp: 9/19/2016 12:23:38 PM

Category: SessionID: 193  - Priority: -1 - Title:Object reference not set to an instance of an object.

Message: <SOURCE>App_Web_abv5wthj</SOURCE><STACKTRACE>   at TayaIT.Enterprise.EMadbatah.Web.Review.Page_Load(Object sender, EventArgs e) in e:\KNA-Emabdatah\KNA-Emadbatah\TayaIT.Enterprise.EMadbatah.Web\Review.aspx.cs:line 117</STACKTRACE>


----------------------------------------
----------------------------------------
Timestamp: 9/19/2016 12:23:41 PM

Category: SessionID: 193  - Priority: -1 - Title:Object reference not set to an instance of an object.

Message: <SOURCE>App_Web_abv5wthj</SOURCE><STACKTRACE>   at TayaIT.Enterprise.EMadbatah.Web.Review.Page_Load(Object sender, EventArgs e) in e:\KNA-Emabdatah\KNA-Emadbatah\TayaIT.Enterprise.EMadbatah.Web\Review.aspx.cs:line 117</STACKTRACE>


----------------------------------------
----------------------------------------
Timestamp: 9/19/2016 12:23:43 PM

Category: SessionID: 193  - Priority: -1 - Title:Object reference not set to an instance of an object.

Message: <SOURCE>App_Web_abv5wthj</SOURCE><STACKTRACE>   at TayaIT.Enterprise.EMadbatah.Web.Review.Page_Load(Object sender, EventArgs e) in e:\KNA-Emabdatah\KNA-Emadbatah\TayaIT.Enterprise.EMadbatah.Web\Review.aspx.cs:line 117</STACKTRACE>


----------------------------------------
----------------------------------------
Timestamp: 9/19/2016 12:26:30 PM

Category: SessionID: 189  - Priority: -1 - Title:Object reference not set to an instance of an object.

Message: <SOURCE>App_Web_abv5wthj</SOURCE><STACKTRACE>   at TayaIT.Enterprise.EMadbatah.Web.Review.Page_Load(Object sender, EventArgs e) in e:\KNA-Emabdatah\KNA-Emadbatah\TayaIT.Enterprise.EMadbatah.Web\Review.aspx.cs:line 117</STACKTRACE>


----------------------------------------
----------------------------------------
Timestamp: 9/19/2016 12:26:36 PM

Category: SessionID: 189  - Priority: -1 - Title:Object reference not set to an instance of an object.

Message: <SOURCE>App_Web_abv5wthj</SOURCE><STACKTRACE>   at TayaIT.Enterprise.EMadbatah.Web.Review.Page_Load(Object sender, EventArgs e) in e:\KNA-Emabdatah\KNA-Emadbatah\TayaIT.Enterprise.EMadbatah.Web\Review.aspx.cs:line 117</STACKTRACE>


----------------------------------------
----------------------------------------
Timestamp: 9/19/2016 12:26:37 PM

Category: SessionID: 189  - Priority: -1 - Title:Object reference not set to an instance of an object.

Message: <SOURCE>App_Web_abv5wthj</SOURCE><STACKTRACE>   at TayaIT.Enterprise.EMadbatah.Web.Review.Page_Load(Object sender, EventArgs e) in e:\KNA-Emabdatah\KNA-Emadbatah\TayaIT.Enterprise.EMadbatah.Web\Review.aspx.cs:line 117</STACKTRACE>


----------------------------------------
----------------------------------------
Timestamp: 9/19/2016 12:26:57 PM

Category: SessionID: 189  - Priority: -1 - Title:Object reference not set to an instance of an object.

Message: <SOURCE>App_Web_abv5wthj</SOURCE><STACKTRACE>   at TayaIT.Enterprise.EMadbatah.Web.Review.Page_Load(Object sender, EventArgs e) in e:\KNA-Emabdatah\KNA-Emadbatah\TayaIT.Enterprise.EMadbatah.Web\Review.aspx.cs:line 117</STACKTRACE>


----------------------------------------
----------------------------------------
Timestamp: 9/19/2016 12:27:07 PM

Category: SessionID: 189  - Priority: -1 - Title:Object reference not set to an instance of an object.

Message: <SOURCE>App_Web_abv5wthj</SOURCE><STACKTRACE>   at TayaIT.Enterprise.EMadbatah.Web.Review.Page_Load(Object sender, EventArgs e) in e:\KNA-Emabdatah\KNA-Emadbatah\TayaIT.Enterprise.EMadbatah.Web\Review.aspx.cs:line 117</STACKTRACE>


----------------------------------------
----------------------------------------
Timestamp: 9/19/2016 12:27:09 PM

Category: SessionID: 189  - Priority: -1 - Title:Object reference not set to an instance of an object.

Message: <SOURCE>App_Web_abv5wthj</SOURCE><STACKTRACE>   at TayaIT.Enterprise.EMadbatah.Web.Review.Page_Load(Object sender, EventArgs e) in e:\KNA-Emabdatah\KNA-Emadbatah\TayaIT.Enterprise.EMadbatah.Web\Review.aspx.cs:line 117</STACKTRACE>


----------------------------------------
----------------------------------------
Timestamp: 9/19/2016 12:29:31 PM

Category: SessionID: 193  - Priority: -1 - Title:Object reference not set to an instance of an object.

Message: <SOURCE>App_Web_abv5wthj</SOURCE><STACKTRACE>   at TayaIT.Enterprise.EMadbatah.Web.Review.Page_Load(Object sender, EventArgs e) in e:\KNA-Emabdatah\KNA-Emadbatah\TayaIT.Enterprise.EMadbatah.Web\Review.aspx.cs:line 117</STACKTRACE>


----------------------------------------
----------------------------------------
Timestamp: 9/19/2016 12:29:32 PM

Category: SessionID: 193  - Priority: -1 - Title:Object reference not set to an instance of an object.

Message: <SOURCE>App_Web_abv5wthj</SOURCE><STACKTRACE>   at TayaIT.Enterprise.EMadbatah.Web.Review.Page_Load(Object sender, EventArgs e) in e:\KNA-Emabdatah\KNA-Emadbatah\TayaIT.Enterprise.EMadbatah.Web\Review.aspx.cs:line 117</STACKTRACE>


----------------------------------------
----------------------------------------
Timestamp: 9/19/2016 1:17:48 PM

Category: SessionID: 189  - Priority: -1 - Title:Object reference not set to an instance of an object.

Message: <SOURCE>App_Web_abv5wthj</SOURCE><STACKTRACE>   at TayaIT.Enterprise.EMadbatah.Web.Review.Page_Load(Object sender, EventArgs e) in e:\KNA-Emabdatah\KNA-Emadbatah\TayaIT.Enterprise.EMadbatah.Web\Review.aspx.cs:line 117</STACKTRACE>


----------------------------------------
----------------------------------------
Timestamp: 9/19/2016 1:17:50 PM

Category: SessionID: 189  - Priority: -1 - Title:Object reference not set to an instance of an object.

Message: <SOURCE>App_Web_abv5wthj</SOURCE><STACKTRACE>   at TayaIT.Enterprise.EMadbatah.Web.Review.Page_Load(Object sender, EventArgs e) in e:\KNA-Emabdatah\KNA-Emadbatah\TayaIT.Enterprise.EMadbatah.Web\Review.aspx.cs:line 117</STACKTRACE>


----------------------------------------
----------------------------------------
Timestamp: 9/19/2016 1:32:59 PM

Category: SessionID: 193  - Priority: -1 - Title:Object reference not set to an instance of an object.

Message: <SOURCE>App_Web_abv5wthj</SOURCE><STACKTRACE>   at TayaIT.Enterprise.EMadbatah.Web.Review.Page_Load(Object sender, EventArgs e) in e:\KNA-Emabdatah\KNA-Emadbatah\TayaIT.Enterprise.EMadbatah.Web\Review.aspx.cs:line 117</STACKTRACE>


----------------------------------------
----------------------------------------
Timestamp: 9/19/2016 1:33:01 PM

Category: SessionID: 193  - Priority: -1 - Title:Object reference not set to an instance of an object.

Message: <SOURCE>App_Web_abv5wthj</SOURCE><STACKTRACE>   at TayaIT.Enterprise.EMadbatah.Web.Review.Page_Load(Object sender, EventArgs e) in e:\KNA-Emabdatah\KNA-Emadbatah\TayaIT.Enterprise.EMadbatah.Web\Review.aspx.cs:line 117</STACKTRACE>


----------------------------------------
----------------------------------------
Timestamp: 9/19/2016 1:34:43 PM

Category: SessionID: 189  - Priority: -1 - Title:Object reference not set to an instance of an object.

Message: <SOURCE>App_Web_abv5wthj</SOURCE><STACKTRACE>   at TayaIT.Enterprise.EMadbatah.Web.Review.Page_Load(Object sender, EventArgs e) in e:\KNA-Emabdatah\KNA-Emadbatah\TayaIT.Enterprise.EMadbatah.Web\Review.aspx.cs:line 117</STACKTRACE>


----------------------------------------
----------------------------------------
Timestamp: 9/19/2016 1:34:51 PM

Category: approve session  - Priority: -1 - Title:b4 send mail

Message: b4 send mail

----------------------------------------
----------------------------------------
Timestamp: 9/19/2016 1:34:51 PM

Category: approve session  - Priority: -1 - Title:after send mail

Message: after send mail

----------------------------------------
----------------------------------------
Timestamp: 9/19/2016 1:34:51 PM

Category: approve session  - Priority: -1 - Title:thread1

Message: thread1

----------------------------------------
----------------------------------------
Timestamp: 9/19/2016 1:34:51 PM

Category: approve session  - Priority: -1 - Title:start thread

Message: start thread

----------------------------------------
----------------------------------------
Timestamp: 9/19/2016 1:34:56 PM

Category: ReviewerHandler  - Priority: -1 - Title:Session Start not completed yet

Message: Session Start not completed yet

----------------------------------------
----------------------------------------
Timestamp: 9/19/2016 1:35:15 PM

Category: SessionID: 189  - Priority: -1 - Title:Object reference not set to an instance of an object.

Message: <SOURCE>App_Web_abv5wthj</SOURCE><STACKTRACE>   at TayaIT.Enterprise.EMadbatah.Web.Review.Page_Load(Object sender, EventArgs e) in e:\KNA-Emabdatah\KNA-Emadbatah\TayaIT.Enterprise.EMadbatah.Web\Review.aspx.cs:line 117</STACKTRACE>


----------------------------------------
----------------------------------------
Timestamp: 9/19/2016 1:35:16 PM

Category: SessionID: 189  - Priority: -1 - Title:Object reference not set to an instance of an object.

Message: <SOURCE>App_Web_abv5wthj</SOURCE><STACKTRACE>   at TayaIT.Enterprise.EMadbatah.Web.Review.Page_Load(Object sender, EventArgs e) in e:\KNA-Emabdatah\KNA-Emadbatah\TayaIT.Enterprise.EMadbatah.Web\Review.aspx.cs:line 117</STACKTRACE>


----------------------------------------
----------------------------------------
Timestamp: 9/19/2016 2:20:33 PM

Category: SessionID: 189  - Priority: -1 - Title:Object reference not set to an instance of an object.

Message: <SOURCE>App_Web_abv5wthj</SOURCE><STACKTRACE>   at TayaIT.Enterprise.EMadbatah.Web.Review.Page_Load(Object sender, EventArgs e) in e:\KNA-Emabdatah\KNA-Emadbatah\TayaIT.Enterprise.EMadbatah.Web\Review.aspx.cs:line 117</STACKTRACE>


----------------------------------------
----------------------------------------
Timestamp: 9/19/2016 2:20:33 PM

Category: SessionID: 189  - Priority: -1 - Title:Object reference not set to an instance of an object.

Message: <SOURCE>App_Web_abv5wthj</SOURCE><STACKTRACE>   at TayaIT.Enterprise.EMadbatah.Web.Review.Page_Load(Object sender, EventArgs e) in e:\KNA-Emabdatah\KNA-Emadbatah\TayaIT.Enterprise.EMadbatah.Web\Review.aspx.cs:line 117</STACKTRACE>


----------------------------------------
----------------------------------------
Timestamp: 9/19/2016 2:20:41 PM

Category: SessionID: 179  - Priority: -1 - Title:Object reference not set to an instance of an object.

Message: <SOURCE>App_Web_abv5wthj</SOURCE><STACKTRACE>   at TayaIT.Enterprise.EMadbatah.Web.Review.Page_Load(Object sender, EventArgs e) in e:\KNA-Emabdatah\KNA-Emadbatah\TayaIT.Enterprise.EMadbatah.Web\Review.aspx.cs:line 117</STACKTRACE>


----------------------------------------
----------------------------------------
Timestamp: 9/19/2016 3:54:46 PM

Category: SessionID: 189  - Priority: -1 - Title:Object reference not set to an instance of an object.

Message: <SOURCE>App_Web_gpan0gnw</SOURCE><STACKTRACE>   at TayaIT.Enterprise.EMadbatah.Web.Review.Page_Load(Object sender, EventArgs e) in e:\KNA-Emabdatah\KNA-Emadbatah\TayaIT.Enterprise.EMadbatah.Web\Review.aspx.cs:line 117</STACKTRACE>


----------------------------------------
----------------------------------------
Timestamp: 9/19/2016 3:54:48 PM

Category: SessionID: 189  - Priority: -1 - Title:Object reference not set to an instance of an object.

Message: <SOURCE>App_Web_gpan0gnw</SOURCE><STACKTRACE>   at TayaIT.Enterprise.EMadbatah.Web.Review.Page_Load(Object sender, EventArgs e) in e:\KNA-Emabdatah\KNA-Emadbatah\TayaIT.Enterprise.EMadbatah.Web\Review.aspx.cs:line 117</STACKTRACE>


----------------------------------------
----------------------------------------
Timestamp: 9/19/2016 3:56:50 PM

Category: SessionID: 189  - Priority: -1 - Title:Object reference not set to an instance of an object.

Message: <SOURCE>App_Web_ubkxfgkx</SOURCE><STACKTRACE>   at TayaIT.Enterprise.EMadbatah.Web.Review.Page_Load(Object sender, EventArgs e) in e:\KNA-Emabdatah\KNA-Emadbatah\TayaIT.Enterprise.EMadbatah.Web\Review.aspx.cs:line 117</STACKTRACE>


----------------------------------------
----------------------------------------
Timestamp: 9/19/2016 4:00:38 PM

Category: SessionID: 189  - Priority: -1 - Title:Object reference not set to an instance of an object.

Message: <SOURCE>App_Web_f1x0z4ld</SOURCE><STACKTRACE>   at TayaIT.Enterprise.EMadbatah.Web.Review.Page_Load(Object sender, EventArgs e) in e:\KNA-Emabdatah\KNA-Emadbatah\TayaIT.Enterprise.EMadbatah.Web\Review.aspx.cs:line 117</STACKTRACE>


----------------------------------------
----------------------------------------
Timestamp: 9/19/2016 4:00:44 PM

Category: SessionID: 189  - Priority: -1 - Title:Object reference not set to an instance of an object.

Message: <SOURCE>App_Web_f1x0z4ld</SOURCE><STACKTRACE>   at TayaIT.Enterprise.EMadbatah.Web.Review.Page_Load(Object sender, EventArgs e) in e:\KNA-Emabdatah\KNA-Emadbatah\TayaIT.Enterprise.EMadbatah.Web\Review.aspx.cs:line 117</STACKTRACE>


----------------------------------------
----------------------------------------
Timestamp: 9/19/2016 4:00:45 PM

Category: SessionID: 189  - Priority: -1 - Title:Object reference not set to an instance of an object.

Message: <SOURCE>App_Web_f1x0z4ld</SOURCE><STACKTRACE>   at TayaIT.Enterprise.EMadbatah.Web.Review.Page_Load(Object sender, EventArgs e) in e:\KNA-Emabdatah\KNA-Emadbatah\TayaIT.Enterprise.EMadbatah.Web\Review.aspx.cs:line 117</STACKTRACE>


----------------------------------------
----------------------------------------
Timestamp: 9/19/2016 4:30:42 PM

Category: SessionID: 189  - Priority: -1 - Title:Object reference not set to an instance of an object.

Message: <SOURCE>App_Web_xsurbvzw</SOURCE><STACKTRACE>   at TayaIT.Enterprise.EMadbatah.Web.Review.Page_Load(Object sender, EventArgs e) in e:\KNA-Emabdatah\KNA-Emadbatah\TayaIT.Enterprise.EMadbatah.Web\Review.aspx.cs:line 117</STACKTRACE>


----------------------------------------
----------------------------------------
Timestamp: 9/19/2016 4:41:22 PM

Category: TayaIT.Enterprise.EMadbatah.DAL.SessionFileHelper.GetSessionFileBySessionFileID(0)  - Priority: -1 - Title:Object reference not set to an instance of an object.

Message: <SOURCE>TayaIT.Enterprise.EMadbatah.DAL</SOURCE><STACKTRACE>   at TayaIT.Enterprise.EMadbatah.DAL.SessionFileHelper.GetSessionFileByID(Int64 sessionFileID) in E:\KNA-Emabdatah\KNA-Emadbatah\TayaIT.Enterprise.EMadbatah.DAL\SessionFileHelper.cs:line 265</STACKTRACE>


----------------------------------------
----------------------------------------
Timestamp: 9/19/2016 4:42:54 PM

Category: TayaIT.Enterprise.EMadbatah.DAL.SessionFileHelper.GetSessionFileBySessionFileID(0)  - Priority: -1 - Title:Object reference not set to an instance of an object.

Message: <SOURCE>TayaIT.Enterprise.EMadbatah.DAL</SOURCE><STACKTRACE>   at TayaIT.Enterprise.EMadbatah.DAL.SessionFileHelper.GetSessionFileByID(Int64 sessionFileID) in E:\KNA-Emabdatah\KNA-Emadbatah\TayaIT.Enterprise.EMadbatah.DAL\SessionFileHelper.cs:line 265</STACKTRACE>


----------------------------------------
----------------------------------------
Timestamp: 9/19/2016 4:45:34 PM

Category: TayaIT.Enterprise.EMadbatah.DAL.SessionFileHelper.GetSessionFileBySessionFileID(0)  - Priority: -1 - Title:Object reference not set to an instance of an object.

Message: <SOURCE>TayaIT.Enterprise.EMadbatah.DAL</SOURCE><STACKTRACE>   at TayaIT.Enterprise.EMadbatah.DAL.SessionFileHelper.GetSessionFileByID(Int64 sessionFileID) in E:\KNA-Emabdatah\KNA-Emadbatah\TayaIT.Enterprise.EMadbatah.DAL\SessionFileHelper.cs:line 265</STACKTRACE>


----------------------------------------
----------------------------------------
Timestamp: 9/20/2016 11:00:52 AM

Category: SessionID: 189  - Priority: -1 - Title:Object reference not set to an instance of an object.

Message: <SOURCE>App_Web_id5chscx</SOURCE><STACKTRACE>   at TayaIT.Enterprise.EMadbatah.Web.Review.Page_Load(Object sender, EventArgs e) in e:\KNA-Emabdatah\KNA-Emadbatah\TayaIT.Enterprise.EMadbatah.Web\Review.aspx.cs:line 117</STACKTRACE>


----------------------------------------
----------------------------------------
Timestamp: 9/20/2016 11:00:55 AM

Category: SessionID: 189  - Priority: -1 - Title:Object reference not set to an instance of an object.

Message: <SOURCE>App_Web_id5chscx</SOURCE><STACKTRACE>   at TayaIT.Enterprise.EMadbatah.Web.Review.Page_Load(Object sender, EventArgs e) in e:\KNA-Emabdatah\KNA-Emadbatah\TayaIT.Enterprise.EMadbatah.Web\Review.aspx.cs:line 117</STACKTRACE>


----------------------------------------
