----------------------------------------
Timestamp: 12/8/2013 2:43:58 PM

Category: TayaIT.Enterprise.EMadbatah.DAL.SessionStartHelper.GetSessionStartBySessionId(117)  - Priority: -1 - Title:An error occurred while closing the provider connection. See the inner exception for details.

Message: <SOURCE>System.Data.Entity</SOURCE><STACKTRACE>   at System.Data.EntityClient.EntityConnection.StoreCloseHelper()
   at System.Data.EntityClient.EntityConnection.CloseHelper()
   at System.Data.EntityClient.EntityConnection.Close()
   at System.Data.Objects.ObjectContext.ReleaseConnection()
   at System.Data.Common.Internal.Materialization.Shaper`1.Finally()
   at System.Data.Common.Internal.Materialization.Shaper`1.SimpleEnumerator.Dispose()
   at System.Linq.Enumerable.FirstOrDefault[TSource](IEnumerable`1 source)
   at System.Data.Objects.ELinq.ObjectQueryProvider.<GetElementFunction>b__1[TResult](IEnumerable`1 sequence)
   at System.Data.Objects.ELinq.ObjectQueryProvider.ExecuteSingle[TResult](IEnumerable`1 query, Expression queryRoot)
   at System.Data.Objects.ELinq.ObjectQueryProvider.System.Linq.IQueryProvider.Execute[S](Expression expression)
   at System.Linq.Queryable.FirstOrDefault[TSource](IQueryable`1 source, Expression`1 predicate)
   at TayaIT.Enterprise.EMadbatah.DAL.SessionStartHelper.GetSessionStartBySessionId(Int64 session_id) in E:\Madbatah_\eMadbatah\trunk\TayaIT.Enterprise.EMadbatah.DAL\SessionStartHelper.cs:line 189</STACKTRACE>
<INNEREXCEPTION><INNERMESSAGE>Adding the specified count to the semaphore would cause it to exceed its maximum count.</INNERMESSAGE><SOURCE>System</SOURCE><STACKTRACE>   at System.Threading.Semaphore.Release(Int32 releaseCount)
   at System.Data.ProviderBase.DbConnectionPool.PutNewObject(DbConnectionInternal obj)
   at System.Data.ProviderBase.DbConnectionPool.DeactivateObject(DbConnectionInternal obj)
   at System.Data.ProviderBase.DbConnectionPool.PutObject(DbConnectionInternal obj, Object owningObject)
   at System.Data.ProviderBase.DbConnectionInternal.CloseConnection(DbConnection owningObject, DbConnectionFactory connectionFactory)
   at System.Data.SqlClient.SqlInternalConnection.CloseConnection(DbConnection owningObject, DbConnectionFactory connectionFactory)
   at System.Data.SqlClient.SqlConnection.Close()
   at System.Data.EntityClient.EntityConnection.StoreCloseHelper()</STACKTRACE></INNEREXCEPTION>


----------------------------------------
----------------------------------------
Timestamp: 12/8/2013 2:43:59 PM

Category: TayaIT.Enterprise.EMadbatah.DAL.SessionContentItemHelper.GetSessionContentItemsBySessionID(117)  - Priority: -1 - Title:The underlying provider failed on Open.

Message: <SOURCE>System.Data.Entity</SOURCE><STACKTRACE>   at System.Data.EntityClient.EntityConnection.OpenStoreConnectionIf(Boolean openCondition, DbConnection storeConnectionToOpen, DbConnection originalConnection, String exceptionCode, String attemptedOperation, Boolean& closeStoreConnectionOnFailure)
   at System.Data.EntityClient.EntityConnection.Open()
   at System.Data.Objects.ObjectContext.EnsureConnection()
   at System.Data.Objects.ObjectQuery`1.GetResults(Nullable`1 forMergeOption)
   at System.Data.Objects.ObjectQuery`1.System.Collections.Generic.IEnumerable<T>.GetEnumerator()
   at System.Linq.Enumerable.FirstOrDefault[TSource](IEnumerable`1 source)
   at System.Data.Objects.ELinq.ObjectQueryProvider.<GetElementFunction>b__1[TResult](IEnumerable`1 sequence)
   at System.Data.Objects.ELinq.ObjectQueryProvider.ExecuteSingle[TResult](IEnumerable`1 query, Expression queryRoot)
   at System.Data.Objects.ELinq.ObjectQueryProvider.System.Linq.IQueryProvider.Execute[S](Expression expression)
   at System.Linq.Queryable.FirstOrDefault[TSource](IQueryable`1 source, Expression`1 predicate)
   at TayaIT.Enterprise.EMadbatah.DAL.SessionContentItemHelper.DoesSessionContainsUndefinedAttendants(Int64 sessionID) in E:\Madbatah_\eMadbatah\trunk\TayaIT.Enterprise.EMadbatah.DAL\SessionContentItemHelper.cs:line 668</STACKTRACE>
<INNEREXCEPTION><INNERMESSAGE>The handle is invalid. (Exception from HRESULT: 0x80070006 (E_HANDLE))</INNERMESSAGE><SOURCE>mscorlib</SOURCE><STACKTRACE>   at System.Runtime.InteropServices.Marshal.ThrowExceptionForHRInternal(Int32 errorCode, IntPtr errorInfo)
   at System.Runtime.InteropServices.Marshal.ThrowExceptionForHR(Int32 errorCode)
   at System.Data.ProviderBase.DbConnectionPool.GetConnection(DbConnection owningObject)
   at System.Data.ProviderBase.DbConnectionFactory.GetConnection(DbConnection owningConnection)
   at System.Data.ProviderBase.DbConnectionClosed.OpenConnection(DbConnection outerConnection, DbConnectionFactory connectionFactory)
   at System.Data.SqlClient.SqlConnection.Open()
   at System.Data.EntityClient.EntityConnection.OpenStoreConnectionIf(Boolean openCondition, DbConnection storeConnectionToOpen, DbConnection originalConnection, String exceptionCode, String attemptedOperation, Boolean& closeStoreConnectionOnFailure)</STACKTRACE></INNEREXCEPTION>


----------------------------------------
----------------------------------------
Timestamp: 12/8/2013 2:43:59 PM

Category: TayaIT.Enterprise.EMadbatah.DAL.SessionContentItemHelper.GetSessionContentItemsBySessionID(117)  - Priority: -1 - Title:The underlying provider failed on Open.

Message: <SOURCE>System.Data.Entity</SOURCE><STACKTRACE>   at System.Data.EntityClient.EntityConnection.OpenStoreConnectionIf(Boolean openCondition, DbConnection storeConnectionToOpen, DbConnection originalConnection, String exceptionCode, String attemptedOperation, Boolean& closeStoreConnectionOnFailure)
   at System.Data.EntityClient.EntityConnection.Open()
   at System.Data.Objects.ObjectContext.EnsureConnection()
   at System.Data.Objects.ObjectQuery`1.GetResults(Nullable`1 forMergeOption)
   at System.Data.Objects.ObjectQuery`1.System.Collections.Generic.IEnumerable<T>.GetEnumerator()
   at System.Linq.Enumerable.FirstOrDefault[TSource](IEnumerable`1 source)
   at System.Data.Objects.ELinq.ObjectQueryProvider.<GetElementFunction>b__1[TResult](IEnumerable`1 sequence)
   at System.Data.Objects.ELinq.ObjectQueryProvider.ExecuteSingle[TResult](IEnumerable`1 query, Expression queryRoot)
   at System.Data.Objects.ELinq.ObjectQueryProvider.System.Linq.IQueryProvider.Execute[S](Expression expression)
   at System.Linq.Queryable.FirstOrDefault[TSource](IQueryable`1 source, Expression`1 predicate)
   at TayaIT.Enterprise.EMadbatah.DAL.SessionContentItemHelper.DoesSessionContainsUndefinedAgendaItem(Int64 sessionID) in E:\Madbatah_\eMadbatah\trunk\TayaIT.Enterprise.EMadbatah.DAL\SessionContentItemHelper.cs:line 793</STACKTRACE>
<INNEREXCEPTION><INNERMESSAGE>The handle is invalid. (Exception from HRESULT: 0x80070006 (E_HANDLE))</INNERMESSAGE><SOURCE>mscorlib</SOURCE><STACKTRACE>   at System.Runtime.InteropServices.Marshal.ThrowExceptionForHRInternal(Int32 errorCode, IntPtr errorInfo)
   at System.Runtime.InteropServices.Marshal.ThrowExceptionForHR(Int32 errorCode)
   at System.Data.ProviderBase.DbConnectionPool.GetConnection(DbConnection owningObject)
   at System.Data.ProviderBase.DbConnectionFactory.GetConnection(DbConnection owningConnection)
   at System.Data.ProviderBase.DbConnectionClosed.OpenConnection(DbConnection outerConnection, DbConnectionFactory connectionFactory)
   at System.Data.SqlClient.SqlConnection.Open()
   at System.Data.EntityClient.EntityConnection.OpenStoreConnectionIf(Boolean openCondition, DbConnection storeConnectionToOpen, DbConnection originalConnection, String exceptionCode, String attemptedOperation, Boolean& closeStoreConnectionOnFailure)</STACKTRACE></INNEREXCEPTION>


----------------------------------------
----------------------------------------
Timestamp: 12/8/2013 2:43:59 PM

Category: TayaIT.Enterprise.EMadbatah.DAL.SessionHelper.GetSessionChecker(117)  - Priority: -1 - Title:The underlying provider failed on Open.

Message: <SOURCE>System.Data.Entity</SOURCE><STACKTRACE>   at System.Data.EntityClient.EntityConnection.OpenStoreConnectionIf(Boolean openCondition, DbConnection storeConnectionToOpen, DbConnection originalConnection, String exceptionCode, String attemptedOperation, Boolean& closeStoreConnectionOnFailure)
   at System.Data.EntityClient.EntityConnection.Open()
   at System.Data.Objects.ObjectContext.EnsureConnection()
   at System.Data.Objects.ObjectQuery`1.GetResults(Nullable`1 forMergeOption)
   at System.Data.Objects.ObjectQuery`1.System.Collections.Generic.IEnumerable<T>.GetEnumerator()
   at System.Linq.Enumerable.Single[TSource](IEnumerable`1 source)
   at System.Data.Objects.ELinq.ObjectQueryProvider.<GetElementFunction>b__3[TResult](IEnumerable`1 sequence)
   at System.Data.Objects.ELinq.ObjectQueryProvider.ExecuteSingle[TResult](IEnumerable`1 query, Expression queryRoot)
   at System.Data.Objects.ELinq.ObjectQueryProvider.System.Linq.IQueryProvider.Execute[S](Expression expression)
   at System.Linq.Queryable.Count[TSource](IQueryable`1 source)
   at TayaIT.Enterprise.EMadbatah.DAL.SessionHelper.GetSessionChecker(Int64 sessionID) in E:\Madbatah_\eMadbatah\trunk\TayaIT.Enterprise.EMadbatah.DAL\SessionHelper.cs:line 712</STACKTRACE>
<INNEREXCEPTION><INNERMESSAGE>The handle is invalid. (Exception from HRESULT: 0x80070006 (E_HANDLE))</INNERMESSAGE><SOURCE>mscorlib</SOURCE><STACKTRACE>   at System.Runtime.InteropServices.Marshal.ThrowExceptionForHRInternal(Int32 errorCode, IntPtr errorInfo)
   at System.Runtime.InteropServices.Marshal.ThrowExceptionForHR(Int32 errorCode)
   at System.Data.ProviderBase.DbConnectionPool.GetConnection(DbConnection owningObject)
   at System.Data.ProviderBase.DbConnectionFactory.GetConnection(DbConnection owningConnection)
   at System.Data.ProviderBase.DbConnectionClosed.OpenConnection(DbConnection outerConnection, DbConnectionFactory connectionFactory)
   at System.Data.SqlClient.SqlConnection.Open()
   at System.Data.EntityClient.EntityConnection.OpenStoreConnectionIf(Boolean openCondition, DbConnection storeConnectionToOpen, DbConnection originalConnection, String exceptionCode, String attemptedOperation, Boolean& closeStoreConnectionOnFailure)</STACKTRACE></INNEREXCEPTION>


----------------------------------------
