----------------------------------------
Timestamp: 9/8/2016 1:38:00 PM

Category: SessionID: 185  - Priority: -1 - Title:Object reference not set to an instance of an object.

Message: <SOURCE>App_Web_s3pksv4v</SOURCE><STACKTRACE>   at TayaIT.Enterprise.EMadbatah.Web.Review.Page_Load(Object sender, EventArgs e) in e:\KNA-Emabdatah\KNA-Emadbatah\TayaIT.Enterprise.EMadbatah.Web\Review.aspx.cs:line 117</STACKTRACE>


----------------------------------------
----------------------------------------
Timestamp: 9/8/2016 1:38:43 PM

Category: SessionID: 185  - Priority: -1 - Title:Object reference not set to an instance of an object.

Message: <SOURCE>App_Web_s3pksv4v</SOURCE><STACKTRACE>   at TayaIT.Enterprise.EMadbatah.Web.Review.Page_Load(Object sender, EventArgs e) in e:\KNA-Emabdatah\KNA-Emadbatah\TayaIT.Enterprise.EMadbatah.Web\Review.aspx.cs:line 117</STACKTRACE>


----------------------------------------
----------------------------------------
Timestamp: 9/8/2016 1:38:44 PM

Category: SessionID: 185  - Priority: -1 - Title:Object reference not set to an instance of an object.

Message: <SOURCE>App_Web_s3pksv4v</SOURCE><STACKTRACE>   at TayaIT.Enterprise.EMadbatah.Web.Review.Page_Load(Object sender, EventArgs e) in e:\KNA-Emabdatah\KNA-Emadbatah\TayaIT.Enterprise.EMadbatah.Web\Review.aspx.cs:line 117</STACKTRACE>


----------------------------------------
----------------------------------------
Timestamp: 9/8/2016 1:39:07 PM

Category: SessionID: 185  - Priority: -1 - Title:Object reference not set to an instance of an object.

Message: <SOURCE>App_Web_s3pksv4v</SOURCE><STACKTRACE>   at TayaIT.Enterprise.EMadbatah.Web.Review.Page_Load(Object sender, EventArgs e) in e:\KNA-Emabdatah\KNA-Emadbatah\TayaIT.Enterprise.EMadbatah.Web\Review.aspx.cs:line 117</STACKTRACE>


----------------------------------------
----------------------------------------
Timestamp: 9/8/2016 1:40:08 PM

Category: SessionID: 185  - Priority: -1 - Title:Object reference not set to an instance of an object.

Message: <SOURCE>App_Web_s3pksv4v</SOURCE><STACKTRACE>   at TayaIT.Enterprise.EMadbatah.Web.Review.Page_Load(Object sender, EventArgs e) in e:\KNA-Emabdatah\KNA-Emadbatah\TayaIT.Enterprise.EMadbatah.Web\Review.aspx.cs:line 117</STACKTRACE>


----------------------------------------
----------------------------------------
Timestamp: 9/8/2016 1:40:09 PM

Category: SessionID: 185  - Priority: -1 - Title:Object reference not set to an instance of an object.

Message: <SOURCE>App_Web_s3pksv4v</SOURCE><STACKTRACE>   at TayaIT.Enterprise.EMadbatah.Web.Review.Page_Load(Object sender, EventArgs e) in e:\KNA-Emabdatah\KNA-Emadbatah\TayaIT.Enterprise.EMadbatah.Web\Review.aspx.cs:line 117</STACKTRACE>


----------------------------------------
----------------------------------------
Timestamp: 9/8/2016 2:00:27 PM

Category: SessionID: 185  - Priority: -1 - Title:Object reference not set to an instance of an object.

Message: <SOURCE>App_Web_s3pksv4v</SOURCE><STACKTRACE>   at TayaIT.Enterprise.EMadbatah.Web.Review.Page_Load(Object sender, EventArgs e) in e:\KNA-Emabdatah\KNA-Emadbatah\TayaIT.Enterprise.EMadbatah.Web\Review.aspx.cs:line 117</STACKTRACE>


----------------------------------------
----------------------------------------
Timestamp: 9/8/2016 2:00:37 PM

Category: SessionID: 185  - Priority: -1 - Title:Object reference not set to an instance of an object.

Message: <SOURCE>App_Web_s3pksv4v</SOURCE><STACKTRACE>   at TayaIT.Enterprise.EMadbatah.Web.Review.Page_Load(Object sender, EventArgs e) in e:\KNA-Emabdatah\KNA-Emadbatah\TayaIT.Enterprise.EMadbatah.Web\Review.aspx.cs:line 117</STACKTRACE>


----------------------------------------
----------------------------------------
Timestamp: 9/8/2016 2:00:40 PM

Category: SessionID: 185  - Priority: -1 - Title:Object reference not set to an instance of an object.

Message: <SOURCE>App_Web_s3pksv4v</SOURCE><STACKTRACE>   at TayaIT.Enterprise.EMadbatah.Web.Review.Page_Load(Object sender, EventArgs e) in e:\KNA-Emabdatah\KNA-Emadbatah\TayaIT.Enterprise.EMadbatah.Web\Review.aspx.cs:line 117</STACKTRACE>


----------------------------------------
----------------------------------------
Timestamp: 9/8/2016 3:05:18 PM

Category: SessionID: 185  - Priority: -1 - Title:Object reference not set to an instance of an object.

Message: <SOURCE>App_Web_s3pksv4v</SOURCE><STACKTRACE>   at TayaIT.Enterprise.EMadbatah.Web.Review.Page_Load(Object sender, EventArgs e) in e:\KNA-Emabdatah\KNA-Emadbatah\TayaIT.Enterprise.EMadbatah.Web\Review.aspx.cs:line 117</STACKTRACE>


----------------------------------------
----------------------------------------
Timestamp: 9/8/2016 3:05:19 PM

Category: SessionID: 185  - Priority: -1 - Title:Object reference not set to an instance of an object.

Message: <SOURCE>App_Web_s3pksv4v</SOURCE><STACKTRACE>   at TayaIT.Enterprise.EMadbatah.Web.Review.Page_Load(Object sender, EventArgs e) in e:\KNA-Emabdatah\KNA-Emadbatah\TayaIT.Enterprise.EMadbatah.Web\Review.aspx.cs:line 117</STACKTRACE>


----------------------------------------
----------------------------------------
Timestamp: 9/8/2016 3:40:11 PM

Category: SessionID: 185  - Priority: -1 - Title:Object reference not set to an instance of an object.

Message: <SOURCE>App_Web_s3pksv4v</SOURCE><STACKTRACE>   at TayaIT.Enterprise.EMadbatah.Web.Review.Page_Load(Object sender, EventArgs e) in e:\KNA-Emabdatah\KNA-Emadbatah\TayaIT.Enterprise.EMadbatah.Web\Review.aspx.cs:line 117</STACKTRACE>


----------------------------------------
----------------------------------------
Timestamp: 9/8/2016 3:40:12 PM

Category: SessionID: 185  - Priority: -1 - Title:Object reference not set to an instance of an object.

Message: <SOURCE>App_Web_s3pksv4v</SOURCE><STACKTRACE>   at TayaIT.Enterprise.EMadbatah.Web.Review.Page_Load(Object sender, EventArgs e) in e:\KNA-Emabdatah\KNA-Emadbatah\TayaIT.Enterprise.EMadbatah.Web\Review.aspx.cs:line 117</STACKTRACE>


----------------------------------------
----------------------------------------
Timestamp: 9/8/2016 4:49:06 PM

Category: SessionID: 185  - Priority: -1 - Title:Object reference not set to an instance of an object.

Message: <SOURCE>App_Web_s3pksv4v</SOURCE><STACKTRACE>   at TayaIT.Enterprise.EMadbatah.Web.Review.Page_Load(Object sender, EventArgs e) in e:\KNA-Emabdatah\KNA-Emadbatah\TayaIT.Enterprise.EMadbatah.Web\Review.aspx.cs:line 117</STACKTRACE>


----------------------------------------
----------------------------------------
Timestamp: 9/8/2016 4:49:07 PM

Category: SessionID: 185  - Priority: -1 - Title:Object reference not set to an instance of an object.

Message: <SOURCE>App_Web_s3pksv4v</SOURCE><STACKTRACE>   at TayaIT.Enterprise.EMadbatah.Web.Review.Page_Load(Object sender, EventArgs e) in e:\KNA-Emabdatah\KNA-Emadbatah\TayaIT.Enterprise.EMadbatah.Web\Review.aspx.cs:line 117</STACKTRACE>


----------------------------------------
----------------------------------------
Timestamp: 10/09/2016 05:21:33 ص

Category: TayaIT.Enterprise.EMadbatah.DAL.UserHelper.AddNewUser(Usama Nada)  - Priority: -1 - Title:An error occurred while updating the entries. See the inner exception for details.

Message: <SOURCE>System.Data.Entity</SOURCE><STACKTRACE>   at System.Data.Mapping.Update.Internal.UpdateTranslator.Update(IEntityStateManager stateManager, IEntityAdapter adapter)
   at System.Data.EntityClient.EntityAdapter.Update(IEntityStateManager entityCache)
   at System.Data.Objects.ObjectContext.SaveChanges(SaveOptions options)
   at System.Data.Objects.ObjectContext.SaveChanges()
   at TayaIT.Enterprise.EMadbatah.DAL.UserHelper.AddNewUser(String name, Int64 roleID, String domainUserName, String email, Boolean status) in E:\KNA-Emabdatah\KNA-Emadbatah\TayaIT.Enterprise.EMadbatah.DAL\UserHelper.cs:line 32</STACKTRACE>
<INNEREXCEPTION><INNERMESSAGE>The INSERT statement conflicted with the FOREIGN KEY constraint "FK_User_Role". The conflict occurred in database "Emadbatah2", table "dbo.Role", column 'ID'.
The statement has been terminated.</INNERMESSAGE><SOURCE>.Net SqlClient Data Provider</SOURCE><STACKTRACE>   at System.Data.SqlClient.SqlConnection.OnError(SqlException exception, Boolean breakConnection, Action`1 wrapCloseInAction)
   at System.Data.SqlClient.SqlInternalConnection.OnError(SqlException exception, Boolean breakConnection, Action`1 wrapCloseInAction)
   at System.Data.SqlClient.TdsParser.ThrowExceptionAndWarning(TdsParserStateObject stateObj, Boolean callerHasConnectionLock, Boolean asyncClose)
   at System.Data.SqlClient.TdsParser.TryRun(RunBehavior runBehavior, SqlCommand cmdHandler, SqlDataReader dataStream, BulkCopySimpleResultSet bulkCopyHandler, TdsParserStateObject stateObj, Boolean& dataReady)
   at System.Data.SqlClient.SqlDataReader.TryConsumeMetaData()
   at System.Data.SqlClient.SqlDataReader.get_MetaData()
   at System.Data.SqlClient.SqlCommand.FinishExecuteReader(SqlDataReader ds, RunBehavior runBehavior, String resetOptionsString)
   at System.Data.SqlClient.SqlCommand.RunExecuteReaderTds(CommandBehavior cmdBehavior, RunBehavior runBehavior, Boolean returnStream, Boolean async, Int32 timeout, Task& task, Boolean asyncWrite, SqlDataReader ds, Boolean describeParameterEncryptionRequest)
   at System.Data.SqlClient.SqlCommand.RunExecuteReader(CommandBehavior cmdBehavior, RunBehavior runBehavior, Boolean returnStream, String method, TaskCompletionSource`1 completion, Int32 timeout, Task& task, Boolean asyncWrite)
   at System.Data.SqlClient.SqlCommand.RunExecuteReader(CommandBehavior cmdBehavior, RunBehavior runBehavior, Boolean returnStream, String method)
   at System.Data.SqlClient.SqlCommand.ExecuteReader(CommandBehavior behavior, String method)
   at System.Data.SqlClient.SqlCommand.ExecuteDbDataReader(CommandBehavior behavior)
   at System.Data.Common.DbCommand.ExecuteReader(CommandBehavior behavior)
   at System.Data.Mapping.Update.Internal.DynamicUpdateCommand.Execute(UpdateTranslator translator, EntityConnection connection, Dictionary`2 identifierValues, List`1 generatedValues)
   at System.Data.Mapping.Update.Internal.UpdateTranslator.Update(IEntityStateManager stateManager, IEntityAdapter adapter)</STACKTRACE></INNEREXCEPTION>


----------------------------------------
----------------------------------------
Timestamp: 10/09/2016 05:32:12 ص

Category: TayaIT.Enterprise.EMadbatah.DAL.UserHelper.GetAllUsersCount()  - Priority: -1 - Title:An error occurred while preparing the command definition. See the inner exception for details.

Message: <SOURCE>System.Data.Entity</SOURCE><STACKTRACE>   at System.Data.EntityClient.EntityCommandDefinition..ctor(DbProviderFactory storeProviderFactory, DbCommandTree commandTree)
   at System.Data.EntityClient.EntityProviderServices.CreateCommandDefinition(DbProviderFactory storeProviderFactory, DbCommandTree commandTree)
   at System.Data.EntityClient.EntityProviderServices.CreateDbCommandDefinition(DbProviderManifest providerManifest, DbCommandTree commandTree)
   at System.Data.Common.DbProviderServices.CreateCommandDefinition(DbCommandTree commandTree)
   at System.Data.Objects.Internal.ObjectQueryExecutionPlan.Prepare(ObjectContext context, DbQueryCommandTree tree, Type elementType, MergeOption mergeOption, Span span, ReadOnlyCollection`1 compiledQueryParameters, AliasGenerator aliasGenerator)
   at System.Data.Objects.ELinq.ELinqQueryState.GetExecutionPlan(Nullable`1 forMergeOption)
   at System.Data.Objects.ObjectQuery`1.GetResults(Nullable`1 forMergeOption)
   at System.Data.Objects.ObjectQuery`1.System.Collections.Generic.IEnumerable<T>.GetEnumerator()
   at System.Linq.Enumerable.Single[TSource](IEnumerable`1 source)
   at System.Data.Objects.ELinq.ObjectQueryProvider.<>c__11`1.<GetElementFunction>b__11_3(IEnumerable`1 sequence)
   at System.Data.Objects.ELinq.ObjectQueryProvider.ExecuteSingle[TResult](IEnumerable`1 query, Expression queryRoot)
   at System.Data.Objects.ELinq.ObjectQueryProvider.System.Linq.IQueryProvider.Execute[S](Expression expression)
   at System.Linq.Queryable.Count[TSource](IQueryable`1 source)
   at TayaIT.Enterprise.EMadbatah.DAL.UserHelper.GetAllUsersCount() in E:\Dina\10-9\Emadbatah\TayaIT.Enterprise.EMadbatah.DAL\UserHelper.cs:line 240</STACKTRACE>
<INNEREXCEPTION><INNERMESSAGE>
EMadbatahEntities.msl(3,4) : error 3027: No mapping specified for the following EntitySet/AssociationSet - CommitteeAttendants.</INNERMESSAGE><SOURCE>System.Data.Entity</SOURCE><STACKTRACE>   at System.Data.Mapping.StorageMappingItemCollection.ViewDictionary.SerializedGenerateViews(StorageEntityContainerMapping entityContainerMap, Dictionary`2 resultDictionary)
   at System.Data.Mapping.StorageMappingItemCollection.ViewDictionary.SerializedGetGeneratedViews(EntityContainer container)
   at System.Data.Common.Utils.Memoizer`2.<>c__DisplayClass4_0.<Evaluate>b__0()
   at System.Data.Common.Utils.Memoizer`2.Result.GetValue()
   at System.Data.Common.Utils.Memoizer`2.Evaluate(TArg arg)
   at System.Data.Mapping.StorageMappingItemCollection.ViewDictionary.GetGeneratedView(EntitySetBase extent, MetadataWorkspace workspace, StorageMappingItemCollection storageMappingItemCollection)
   at System.Data.Metadata.Edm.MetadataWorkspace.GetGeneratedView(EntitySetBase extent)
   at System.Data.Query.PlanCompiler.PreProcessor.ExpandView(Node node, ScanTableOp scanTableOp, IsOfOp& typeFilter)
   at System.Data.Query.PlanCompiler.PreProcessor.ProcessScanTable(Node scanTableNode, ScanTableOp scanTableOp, IsOfOp& typeFilter)
   at System.Data.Query.PlanCompiler.PreProcessor.Visit(ScanTableOp op, Node n)
   at System.Data.Query.InternalTrees.ScanTableOp.Accept[TResultType](BasicOpVisitorOfT`1 v, Node n)
   at System.Data.Query.InternalTrees.BasicOpVisitorOfT`1.VisitNode(Node n)
   at System.Data.Query.PlanCompiler.SubqueryTrackingVisitor.VisitChildren(Node n)
   at System.Data.Query.PlanCompiler.SubqueryTrackingVisitor.VisitRelOpDefault(RelOp op, Node n)
   at System.Data.Query.PlanCompiler.PreProcessor.Visit(ProjectOp op, Node n)
   at System.Data.Query.InternalTrees.ProjectOp.Accept[TResultType](BasicOpVisitorOfT`1 v, Node n)
   at System.Data.Query.InternalTrees.BasicOpVisitorOfT`1.VisitNode(Node n)
   at System.Data.Query.PlanCompiler.SubqueryTrackingVisitor.VisitChildren(Node n)
   at System.Data.Query.InternalTrees.BasicOpVisitorOfNode.VisitDefault(Node n)
   at System.Data.Query.InternalTrees.BasicOpVisitorOfNode.VisitPhysicalOpDefault(PhysicalOp op, Node n)
   at System.Data.Query.InternalTrees.BasicOpVisitorOfT`1.Visit(PhysicalProjectOp op, Node n)
   at System.Data.Query.InternalTrees.PhysicalProjectOp.Accept[TResultType](BasicOpVisitorOfT`1 v, Node n)
   at System.Data.Query.InternalTrees.BasicOpVisitorOfT`1.VisitNode(Node n)
   at System.Data.Query.PlanCompiler.SubqueryTrackingVisitor.VisitChildren(Node n)
   at System.Data.Query.PlanCompiler.PreProcessor.VisitScalarOpDefault(ScalarOp op, Node n)
   at System.Data.Query.PlanCompiler.PreProcessor.Visit(CollectOp op, Node n)
   at System.Data.Query.InternalTrees.CollectOp.Accept[TResultType](BasicOpVisitorOfT`1 v, Node n)
   at System.Data.Query.InternalTrees.BasicOpVisitorOfT`1.VisitNode(Node n)
   at System.Data.Query.PlanCompiler.SubqueryTrackingVisitor.VisitChildren(Node n)
   at System.Data.Query.PlanCompiler.PreProcessor.VisitScalarOpDefault(ScalarOp op, Node n)
   at System.Data.Query.PlanCompiler.PreProcessor.Visit(FunctionOp op, Node n)
   at System.Data.Query.InternalTrees.FunctionOp.Accept[TResultType](BasicOpVisitorOfT`1 v, Node n)
   at System.Data.Query.InternalTrees.BasicOpVisitorOfT`1.VisitNode(Node n)
   at System.Data.Query.PlanCompiler.SubqueryTrackingVisitor.VisitChildren(Node n)
   at System.Data.Query.InternalTrees.BasicOpVisitorOfNode.VisitDefault(Node n)
   at System.Data.Query.InternalTrees.BasicOpVisitorOfNode.VisitAncillaryOpDefault(AncillaryOp op, Node n)
   at System.Data.Query.InternalTrees.BasicOpVisitorOfT`1.Visit(VarDefOp op, Node n)
   at System.Data.Query.InternalTrees.VarDefOp.Accept[TResultType](BasicOpVisitorOfT`1 v, Node n)
   at System.Data.Query.InternalTrees.BasicOpVisitorOfT`1.VisitNode(Node n)
   at System.Data.Query.PlanCompiler.SubqueryTrackingVisitor.VisitChildren(Node n)
   at System.Data.Query.InternalTrees.BasicOpVisitorOfNode.VisitDefault(Node n)
   at System.Data.Query.InternalTrees.BasicOpVisitorOfNode.VisitAncillaryOpDefault(AncillaryOp op, Node n)
   at System.Data.Query.InternalTrees.BasicOpVisitorOfT`1.Visit(VarDefListOp op, Node n)
   at System.Data.Query.InternalTrees.VarDefListOp.Accept[TResultType](BasicOpVisitorOfT`1 v, Node n)
   at System.Data.Query.InternalTrees.BasicOpVisitorOfT`1.VisitNode(Node n)
   at System.Data.Query.PlanCompiler.SubqueryTrackingVisitor.VisitChildren(Node n)
   at System.Data.Query.PlanCompiler.SubqueryTrackingVisitor.VisitRelOpDefault(RelOp op, Node n)
   at System.Data.Query.PlanCompiler.PreProcessor.Visit(ProjectOp op, Node n)
   at System.Data.Query.InternalTrees.ProjectOp.Accept[TResultType](BasicOpVisitorOfT`1 v, Node n)
   at System.Data.Query.InternalTrees.BasicOpVisitorOfT`1.VisitNode(Node n)
   at System.Data.Query.PlanCompiler.SubqueryTrackingVisitor.VisitChildren(Node n)
   at System.Data.Query.InternalTrees.BasicOpVisitorOfNode.VisitDefault(Node n)
   at System.Data.Query.InternalTrees.BasicOpVisitorOfNode.VisitPhysicalOpDefault(PhysicalOp op, Node n)
   at System.Data.Query.InternalTrees.BasicOpVisitorOfT`1.Visit(PhysicalProjectOp op, Node n)
   at System.Data.Query.InternalTrees.PhysicalProjectOp.Accept[TResultType](BasicOpVisitorOfT`1 v, Node n)
   at System.Data.Query.InternalTrees.BasicOpVisitorOfT`1.VisitNode(Node n)
   at System.Data.Query.PlanCompiler.PreProcessor.Process(Dictionary`2& tvfResultKeys)
   at System.Data.Query.PlanCompiler.PreProcessor.Process(PlanCompiler planCompilerState, StructuredTypeInfo& typeInfo, Dictionary`2& tvfResultKeys)
   at System.Data.Query.PlanCompiler.PlanCompiler.Compile(List`1& providerCommands, ColumnMap& resultColumnMap, Int32& columnCount, Set`1& entitySets)
   at System.Data.EntityClient.EntityCommandDefinition..ctor(DbProviderFactory storeProviderFactory, DbCommandTree commandTree)</STACKTRACE></INNEREXCEPTION>


----------------------------------------
----------------------------------------
Timestamp: 10/09/2016 05:32:17 ص

Category: TayaIT.Enterprise.EMadbatah.DAL.UserHelper.GetUserByID(33)  - Priority: -1 - Title:An error occurred while preparing the command definition. See the inner exception for details.

Message: <SOURCE>System.Data.Entity</SOURCE><STACKTRACE>   at System.Data.EntityClient.EntityCommandDefinition..ctor(DbProviderFactory storeProviderFactory, DbCommandTree commandTree)
   at System.Data.EntityClient.EntityProviderServices.CreateCommandDefinition(DbProviderFactory storeProviderFactory, DbCommandTree commandTree)
   at System.Data.EntityClient.EntityProviderServices.CreateDbCommandDefinition(DbProviderManifest providerManifest, DbCommandTree commandTree)
   at System.Data.Common.DbProviderServices.CreateCommandDefinition(DbCommandTree commandTree)
   at System.Data.Objects.Internal.ObjectQueryExecutionPlan.Prepare(ObjectContext context, DbQueryCommandTree tree, Type elementType, MergeOption mergeOption, Span span, ReadOnlyCollection`1 compiledQueryParameters, AliasGenerator aliasGenerator)
   at System.Data.Objects.ELinq.ELinqQueryState.GetExecutionPlan(Nullable`1 forMergeOption)
   at System.Data.Objects.ObjectQuery`1.GetResults(Nullable`1 forMergeOption)
   at System.Data.Objects.ObjectQuery`1.System.Collections.Generic.IEnumerable<T>.GetEnumerator()
   at System.Linq.Enumerable.FirstOrDefault[TSource](IEnumerable`1 source)
   at System.Data.Objects.ELinq.ObjectQueryProvider.<>c__11`1.<GetElementFunction>b__11_1(IEnumerable`1 sequence)
   at System.Data.Objects.ELinq.ObjectQueryProvider.ExecuteSingle[TResult](IEnumerable`1 query, Expression queryRoot)
   at System.Data.Objects.ELinq.ObjectQueryProvider.System.Linq.IQueryProvider.Execute[S](Expression expression)
   at System.Linq.Queryable.FirstOrDefault[TSource](IQueryable`1 source, Expression`1 predicate)
   at TayaIT.Enterprise.EMadbatah.DAL.UserHelper.GetUserByID(Int64 userID) in E:\Dina\10-9\Emadbatah\TayaIT.Enterprise.EMadbatah.DAL\UserHelper.cs:line 159</STACKTRACE>
<INNEREXCEPTION><INNERMESSAGE>
EMadbatahEntities.msl(3,4) : error 3027: No mapping specified for the following EntitySet/AssociationSet - CommitteeAttendants.</INNERMESSAGE><SOURCE>System.Data.Entity</SOURCE><STACKTRACE>   at System.Data.Mapping.StorageMappingItemCollection.ViewDictionary.SerializedGenerateViews(StorageEntityContainerMapping entityContainerMap, Dictionary`2 resultDictionary)
   at System.Data.Mapping.StorageMappingItemCollection.ViewDictionary.SerializedGetGeneratedViews(EntityContainer container)
   at System.Data.Common.Utils.Memoizer`2.<>c__DisplayClass4_0.<Evaluate>b__0()
   at System.Data.Common.Utils.Memoizer`2.Result.GetValue()
   at System.Data.Common.Utils.Memoizer`2.Evaluate(TArg arg)
   at System.Data.Mapping.StorageMappingItemCollection.ViewDictionary.GetGeneratedView(EntitySetBase extent, MetadataWorkspace workspace, StorageMappingItemCollection storageMappingItemCollection)
   at System.Data.Metadata.Edm.MetadataWorkspace.GetGeneratedView(EntitySetBase extent)
   at System.Data.Query.PlanCompiler.PreProcessor.ExpandView(Node node, ScanTableOp scanTableOp, IsOfOp& typeFilter)
   at System.Data.Query.PlanCompiler.PreProcessor.ProcessScanTable(Node scanTableNode, ScanTableOp scanTableOp, IsOfOp& typeFilter)
   at System.Data.Query.PlanCompiler.PreProcessor.Visit(ScanTableOp op, Node n)
   at System.Data.Query.InternalTrees.ScanTableOp.Accept[TResultType](BasicOpVisitorOfT`1 v, Node n)
   at System.Data.Query.InternalTrees.BasicOpVisitorOfT`1.VisitNode(Node n)
   at System.Data.Query.PlanCompiler.SubqueryTrackingVisitor.VisitChildren(Node n)
   at System.Data.Query.PlanCompiler.SubqueryTrackingVisitor.VisitRelOpDefault(RelOp op, Node n)
   at System.Data.Query.PlanCompiler.PreProcessor.Visit(FilterOp op, Node n)
   at System.Data.Query.InternalTrees.FilterOp.Accept[TResultType](BasicOpVisitorOfT`1 v, Node n)
   at System.Data.Query.InternalTrees.BasicOpVisitorOfT`1.VisitNode(Node n)
   at System.Data.Query.PlanCompiler.SubqueryTrackingVisitor.VisitChildren(Node n)
   at System.Data.Query.PlanCompiler.SubqueryTrackingVisitor.VisitRelOpDefault(RelOp op, Node n)
   at System.Data.Query.InternalTrees.BasicOpVisitorOfT`1.VisitSortOp(SortBaseOp op, Node n)
   at System.Data.Query.InternalTrees.BasicOpVisitorOfT`1.Visit(ConstrainedSortOp op, Node n)
   at System.Data.Query.InternalTrees.ConstrainedSortOp.Accept[TResultType](BasicOpVisitorOfT`1 v, Node n)
   at System.Data.Query.InternalTrees.BasicOpVisitorOfT`1.VisitNode(Node n)
   at System.Data.Query.PlanCompiler.SubqueryTrackingVisitor.VisitChildren(Node n)
   at System.Data.Query.InternalTrees.BasicOpVisitorOfNode.VisitDefault(Node n)
   at System.Data.Query.InternalTrees.BasicOpVisitorOfNode.VisitPhysicalOpDefault(PhysicalOp op, Node n)
   at System.Data.Query.InternalTrees.BasicOpVisitorOfT`1.Visit(PhysicalProjectOp op, Node n)
   at System.Data.Query.InternalTrees.PhysicalProjectOp.Accept[TResultType](BasicOpVisitorOfT`1 v, Node n)
   at System.Data.Query.InternalTrees.BasicOpVisitorOfT`1.VisitNode(Node n)
   at System.Data.Query.PlanCompiler.PreProcessor.Process(Dictionary`2& tvfResultKeys)
   at System.Data.Query.PlanCompiler.PreProcessor.Process(PlanCompiler planCompilerState, StructuredTypeInfo& typeInfo, Dictionary`2& tvfResultKeys)
   at System.Data.Query.PlanCompiler.PlanCompiler.Compile(List`1& providerCommands, ColumnMap& resultColumnMap, Int32& columnCount, Set`1& entitySets)
   at System.Data.EntityClient.EntityCommandDefinition..ctor(DbProviderFactory storeProviderFactory, DbCommandTree commandTree)</STACKTRACE></INNEREXCEPTION>


----------------------------------------
----------------------------------------
Timestamp: 10/09/2016 05:32:45 ص

Category: TayaIT.Enterprise.EMadbatah.DAL.UserHelper.GetUserByID(33)  - Priority: -1 - Title:An error occurred while preparing the command definition. See the inner exception for details.

Message: <SOURCE>System.Data.Entity</SOURCE><STACKTRACE>   at System.Data.EntityClient.EntityCommandDefinition..ctor(DbProviderFactory storeProviderFactory, DbCommandTree commandTree)
   at System.Data.EntityClient.EntityProviderServices.CreateCommandDefinition(DbProviderFactory storeProviderFactory, DbCommandTree commandTree)
   at System.Data.EntityClient.EntityProviderServices.CreateDbCommandDefinition(DbProviderManifest providerManifest, DbCommandTree commandTree)
   at System.Data.Common.DbProviderServices.CreateCommandDefinition(DbCommandTree commandTree)
   at System.Data.Objects.Internal.ObjectQueryExecutionPlan.Prepare(ObjectContext context, DbQueryCommandTree tree, Type elementType, MergeOption mergeOption, Span span, ReadOnlyCollection`1 compiledQueryParameters, AliasGenerator aliasGenerator)
   at System.Data.Objects.ELinq.ELinqQueryState.GetExecutionPlan(Nullable`1 forMergeOption)
   at System.Data.Objects.ObjectQuery`1.GetResults(Nullable`1 forMergeOption)
   at System.Data.Objects.ObjectQuery`1.System.Collections.Generic.IEnumerable<T>.GetEnumerator()
   at System.Linq.Enumerable.FirstOrDefault[TSource](IEnumerable`1 source)
   at System.Data.Objects.ELinq.ObjectQueryProvider.<>c__11`1.<GetElementFunction>b__11_1(IEnumerable`1 sequence)
   at System.Data.Objects.ELinq.ObjectQueryProvider.ExecuteSingle[TResult](IEnumerable`1 query, Expression queryRoot)
   at System.Data.Objects.ELinq.ObjectQueryProvider.System.Linq.IQueryProvider.Execute[S](Expression expression)
   at System.Linq.Queryable.FirstOrDefault[TSource](IQueryable`1 source, Expression`1 predicate)
   at TayaIT.Enterprise.EMadbatah.DAL.UserHelper.GetUserByID(Int64 userID) in E:\Dina\10-9\Emadbatah\TayaIT.Enterprise.EMadbatah.DAL\UserHelper.cs:line 159</STACKTRACE>
<INNEREXCEPTION><INNERMESSAGE>
EMadbatahEntities.msl(3,4) : error 3027: No mapping specified for the following EntitySet/AssociationSet - CommitteeAttendants.</INNERMESSAGE><SOURCE>System.Data.Entity</SOURCE><STACKTRACE>   at System.Data.Mapping.StorageMappingItemCollection.ViewDictionary.SerializedGenerateViews(StorageEntityContainerMapping entityContainerMap, Dictionary`2 resultDictionary)
   at System.Data.Mapping.StorageMappingItemCollection.ViewDictionary.SerializedGetGeneratedViews(EntityContainer container)
   at System.Data.Common.Utils.Memoizer`2.<>c__DisplayClass4_0.<Evaluate>b__0()
   at System.Data.Common.Utils.Memoizer`2.Result.GetValue()
   at System.Data.Common.Utils.Memoizer`2.Evaluate(TArg arg)
   at System.Data.Mapping.StorageMappingItemCollection.ViewDictionary.GetGeneratedView(EntitySetBase extent, MetadataWorkspace workspace, StorageMappingItemCollection storageMappingItemCollection)
   at System.Data.Metadata.Edm.MetadataWorkspace.GetGeneratedView(EntitySetBase extent)
   at System.Data.Query.PlanCompiler.PreProcessor.ExpandView(Node node, ScanTableOp scanTableOp, IsOfOp& typeFilter)
   at System.Data.Query.PlanCompiler.PreProcessor.ProcessScanTable(Node scanTableNode, ScanTableOp scanTableOp, IsOfOp& typeFilter)
   at System.Data.Query.PlanCompiler.PreProcessor.Visit(ScanTableOp op, Node n)
   at System.Data.Query.InternalTrees.ScanTableOp.Accept[TResultType](BasicOpVisitorOfT`1 v, Node n)
   at System.Data.Query.InternalTrees.BasicOpVisitorOfT`1.VisitNode(Node n)
   at System.Data.Query.PlanCompiler.SubqueryTrackingVisitor.VisitChildren(Node n)
   at System.Data.Query.PlanCompiler.SubqueryTrackingVisitor.VisitRelOpDefault(RelOp op, Node n)
   at System.Data.Query.PlanCompiler.PreProcessor.Visit(FilterOp op, Node n)
   at System.Data.Query.InternalTrees.FilterOp.Accept[TResultType](BasicOpVisitorOfT`1 v, Node n)
   at System.Data.Query.InternalTrees.BasicOpVisitorOfT`1.VisitNode(Node n)
   at System.Data.Query.PlanCompiler.SubqueryTrackingVisitor.VisitChildren(Node n)
   at System.Data.Query.PlanCompiler.SubqueryTrackingVisitor.VisitRelOpDefault(RelOp op, Node n)
   at System.Data.Query.InternalTrees.BasicOpVisitorOfT`1.VisitSortOp(SortBaseOp op, Node n)
   at System.Data.Query.InternalTrees.BasicOpVisitorOfT`1.Visit(ConstrainedSortOp op, Node n)
   at System.Data.Query.InternalTrees.ConstrainedSortOp.Accept[TResultType](BasicOpVisitorOfT`1 v, Node n)
   at System.Data.Query.InternalTrees.BasicOpVisitorOfT`1.VisitNode(Node n)
   at System.Data.Query.PlanCompiler.SubqueryTrackingVisitor.VisitChildren(Node n)
   at System.Data.Query.InternalTrees.BasicOpVisitorOfNode.VisitDefault(Node n)
   at System.Data.Query.InternalTrees.BasicOpVisitorOfNode.VisitPhysicalOpDefault(PhysicalOp op, Node n)
   at System.Data.Query.InternalTrees.BasicOpVisitorOfT`1.Visit(PhysicalProjectOp op, Node n)
   at System.Data.Query.InternalTrees.PhysicalProjectOp.Accept[TResultType](BasicOpVisitorOfT`1 v, Node n)
   at System.Data.Query.InternalTrees.BasicOpVisitorOfT`1.VisitNode(Node n)
   at System.Data.Query.PlanCompiler.PreProcessor.Process(Dictionary`2& tvfResultKeys)
   at System.Data.Query.PlanCompiler.PreProcessor.Process(PlanCompiler planCompilerState, StructuredTypeInfo& typeInfo, Dictionary`2& tvfResultKeys)
   at System.Data.Query.PlanCompiler.PlanCompiler.Compile(List`1& providerCommands, ColumnMap& resultColumnMap, Int32& columnCount, Set`1& entitySets)
   at System.Data.EntityClient.EntityCommandDefinition..ctor(DbProviderFactory storeProviderFactory, DbCommandTree commandTree)</STACKTRACE></INNEREXCEPTION>


----------------------------------------
----------------------------------------
Timestamp: 10/09/2016 05:32:59 ص

Category: TayaIT.Enterprise.EMadbatah.DAL.UserHelper.GetUserByID(33)  - Priority: -1 - Title:An error occurred while preparing the command definition. See the inner exception for details.

Message: <SOURCE>System.Data.Entity</SOURCE><STACKTRACE>   at System.Data.EntityClient.EntityCommandDefinition..ctor(DbProviderFactory storeProviderFactory, DbCommandTree commandTree)
   at System.Data.EntityClient.EntityProviderServices.CreateCommandDefinition(DbProviderFactory storeProviderFactory, DbCommandTree commandTree)
   at System.Data.EntityClient.EntityProviderServices.CreateDbCommandDefinition(DbProviderManifest providerManifest, DbCommandTree commandTree)
   at System.Data.Common.DbProviderServices.CreateCommandDefinition(DbCommandTree commandTree)
   at System.Data.Objects.Internal.ObjectQueryExecutionPlan.Prepare(ObjectContext context, DbQueryCommandTree tree, Type elementType, MergeOption mergeOption, Span span, ReadOnlyCollection`1 compiledQueryParameters, AliasGenerator aliasGenerator)
   at System.Data.Objects.ELinq.ELinqQueryState.GetExecutionPlan(Nullable`1 forMergeOption)
   at System.Data.Objects.ObjectQuery`1.GetResults(Nullable`1 forMergeOption)
   at System.Data.Objects.ObjectQuery`1.System.Collections.Generic.IEnumerable<T>.GetEnumerator()
   at System.Linq.Enumerable.FirstOrDefault[TSource](IEnumerable`1 source)
   at System.Data.Objects.ELinq.ObjectQueryProvider.<>c__11`1.<GetElementFunction>b__11_1(IEnumerable`1 sequence)
   at System.Data.Objects.ELinq.ObjectQueryProvider.ExecuteSingle[TResult](IEnumerable`1 query, Expression queryRoot)
   at System.Data.Objects.ELinq.ObjectQueryProvider.System.Linq.IQueryProvider.Execute[S](Expression expression)
   at System.Linq.Queryable.FirstOrDefault[TSource](IQueryable`1 source, Expression`1 predicate)
   at TayaIT.Enterprise.EMadbatah.DAL.UserHelper.GetUserByID(Int64 userID) in E:\Dina\10-9\Emadbatah\TayaIT.Enterprise.EMadbatah.DAL\UserHelper.cs:line 159</STACKTRACE>
<INNEREXCEPTION><INNERMESSAGE>
EMadbatahEntities.msl(3,4) : error 3027: No mapping specified for the following EntitySet/AssociationSet - CommitteeAttendants.</INNERMESSAGE><SOURCE>System.Data.Entity</SOURCE><STACKTRACE>   at System.Data.Mapping.StorageMappingItemCollection.ViewDictionary.SerializedGenerateViews(StorageEntityContainerMapping entityContainerMap, Dictionary`2 resultDictionary)
   at System.Data.Mapping.StorageMappingItemCollection.ViewDictionary.SerializedGetGeneratedViews(EntityContainer container)
   at System.Data.Common.Utils.Memoizer`2.<>c__DisplayClass4_0.<Evaluate>b__0()
   at System.Data.Common.Utils.Memoizer`2.Result.GetValue()
   at System.Data.Common.Utils.Memoizer`2.Evaluate(TArg arg)
   at System.Data.Mapping.StorageMappingItemCollection.ViewDictionary.GetGeneratedView(EntitySetBase extent, MetadataWorkspace workspace, StorageMappingItemCollection storageMappingItemCollection)
   at System.Data.Metadata.Edm.MetadataWorkspace.GetGeneratedView(EntitySetBase extent)
   at System.Data.Query.PlanCompiler.PreProcessor.ExpandView(Node node, ScanTableOp scanTableOp, IsOfOp& typeFilter)
   at System.Data.Query.PlanCompiler.PreProcessor.ProcessScanTable(Node scanTableNode, ScanTableOp scanTableOp, IsOfOp& typeFilter)
   at System.Data.Query.PlanCompiler.PreProcessor.Visit(ScanTableOp op, Node n)
   at System.Data.Query.InternalTrees.ScanTableOp.Accept[TResultType](BasicOpVisitorOfT`1 v, Node n)
   at System.Data.Query.InternalTrees.BasicOpVisitorOfT`1.VisitNode(Node n)
   at System.Data.Query.PlanCompiler.SubqueryTrackingVisitor.VisitChildren(Node n)
   at System.Data.Query.PlanCompiler.SubqueryTrackingVisitor.VisitRelOpDefault(RelOp op, Node n)
   at System.Data.Query.PlanCompiler.PreProcessor.Visit(FilterOp op, Node n)
   at System.Data.Query.InternalTrees.FilterOp.Accept[TResultType](BasicOpVisitorOfT`1 v, Node n)
   at System.Data.Query.InternalTrees.BasicOpVisitorOfT`1.VisitNode(Node n)
   at System.Data.Query.PlanCompiler.SubqueryTrackingVisitor.VisitChildren(Node n)
   at System.Data.Query.PlanCompiler.SubqueryTrackingVisitor.VisitRelOpDefault(RelOp op, Node n)
   at System.Data.Query.InternalTrees.BasicOpVisitorOfT`1.VisitSortOp(SortBaseOp op, Node n)
   at System.Data.Query.InternalTrees.BasicOpVisitorOfT`1.Visit(ConstrainedSortOp op, Node n)
   at System.Data.Query.InternalTrees.ConstrainedSortOp.Accept[TResultType](BasicOpVisitorOfT`1 v, Node n)
   at System.Data.Query.InternalTrees.BasicOpVisitorOfT`1.VisitNode(Node n)
   at System.Data.Query.PlanCompiler.SubqueryTrackingVisitor.VisitChildren(Node n)
   at System.Data.Query.InternalTrees.BasicOpVisitorOfNode.VisitDefault(Node n)
   at System.Data.Query.InternalTrees.BasicOpVisitorOfNode.VisitPhysicalOpDefault(PhysicalOp op, Node n)
   at System.Data.Query.InternalTrees.BasicOpVisitorOfT`1.Visit(PhysicalProjectOp op, Node n)
   at System.Data.Query.InternalTrees.PhysicalProjectOp.Accept[TResultType](BasicOpVisitorOfT`1 v, Node n)
   at System.Data.Query.InternalTrees.BasicOpVisitorOfT`1.VisitNode(Node n)
   at System.Data.Query.PlanCompiler.PreProcessor.Process(Dictionary`2& tvfResultKeys)
   at System.Data.Query.PlanCompiler.PreProcessor.Process(PlanCompiler planCompilerState, StructuredTypeInfo& typeInfo, Dictionary`2& tvfResultKeys)
   at System.Data.Query.PlanCompiler.PlanCompiler.Compile(List`1& providerCommands, ColumnMap& resultColumnMap, Int32& columnCount, Set`1& entitySets)
   at System.Data.EntityClient.EntityCommandDefinition..ctor(DbProviderFactory storeProviderFactory, DbCommandTree commandTree)</STACKTRACE></INNEREXCEPTION>


----------------------------------------
