----------------------------------------
Timestamp: 7/14/2016 4:24:42 PM

Category: TayaIT.Enterprise.EMadbatah.DAL.SessionContentItemHelper.AddNewSessionContentItem(138,151,653)  - Priority: -1 - Title:An error occurred while updating the entries. See the inner exception for details.

Message: <SOURCE>System.Data.Entity</SOURCE><STACKTRACE>   at System.Data.Mapping.Update.Internal.UpdateTranslator.Update(IEntityStateManager stateManager, IEntityAdapter adapter)
   at System.Data.EntityClient.EntityAdapter.Update(IEntityStateManager entityCache)
   at System.Data.Objects.ObjectContext.SaveChanges(SaveOptions options)
   at System.Data.Objects.ObjectContext.SaveChanges()
   at TayaIT.Enterprise.EMadbatah.DAL.SessionContentItemHelper.AddNewSessionContentItem(Int64 sessionFileID, Int64 sessionID, String item_text, Int32 attendantID, Int32 agendaItemID, Nullable`1 agendaSubItemID, Int64 userID, Int32 statusID, String commentOnText, String commentOnAttendant, String footer, Nullable`1 mergedWithPrev, Int32 fragmentOrderInXML, Single startTime, Single endTime, Single duration, Boolean ignored, Nullable`1 attachID, Nullable`1 voteID, Int32 isSessionPresident) in E:\KNA-Emabdatah\KNA-Emadbatah\TayaIT.Enterprise.EMadbatah.DAL\SessionContentItemHelper.cs:line 72</STACKTRACE>
<INNEREXCEPTION><INNERMESSAGE>The INSERT statement conflicted with the FOREIGN KEY constraint "FK_SessionContentItem_Attendant". The conflict occurred in database "Emadbatah", table "dbo.Attendant", column 'ID'.
The statement has been terminated.</INNERMESSAGE><SOURCE>.Net SqlClient Data Provider</SOURCE><STACKTRACE>   at System.Data.SqlClient.SqlConnection.OnError(SqlException exception, Boolean breakConnection)
   at System.Data.SqlClient.SqlInternalConnection.OnError(SqlException exception, Boolean breakConnection)
   at System.Data.SqlClient.TdsParser.ThrowExceptionAndWarning()
   at System.Data.SqlClient.TdsParser.Run(RunBehavior runBehavior, SqlCommand cmdHandler, SqlDataReader dataStream, BulkCopySimpleResultSet bulkCopyHandler, TdsParserStateObject stateObj)
   at System.Data.SqlClient.SqlDataReader.ConsumeMetaData()
   at System.Data.SqlClient.SqlDataReader.get_MetaData()
   at System.Data.SqlClient.SqlCommand.FinishExecuteReader(SqlDataReader ds, RunBehavior runBehavior, String resetOptionsString)
   at System.Data.SqlClient.SqlCommand.RunExecuteReaderTds(CommandBehavior cmdBehavior, RunBehavior runBehavior, Boolean returnStream, Boolean async)
   at System.Data.SqlClient.SqlCommand.RunExecuteReader(CommandBehavior cmdBehavior, RunBehavior runBehavior, Boolean returnStream, String method, DbAsyncResult result)
   at System.Data.SqlClient.SqlCommand.RunExecuteReader(CommandBehavior cmdBehavior, RunBehavior runBehavior, Boolean returnStream, String method)
   at System.Data.SqlClient.SqlCommand.ExecuteReader(CommandBehavior behavior, String method)
   at System.Data.SqlClient.SqlCommand.ExecuteDbDataReader(CommandBehavior behavior)
   at System.Data.Common.DbCommand.ExecuteReader(CommandBehavior behavior)
   at System.Data.Mapping.Update.Internal.DynamicUpdateCommand.Execute(UpdateTranslator translator, EntityConnection connection, Dictionary`2 identifierValues, List`1 generatedValues)
   at System.Data.Mapping.Update.Internal.UpdateTranslator.Update(IEntityStateManager stateManager, IEntityAdapter adapter)</STACKTRACE></INNEREXCEPTION>


----------------------------------------
----------------------------------------
Timestamp: 7/14/2016 4:39:21 PM

Category: TayaIT.Enterprise.EMadbatah.DAL.SessionContentItemHelper.AddNewSessionContentItem(138,151,653)  - Priority: -1 - Title:An error occurred while updating the entries. See the inner exception for details.

Message: <SOURCE>System.Data.Entity</SOURCE><STACKTRACE>   at System.Data.Mapping.Update.Internal.UpdateTranslator.Update(IEntityStateManager stateManager, IEntityAdapter adapter)
   at System.Data.EntityClient.EntityAdapter.Update(IEntityStateManager entityCache)
   at System.Data.Objects.ObjectContext.SaveChanges(SaveOptions options)
   at System.Data.Objects.ObjectContext.SaveChanges()
   at TayaIT.Enterprise.EMadbatah.DAL.SessionContentItemHelper.AddNewSessionContentItem(Int64 sessionFileID, Int64 sessionID, String item_text, Int32 attendantID, Int32 agendaItemID, Nullable`1 agendaSubItemID, Int64 userID, Int32 statusID, String commentOnText, String commentOnAttendant, String footer, Nullable`1 mergedWithPrev, Int32 fragmentOrderInXML, Single startTime, Single endTime, Single duration, Boolean ignored, Nullable`1 attachID, Nullable`1 voteID, Int32 isSessionPresident) in E:\KNA-Emabdatah\KNA-Emadbatah\TayaIT.Enterprise.EMadbatah.DAL\SessionContentItemHelper.cs:line 72</STACKTRACE>
<INNEREXCEPTION><INNERMESSAGE>The INSERT statement conflicted with the FOREIGN KEY constraint "FK_SessionContentItem_Attendant". The conflict occurred in database "Emadbatah", table "dbo.Attendant", column 'ID'.
The statement has been terminated.</INNERMESSAGE><SOURCE>.Net SqlClient Data Provider</SOURCE><STACKTRACE>   at System.Data.SqlClient.SqlConnection.OnError(SqlException exception, Boolean breakConnection)
   at System.Data.SqlClient.SqlInternalConnection.OnError(SqlException exception, Boolean breakConnection)
   at System.Data.SqlClient.TdsParser.ThrowExceptionAndWarning()
   at System.Data.SqlClient.TdsParser.Run(RunBehavior runBehavior, SqlCommand cmdHandler, SqlDataReader dataStream, BulkCopySimpleResultSet bulkCopyHandler, TdsParserStateObject stateObj)
   at System.Data.SqlClient.SqlDataReader.ConsumeMetaData()
   at System.Data.SqlClient.SqlDataReader.get_MetaData()
   at System.Data.SqlClient.SqlCommand.FinishExecuteReader(SqlDataReader ds, RunBehavior runBehavior, String resetOptionsString)
   at System.Data.SqlClient.SqlCommand.RunExecuteReaderTds(CommandBehavior cmdBehavior, RunBehavior runBehavior, Boolean returnStream, Boolean async)
   at System.Data.SqlClient.SqlCommand.RunExecuteReader(CommandBehavior cmdBehavior, RunBehavior runBehavior, Boolean returnStream, String method, DbAsyncResult result)
   at System.Data.SqlClient.SqlCommand.RunExecuteReader(CommandBehavior cmdBehavior, RunBehavior runBehavior, Boolean returnStream, String method)
   at System.Data.SqlClient.SqlCommand.ExecuteReader(CommandBehavior behavior, String method)
   at System.Data.SqlClient.SqlCommand.ExecuteDbDataReader(CommandBehavior behavior)
   at System.Data.Common.DbCommand.ExecuteReader(CommandBehavior behavior)
   at System.Data.Mapping.Update.Internal.DynamicUpdateCommand.Execute(UpdateTranslator translator, EntityConnection connection, Dictionary`2 identifierValues, List`1 generatedValues)
   at System.Data.Mapping.Update.Internal.UpdateTranslator.Update(IEntityStateManager stateManager, IEntityAdapter adapter)</STACKTRACE></INNEREXCEPTION>


----------------------------------------
----------------------------------------
Timestamp: 7/14/2016 5:34:32 PM

Category: TayaIT.Enterprise.EMadbatah.DAL.AttendantHelper.GetUnknownAttendantId(151)  - Priority: -1 - Title:Value cannot be null.
Parameter name: entity

Message: <SOURCE>System.Data.Entity</SOURCE><STACKTRACE>   at System.Data.Objects.DataClasses.EntityCollection`1.Add(TEntity entity)
   at TayaIT.Enterprise.EMadbatah.DAL.AttendantHelper.AddNewSessionAttendant(Attendant attendant, Int64 SessionID, Int64& AttendantID) in E:\KNA-Emabdatah\KNA-Emadbatah\TayaIT.Enterprise.EMadbatah.DAL\AttendantHelper.cs:line 384</STACKTRACE>


----------------------------------------
----------------------------------------
Timestamp: 7/14/2016 5:34:33 PM

Category: TayaIT.Enterprise.EMadbatah.DAL.SessionContentItemHelper.AddNewSessionContentItem(138,151,653)  - Priority: -1 - Title:An error occurred while updating the entries. See the inner exception for details.

Message: <SOURCE>System.Data.Entity</SOURCE><STACKTRACE>   at System.Data.Mapping.Update.Internal.UpdateTranslator.Update(IEntityStateManager stateManager, IEntityAdapter adapter)
   at System.Data.EntityClient.EntityAdapter.Update(IEntityStateManager entityCache)
   at System.Data.Objects.ObjectContext.SaveChanges(SaveOptions options)
   at System.Data.Objects.ObjectContext.SaveChanges()
   at TayaIT.Enterprise.EMadbatah.DAL.SessionContentItemHelper.AddNewSessionContentItem(Int64 sessionFileID, Int64 sessionID, String item_text, Int32 attendantID, Int32 agendaItemID, Nullable`1 agendaSubItemID, Int64 userID, Int32 statusID, String commentOnText, String commentOnAttendant, String footer, Nullable`1 mergedWithPrev, Int32 fragmentOrderInXML, Single startTime, Single endTime, Single duration, Boolean ignored, Nullable`1 attachID, Nullable`1 voteID, Int32 isSessionPresident) in E:\KNA-Emabdatah\KNA-Emadbatah\TayaIT.Enterprise.EMadbatah.DAL\SessionContentItemHelper.cs:line 72</STACKTRACE>
<INNEREXCEPTION><INNERMESSAGE>The INSERT statement conflicted with the FOREIGN KEY constraint "FK_SessionContentItem_Attendant". The conflict occurred in database "Emadbatah", table "dbo.Attendant", column 'ID'.
The statement has been terminated.</INNERMESSAGE><SOURCE>.Net SqlClient Data Provider</SOURCE><STACKTRACE>   at System.Data.SqlClient.SqlConnection.OnError(SqlException exception, Boolean breakConnection)
   at System.Data.SqlClient.SqlInternalConnection.OnError(SqlException exception, Boolean breakConnection)
   at System.Data.SqlClient.TdsParser.ThrowExceptionAndWarning()
   at System.Data.SqlClient.TdsParser.Run(RunBehavior runBehavior, SqlCommand cmdHandler, SqlDataReader dataStream, BulkCopySimpleResultSet bulkCopyHandler, TdsParserStateObject stateObj)
   at System.Data.SqlClient.SqlDataReader.ConsumeMetaData()
   at System.Data.SqlClient.SqlDataReader.get_MetaData()
   at System.Data.SqlClient.SqlCommand.FinishExecuteReader(SqlDataReader ds, RunBehavior runBehavior, String resetOptionsString)
   at System.Data.SqlClient.SqlCommand.RunExecuteReaderTds(CommandBehavior cmdBehavior, RunBehavior runBehavior, Boolean returnStream, Boolean async)
   at System.Data.SqlClient.SqlCommand.RunExecuteReader(CommandBehavior cmdBehavior, RunBehavior runBehavior, Boolean returnStream, String method, DbAsyncResult result)
   at System.Data.SqlClient.SqlCommand.RunExecuteReader(CommandBehavior cmdBehavior, RunBehavior runBehavior, Boolean returnStream, String method)
   at System.Data.SqlClient.SqlCommand.ExecuteReader(CommandBehavior behavior, String method)
   at System.Data.SqlClient.SqlCommand.ExecuteDbDataReader(CommandBehavior behavior)
   at System.Data.Common.DbCommand.ExecuteReader(CommandBehavior behavior)
   at System.Data.Mapping.Update.Internal.DynamicUpdateCommand.Execute(UpdateTranslator translator, EntityConnection connection, Dictionary`2 identifierValues, List`1 generatedValues)
   at System.Data.Mapping.Update.Internal.UpdateTranslator.Update(IEntityStateManager stateManager, IEntityAdapter adapter)</STACKTRACE></INNEREXCEPTION>


----------------------------------------
----------------------------------------
Timestamp: 7/14/2016 5:36:42 PM

Category: TayaIT.Enterprise.EMadbatah.DAL.AttendantHelper.GetUnknownAttendantId(151)  - Priority: -1 - Title:Value cannot be null.
Parameter name: entity

Message: <SOURCE>System.Data.Entity</SOURCE><STACKTRACE>   at System.Data.Objects.DataClasses.EntityCollection`1.Add(TEntity entity)
   at TayaIT.Enterprise.EMadbatah.DAL.AttendantHelper.AddNewSessionAttendant(Attendant attendant, Int64 SessionID, Int64& AttendantID) in E:\KNA-Emabdatah\KNA-Emadbatah\TayaIT.Enterprise.EMadbatah.DAL\AttendantHelper.cs:line 384</STACKTRACE>


----------------------------------------
----------------------------------------
Timestamp: 7/14/2016 5:36:42 PM

Category: TayaIT.Enterprise.EMadbatah.DAL.SessionContentItemHelper.AddNewSessionContentItem(138,151,653)  - Priority: -1 - Title:An error occurred while updating the entries. See the inner exception for details.

Message: <SOURCE>System.Data.Entity</SOURCE><STACKTRACE>   at System.Data.Mapping.Update.Internal.UpdateTranslator.Update(IEntityStateManager stateManager, IEntityAdapter adapter)
   at System.Data.EntityClient.EntityAdapter.Update(IEntityStateManager entityCache)
   at System.Data.Objects.ObjectContext.SaveChanges(SaveOptions options)
   at System.Data.Objects.ObjectContext.SaveChanges()
   at TayaIT.Enterprise.EMadbatah.DAL.SessionContentItemHelper.AddNewSessionContentItem(Int64 sessionFileID, Int64 sessionID, String item_text, Int32 attendantID, Int32 agendaItemID, Nullable`1 agendaSubItemID, Int64 userID, Int32 statusID, String commentOnText, String commentOnAttendant, String footer, Nullable`1 mergedWithPrev, Int32 fragmentOrderInXML, Single startTime, Single endTime, Single duration, Boolean ignored, Nullable`1 attachID, Nullable`1 voteID, Int32 isSessionPresident) in E:\KNA-Emabdatah\KNA-Emadbatah\TayaIT.Enterprise.EMadbatah.DAL\SessionContentItemHelper.cs:line 72</STACKTRACE>
<INNEREXCEPTION><INNERMESSAGE>The INSERT statement conflicted with the FOREIGN KEY constraint "FK_SessionContentItem_Attendant". The conflict occurred in database "Emadbatah", table "dbo.Attendant", column 'ID'.
The statement has been terminated.</INNERMESSAGE><SOURCE>.Net SqlClient Data Provider</SOURCE><STACKTRACE>   at System.Data.SqlClient.SqlConnection.OnError(SqlException exception, Boolean breakConnection)
   at System.Data.SqlClient.SqlInternalConnection.OnError(SqlException exception, Boolean breakConnection)
   at System.Data.SqlClient.TdsParser.ThrowExceptionAndWarning()
   at System.Data.SqlClient.TdsParser.Run(RunBehavior runBehavior, SqlCommand cmdHandler, SqlDataReader dataStream, BulkCopySimpleResultSet bulkCopyHandler, TdsParserStateObject stateObj)
   at System.Data.SqlClient.SqlDataReader.ConsumeMetaData()
   at System.Data.SqlClient.SqlDataReader.get_MetaData()
   at System.Data.SqlClient.SqlCommand.FinishExecuteReader(SqlDataReader ds, RunBehavior runBehavior, String resetOptionsString)
   at System.Data.SqlClient.SqlCommand.RunExecuteReaderTds(CommandBehavior cmdBehavior, RunBehavior runBehavior, Boolean returnStream, Boolean async)
   at System.Data.SqlClient.SqlCommand.RunExecuteReader(CommandBehavior cmdBehavior, RunBehavior runBehavior, Boolean returnStream, String method, DbAsyncResult result)
   at System.Data.SqlClient.SqlCommand.RunExecuteReader(CommandBehavior cmdBehavior, RunBehavior runBehavior, Boolean returnStream, String method)
   at System.Data.SqlClient.SqlCommand.ExecuteReader(CommandBehavior behavior, String method)
   at System.Data.SqlClient.SqlCommand.ExecuteDbDataReader(CommandBehavior behavior)
   at System.Data.Common.DbCommand.ExecuteReader(CommandBehavior behavior)
   at System.Data.Mapping.Update.Internal.DynamicUpdateCommand.Execute(UpdateTranslator translator, EntityConnection connection, Dictionary`2 identifierValues, List`1 generatedValues)
   at System.Data.Mapping.Update.Internal.UpdateTranslator.Update(IEntityStateManager stateManager, IEntityAdapter adapter)</STACKTRACE></INNEREXCEPTION>


----------------------------------------
----------------------------------------
Timestamp: 7/14/2016 5:37:32 PM

Category: TayaIT.Enterprise.EMadbatah.DAL.AttendantHelper.GetUnknownAttendantId(151)  - Priority: -1 - Title:Value cannot be null.
Parameter name: entity

Message: <SOURCE>System.Data.Entity</SOURCE><STACKTRACE>   at System.Data.Objects.DataClasses.EntityCollection`1.Add(TEntity entity)
   at TayaIT.Enterprise.EMadbatah.DAL.AttendantHelper.AddNewSessionAttendant(Attendant attendant, Int64 SessionID, Int64& AttendantID) in E:\KNA-Emabdatah\KNA-Emadbatah\TayaIT.Enterprise.EMadbatah.DAL\AttendantHelper.cs:line 384</STACKTRACE>


----------------------------------------
----------------------------------------
Timestamp: 7/14/2016 5:37:32 PM

Category: TayaIT.Enterprise.EMadbatah.DAL.SessionContentItemHelper.AddNewSessionContentItem(138,151,653)  - Priority: -1 - Title:An error occurred while updating the entries. See the inner exception for details.

Message: <SOURCE>System.Data.Entity</SOURCE><STACKTRACE>   at System.Data.Mapping.Update.Internal.UpdateTranslator.Update(IEntityStateManager stateManager, IEntityAdapter adapter)
   at System.Data.EntityClient.EntityAdapter.Update(IEntityStateManager entityCache)
   at System.Data.Objects.ObjectContext.SaveChanges(SaveOptions options)
   at System.Data.Objects.ObjectContext.SaveChanges()
   at TayaIT.Enterprise.EMadbatah.DAL.SessionContentItemHelper.AddNewSessionContentItem(Int64 sessionFileID, Int64 sessionID, String item_text, Int32 attendantID, Int32 agendaItemID, Nullable`1 agendaSubItemID, Int64 userID, Int32 statusID, String commentOnText, String commentOnAttendant, String footer, Nullable`1 mergedWithPrev, Int32 fragmentOrderInXML, Single startTime, Single endTime, Single duration, Boolean ignored, Nullable`1 attachID, Nullable`1 voteID, Int32 isSessionPresident) in E:\KNA-Emabdatah\KNA-Emadbatah\TayaIT.Enterprise.EMadbatah.DAL\SessionContentItemHelper.cs:line 72</STACKTRACE>
<INNEREXCEPTION><INNERMESSAGE>The INSERT statement conflicted with the FOREIGN KEY constraint "FK_SessionContentItem_Attendant". The conflict occurred in database "Emadbatah", table "dbo.Attendant", column 'ID'.
The statement has been terminated.</INNERMESSAGE><SOURCE>.Net SqlClient Data Provider</SOURCE><STACKTRACE>   at System.Data.SqlClient.SqlConnection.OnError(SqlException exception, Boolean breakConnection)
   at System.Data.SqlClient.SqlInternalConnection.OnError(SqlException exception, Boolean breakConnection)
   at System.Data.SqlClient.TdsParser.ThrowExceptionAndWarning()
   at System.Data.SqlClient.TdsParser.Run(RunBehavior runBehavior, SqlCommand cmdHandler, SqlDataReader dataStream, BulkCopySimpleResultSet bulkCopyHandler, TdsParserStateObject stateObj)
   at System.Data.SqlClient.SqlDataReader.ConsumeMetaData()
   at System.Data.SqlClient.SqlDataReader.get_MetaData()
   at System.Data.SqlClient.SqlCommand.FinishExecuteReader(SqlDataReader ds, RunBehavior runBehavior, String resetOptionsString)
   at System.Data.SqlClient.SqlCommand.RunExecuteReaderTds(CommandBehavior cmdBehavior, RunBehavior runBehavior, Boolean returnStream, Boolean async)
   at System.Data.SqlClient.SqlCommand.RunExecuteReader(CommandBehavior cmdBehavior, RunBehavior runBehavior, Boolean returnStream, String method, DbAsyncResult result)
   at System.Data.SqlClient.SqlCommand.RunExecuteReader(CommandBehavior cmdBehavior, RunBehavior runBehavior, Boolean returnStream, String method)
   at System.Data.SqlClient.SqlCommand.ExecuteReader(CommandBehavior behavior, String method)
   at System.Data.SqlClient.SqlCommand.ExecuteDbDataReader(CommandBehavior behavior)
   at System.Data.Common.DbCommand.ExecuteReader(CommandBehavior behavior)
   at System.Data.Mapping.Update.Internal.DynamicUpdateCommand.Execute(UpdateTranslator translator, EntityConnection connection, Dictionary`2 identifierValues, List`1 generatedValues)
   at System.Data.Mapping.Update.Internal.UpdateTranslator.Update(IEntityStateManager stateManager, IEntityAdapter adapter)</STACKTRACE></INNEREXCEPTION>


----------------------------------------
