----------------------------------------
Timestamp: 01/05/2016 10:00:01 م

Category: TayaIT.Enterprise.EMadbatah.BLL.MabatahCreatorFacade.CreateMadbatahBody(98,/test/98/body.docx)  - Priority: -1 - Title:Id conflicts with the Id of an existing relationship.
Parameter name: id

Message: <SOURCE>DocumentFormat.OpenXml</SOURCE><STACKTRACE>   at DocumentFormat.OpenXml.Packaging.OpenXmlPartContainer.AddNewPartInternal[T](String contentType, String id)
   at DocumentFormat.OpenXml.Packaging.OpenXmlPartContainer.AddNewPart[T](String contentType, String id)
   at TayaIT.Enterprise.EMadbatah.OpenXml.Word.ImageWriter.AddImage(Body body, MainDocumentPart mainpart, String filename, String SigId) in E:\28_4\TayaIT.Enterprise.EMadbatah.OpenXml.Word\ImageWriter.cs:line 57
   at TayaIT.Enterprise.EMadbatah.BLL.MabatahCreatorFacade.CreateMadbatahBody(Int64 sessionID, String outFilePath, String SessionWorkingDir, String ServerMapPath, SessionDetails details, List`1& index, List`1& speakersIndex) in E:\28_4\TayaIT.Enterprise.EMadbatah.BLL\MabatahCreatorFacade.cs:line 509</STACKTRACE>


----------------------------------------
----------------------------------------
Timestamp: 01/05/2016 10:00:18 م

Category: TayaIT.Enterprise.EMadbatah.BLL.MabatahCreatorFacade.CreateMadbatah(98,/test/98/)  - Priority: -1 - Title:Madbatah Body Creation Failed.

Message: <SOURCE>TayaIT.Enterprise.EMadbatah.BLL</SOURCE><STACKTRACE>   at TayaIT.Enterprise.EMadbatah.BLL.MabatahCreatorFacade.CreateMadbatah(Int64 sessionID, String SessionWorkingDir, String ServerMapPath) in E:\28_4\TayaIT.Enterprise.EMadbatah.BLL\MabatahCreatorFacade.cs:line 56</STACKTRACE>


----------------------------------------
----------------------------------------
Timestamp: 01/05/2016 10:02:20 م

Category: TayaIT.Enterprise.EMadbatah.BLL.MabatahCreatorFacade.CreateMadbatahBody(98,/test/98/body.docx)  - Priority: -1 - Title:Cannot access part because parent package was closed.

Message: <SOURCE>WindowsBase</SOURCE><STACKTRACE>   at System.IO.Packaging.PackagePart.ThrowIfParentContainerClosed()
   at System.IO.Packaging.PackagePart.GetStream(FileMode mode)
   at DocumentFormat.OpenXml.Packaging.OpenXmlPart.GetStream(FileMode mode)
   at DocumentFormat.OpenXml.OpenXmlPartRootElement.SaveToPart(OpenXmlPart openXmlPart)
   at DocumentFormat.OpenXml.OpenXmlPartRootElement.Save()
   at TayaIT.Enterprise.EMadbatah.OpenXml.Word.WordprocessingWorker.Save() in E:\28_4\TayaIT.Enterprise.EMadbatah.OpenXml.Word\WordprocessingWorker.cs:line 696
   at TayaIT.Enterprise.EMadbatah.OpenXml.Word.WordprocessingWorker.AddParagraph(String paragraphText, ParagraphStyle paragraphType, ParagrapJustification textDirection, Boolean appendFootNote, String footNoteText) in E:\28_4\TayaIT.Enterprise.EMadbatah.OpenXml.Word\WordprocessingWorker.cs:line 682
   at TayaIT.Enterprise.EMadbatah.BLL.MabatahCreatorFacade.CreateMadbatahBody(Int64 sessionID, String outFilePath, String SessionWorkingDir, String ServerMapPath, SessionDetails details, List`1& index, List`1& speakersIndex) in E:\28_4\TayaIT.Enterprise.EMadbatah.BLL\MabatahCreatorFacade.cs:line 562</STACKTRACE>


----------------------------------------
----------------------------------------
Timestamp: 01/05/2016 10:02:25 م

Category: TayaIT.Enterprise.EMadbatah.BLL.MabatahCreatorFacade.CreateMadbatah(98,/test/98/)  - Priority: -1 - Title:Madbatah Body Creation Failed.

Message: <SOURCE>TayaIT.Enterprise.EMadbatah.BLL</SOURCE><STACKTRACE>   at TayaIT.Enterprise.EMadbatah.BLL.MabatahCreatorFacade.CreateMadbatah(Int64 sessionID, String SessionWorkingDir, String ServerMapPath) in E:\28_4\TayaIT.Enterprise.EMadbatah.BLL\MabatahCreatorFacade.cs:line 56</STACKTRACE>


----------------------------------------
