----------------------------------------
Timestamp: 6/6/2016 1:46:39 PM

Category: TayaIT.Enterprise.EMadbatah.BLL.MabatahCreatorFacade.CreateMadbatah(140,/test/140/)  - Priority: -1 - Title:Could not find file '/test/140/coverDoc.docx'.

Message: <SOURCE>mscorlib</SOURCE><STACKTRACE>   at System.IO.__Error.WinIOError(Int32 errorCode, String maybeFullPath)
   at System.IO.File.InternalCopy(String sourceFileName, String destFileName, Boolean overwrite)
   at System.IO.File.Copy(String sourceFileName, String destFileName, Boolean overwrite)
   at TayaIT.Enterprise.EMadbatah.BLL.MabatahCreatorFacade.CreateMadbatah(Int64 sessionID, String SessionWorkingDir, String ServerMapPath) in E:\KNA-Emabdatah\KNA-Emadbatah\TayaIT.Enterprise.EMadbatah.BLL\MabatahCreatorFacade.cs:line 65</STACKTRACE>


----------------------------------------
----------------------------------------
Timestamp: 6/6/2016 1:51:34 PM

Category: approve session  - Priority: -1 - Title:b4 send mail

Message: b4 send mail

----------------------------------------
----------------------------------------
Timestamp: 6/6/2016 1:51:35 PM

Category: approve session  - Priority: -1 - Title:after send mail

Message: after send mail

----------------------------------------
----------------------------------------
Timestamp: 6/6/2016 1:51:35 PM

Category: approve session  - Priority: -1 - Title:thread1

Message: thread1

----------------------------------------
----------------------------------------
Timestamp: 6/6/2016 1:51:35 PM

Category: approve session  - Priority: -1 - Title:start thread

Message: start thread

----------------------------------------
----------------------------------------
Timestamp: 6/6/2016 1:56:00 PM

Category: TayaIT.Enterprise.EMadbatah.Util.Web.MailUtility.SendMail()  - Priority: -1 - Title:The SMTP server requires a secure connection or the client was not authenticated. The server response was: 5.5.1 Authentication Required. Learn more at

Message: <SOURCE>System</SOURCE><STACKTRACE>   at System.Net.Mail.MailCommand.CheckResponse(SmtpStatusCode statusCode, String response)
   at System.Net.Mail.MailCommand.Send(SmtpConnection conn, Byte[] command, String from)
   at System.Net.Mail.SmtpTransport.SendMail(MailAddress sender, MailAddressCollection recipients, String deliveryNotify, SmtpFailedRecipientException& exception)
   at System.Net.Mail.SmtpClient.Send(MailMessage message)
   at TayaIT.Enterprise.EMadbatah.Util.Web.MailUtility.SendMail(Email email) in E:\KNA-Emabdatah\KNA-Emadbatah\TayaIT.Enterprise.EMadbatah.Util.Web\MailUtility.cs:line 53</STACKTRACE>


----------------------------------------
----------------------------------------
Timestamp: 6/6/2016 3:46:10 PM

Category: TayaIT.Enterprise.EMadbatah.Util.Web.MailUtility.SendMail()  - Priority: -1 - Title:The SMTP server requires a secure connection or the client was not authenticated. The server response was: 5.5.1 Authentication Required. Learn more at

Message: <SOURCE>System</SOURCE><STACKTRACE>   at System.Net.Mail.MailCommand.CheckResponse(SmtpStatusCode statusCode, String response)
   at System.Net.Mail.MailCommand.Send(SmtpConnection conn, Byte[] command, String from)
   at System.Net.Mail.SmtpTransport.SendMail(MailAddress sender, MailAddressCollection recipients, String deliveryNotify, SmtpFailedRecipientException& exception)
   at System.Net.Mail.SmtpClient.Send(MailMessage message)
   at TayaIT.Enterprise.EMadbatah.Util.Web.MailUtility.SendMail(Email email) in E:\KNA-Emabdatah\KNA-Emadbatah\TayaIT.Enterprise.EMadbatah.Util.Web\MailUtility.cs:line 53</STACKTRACE>


----------------------------------------
----------------------------------------
Timestamp: 6/6/2016 4:10:30 PM

Category: TayaIT.Enterprise.EMadbatah.DAL.SessionHelper.GetSessionsCount()  - Priority: -1 - Title:An error occurred while reading from the store provider's data reader. See the inner exception for details.

Message: <SOURCE>System.Data.Entity</SOURCE><STACKTRACE>   at System.Data.Common.Internal.Materialization.Shaper`1.StoreRead()
   at System.Data.Common.Internal.Materialization.Shaper`1.SimpleEnumerator.MoveNext()
   at System.Collections.Generic.List`1..ctor(IEnumerable`1 collection)
   at System.Linq.Enumerable.ToList[TSource](IEnumerable`1 source)
   at TayaIT.Enterprise.EMadbatah.DAL.SessionHelper.GetSessionsCount(Int32 statusCode, Boolean checkEquality) in E:\KNA-Emabdatah\KNA-Emadbatah\TayaIT.Enterprise.EMadbatah.DAL\SessionHelper.cs:line 973</STACKTRACE>
<INNEREXCEPTION><INNERMESSAGE>Timeout expired.  The timeout period elapsed prior to completion of the operation or the server is not responding.</INNERMESSAGE><SOURCE>.Net SqlClient Data Provider</SOURCE><STACKTRACE>   at System.Data.SqlClient.SqlConnection.OnError(SqlException exception, Boolean breakConnection)
   at System.Data.SqlClient.SqlInternalConnection.OnError(SqlException exception, Boolean breakConnection)
   at System.Data.SqlClient.TdsParser.ThrowExceptionAndWarning()
   at System.Data.SqlClient.TdsParser.Run(RunBehavior runBehavior, SqlCommand cmdHandler, SqlDataReader dataStream, BulkCopySimpleResultSet bulkCopyHandler, TdsParserStateObject stateObj)
   at System.Data.SqlClient.SqlDataReader.HasMoreRows()
   at System.Data.SqlClient.SqlDataReader.ReadInternal(Boolean setTimeout)
   at System.Data.SqlClient.SqlDataReader.Read()
   at System.Data.Common.Internal.Materialization.Shaper`1.StoreRead()</STACKTRACE></INNEREXCEPTION>


----------------------------------------
----------------------------------------
Timestamp: 6/6/2016 4:15:39 PM

Category: approve session  - Priority: -1 - Title:b4 send mail

Message: b4 send mail

----------------------------------------
----------------------------------------
Timestamp: 6/6/2016 4:15:40 PM

Category: approve session  - Priority: -1 - Title:after send mail

Message: after send mail

----------------------------------------
----------------------------------------
Timestamp: 6/6/2016 4:15:40 PM

Category: approve session  - Priority: -1 - Title:thread1

Message: thread1

----------------------------------------
----------------------------------------
Timestamp: 6/6/2016 4:15:40 PM

Category: approve session  - Priority: -1 - Title:start thread

Message: start thread

----------------------------------------
----------------------------------------
Timestamp: 6/6/2016 4:20:38 PM

Category: TayaIT.Enterprise.EMadbatah.Util.Web.MailUtility.SendMail()  - Priority: -1 - Title:The SMTP server requires a secure connection or the client was not authenticated. The server response was: 5.5.1 Authentication Required. Learn more at

Message: <SOURCE>System</SOURCE><STACKTRACE>   at System.Net.Mail.MailCommand.CheckResponse(SmtpStatusCode statusCode, String response)
   at System.Net.Mail.MailCommand.Send(SmtpConnection conn, Byte[] command, String from)
   at System.Net.Mail.SmtpTransport.SendMail(MailAddress sender, MailAddressCollection recipients, String deliveryNotify, SmtpFailedRecipientException& exception)
   at System.Net.Mail.SmtpClient.Send(MailMessage message)
   at TayaIT.Enterprise.EMadbatah.Util.Web.MailUtility.SendMail(Email email) in E:\KNA-Emabdatah\KNA-Emadbatah\TayaIT.Enterprise.EMadbatah.Util.Web\MailUtility.cs:line 53</STACKTRACE>


----------------------------------------
